Log file open, 05/12/23 22:31:49
LogWindows: Failed to load 'aqProf.dll' (GetLastError=126)
LogWindows: File 'aqProf.dll' does not exist
LogWindows: Failed to load 'VtuneApi.dll' (GetLastError=126)
LogWindows: File 'VtuneApi.dll' does not exist
LogWindows: Failed to load 'VtuneApi32e.dll' (GetLastError=126)
LogWindows: File 'VtuneApi32e.dll' does not exist
LogConsoleResponse: Display: Failed to find resolution value strings in scalability ini. Falling back to default.
LogConsoleResponse: Display: Failed to find resolution value strings in scalability ini. Falling back to default.
LogInit: Display: Running engine for game: JamRunner
LogPlatformFile: Not using cached read wrapper
LogTaskGraph: Started task graph with 5 named threads and 47 total threads with 3 sets of task threads.
LogStats: Stats thread started at 0.820706
LogICUInternationalization: ICU TimeZone Detection - Raw Offset: +3:00, Platform Override: ''
LogInit: Display: Loading text-based GConfig....
LogPluginManager: Mounting plugin MeshPainting
LogPluginManager: Mounting plugin XGEController
LogPluginManager: Mounting plugin AISupport
LogPluginManager: Mounting plugin Paper2D
LogPluginManager: Mounting plugin LightPropagationVolume
LogPluginManager: Mounting plugin EnvironmentQueryEditor
LogPluginManager: Mounting plugin CameraShakePreviewer
LogPluginManager: Mounting plugin LiveLink
LogPluginManager: Mounting plugin OodleData
LogPluginManager: Mounting plugin GameplayCameras
LogPluginManager: Mounting plugin OodleNetwork
LogPluginManager: Mounting plugin CodeLiteSourceCodeAccess
LogPluginManager: Mounting plugin CLionSourceCodeAccess
LogPluginManager: Mounting plugin KDevelopSourceCodeAccess
LogPluginManager: Mounting plugin AnimationSharing
LogPluginManager: Mounting plugin NullSourceCodeAccess
LogPluginManager: Mounting plugin GitSourceControl
LogPluginManager: Mounting plugin PluginUtils
LogPluginManager: Mounting plugin PixWinPlugin
LogPluginManager: Mounting plugin PlasticSourceControl
LogPluginManager: Mounting plugin PerforceSourceControl
LogPluginManager: Mounting plugin PropertyAccessNode
LogPluginManager: Mounting plugin RiderSourceCodeAccess
LogPluginManager: Mounting plugin SubversionSourceControl
LogPluginManager: Mounting plugin VisualStudioSourceCodeAccess
LogPluginManager: Mounting plugin UObjectPlugin
LogPluginManager: Mounting plugin TextureFormatOodle
LogPluginManager: Mounting plugin XCodeSourceCodeAccess
LogPluginManager: Mounting plugin VisualStudioCodeSourceCodeAccess
LogPluginManager: Mounting plugin DatasmithContent
LogPluginManager: Mounting plugin AssetManagerEditor
LogPluginManager: Mounting plugin VariantManagerContent
LogPluginManager: Mounting plugin CurveEditorTools
LogPluginManager: Mounting plugin FacialAnimation
LogPluginManager: Mounting plugin MacGraphicsSwitching
LogPluginManager: Mounting plugin GeometryMode
LogPluginManager: Mounting plugin DataValidation
LogPluginManager: Mounting plugin CryptoKeys
LogPluginManager: Mounting plugin MaterialAnalyzer
LogPluginManager: Mounting plugin GameplayTagsEditor
LogPluginManager: Mounting plugin PluginBrowser
LogPluginManager: Mounting plugin MobileLauncherProfileWizard
LogPluginManager: Mounting plugin SpeedTreeImporter
LogPluginManager: Mounting plugin Niagara
LogPluginManager: Mounting plugin AlembicImporter
LogPluginManager: Mounting plugin ChaosClothEditor
LogPluginManager: Mounting plugin BackChannel
LogPluginManager: Mounting plugin AutomationUtils
LogPluginManager: Mounting plugin ChaosCloth
LogPluginManager: Mounting plugin ChaosNiagara
LogPluginManager: Mounting plugin CharacterAI
LogPluginManager: Mounting plugin ChaosEditor
LogPluginManager: Mounting plugin ChaosSolverPlugin
LogPluginManager: Mounting plugin LuminPlatformFeatures
LogPluginManager: Mounting plugin MagicLeap
LogPluginManager: Mounting plugin MagicLeapMedia
LogPluginManager: Mounting plugin MagicLeapPassableWorld
LogPluginManager: Mounting plugin MLSDK
LogPluginManager: Mounting plugin MagicLeapLightEstimation
LogPluginManager: Mounting plugin AndroidMedia
LogPluginManager: Mounting plugin AvfMedia
LogPluginManager: Mounting plugin ImgMedia
LogPluginManager: Mounting plugin MediaCompositing
LogPluginManager: Mounting plugin WmfMedia
LogPluginManager: Mounting plugin WebMMedia
LogPluginManager: Mounting plugin GeometryCollectionPlugin
LogPluginManager: Mounting plugin MediaPlayerEditor
LogPluginManager: Mounting plugin GeometryCache
LogPluginManager: Mounting plugin GeometryProcessing
LogPluginManager: Mounting plugin MotoSynth
LogPluginManager: Mounting plugin OpenImageDenoise
LogPluginManager: Mounting plugin PlanarCut
LogPluginManager: Mounting plugin PlatformCrypto
LogPluginManager: Mounting plugin ProxyLODPlugin
LogPluginManager: Mounting plugin PythonScriptPlugin
LogPluginManager: Mounting plugin SkeletalReduction
LogPluginManager: Mounting plugin TcpMessaging
LogPluginManager: Mounting plugin UdpMessaging
LogPluginManager: Mounting plugin ActorSequence
LogPluginManager: Mounting plugin LevelSequenceEditor
LogPluginManager: Mounting plugin MatineeToLevelSequence
LogPluginManager: Mounting plugin TemplateSequence
LogPluginManager: Mounting plugin OnlineSubsystem
LogPluginManager: Mounting plugin OnlineSubsystemNull
LogPluginManager: Mounting plugin LauncherChunkInstaller
LogPluginManager: Mounting plugin OnlineSubsystemUtils
LogPluginManager: Mounting plugin ActorLayerUtilities
LogPluginManager: Mounting plugin AndroidDeviceProfileSelector
LogPluginManager: Mounting plugin AndroidMoviePlayer
LogPluginManager: Mounting plugin AndroidPermission
LogPluginManager: Mounting plugin AppleImageUtils
LogPluginManager: Mounting plugin AudioSynesthesia
LogPluginManager: Mounting plugin ArchVisCharacter
LogPluginManager: Mounting plugin CableComponent
LogPluginManager: Mounting plugin AppleMoviePlayer
LogPluginManager: Mounting plugin ChunkDownloader
LogPluginManager: Mounting plugin AssetTags
LogPluginManager: Mounting plugin AudioCapture
LogPluginManager: Mounting plugin CustomMeshComponent
LogPluginManager: Mounting plugin EditableMesh
LogPluginManager: Mounting plugin ExampleDeviceProfileSelector
LogPluginManager: Mounting plugin GoogleCloudMessaging
LogPluginManager: Mounting plugin GooglePAD
LogPluginManager: Mounting plugin LinuxDeviceProfileSelector
LogPluginManager: Mounting plugin ScreenshotTools
LogPluginManager: Mounting plugin LocationServicesBPLibrary
LogPluginManager: Mounting plugin IOSDeviceProfileSelector
LogPluginManager: Mounting plugin MobilePatchingUtils
LogPluginManager: Mounting plugin OpenXR
LogPluginManager: Mounting plugin OpenXREyeTracker
LogPluginManager: Mounting plugin Takes
LogPluginManager: Mounting plugin OpenXRHandTracking
LogPluginManager: Mounting plugin PostSplashScreen
LogPluginManager: Mounting plugin PhysXVehicles
LogPluginManager: Mounting plugin PropertyAccessEditor
LogPluginManager: Mounting plugin SignificanceManager
LogPluginManager: Mounting plugin ProceduralMeshComponent
LogPluginManager: Mounting plugin RuntimePhysXCooking
LogPluginManager: Mounting plugin Synthesis
LogPluginManager: Mounting plugin SoundFields
LogPluginManager: Mounting plugin WebMMoviePlayer
LogPluginManager: Mounting plugin WindowsMoviePlayer
LogPluginManager: Mounting plugin ContentBrowserAssetDataSource
LogPluginManager: Mounting plugin ContentBrowserClassDataSource
LogPluginManager: Mounting plugin ContentBrowserFileDataSource
LogPluginManager: Mounting plugin OnlineSubsystemGooglePlay
LogPluginManager: Mounting plugin OnlineSubsystemIOS
LogPluginManager: Mounting plugin OculusVR
LogPluginManager: Mounting plugin SteamVR
PixWinPlugin: PIX capture plugin failed to initialize! Check that the process is launched from PIX.
LogInit: Using libcurl 7.55.1-DEV
LogInit:  - built for x86_64-pc-win32
LogInit:  - supports SSL with OpenSSL/1.1.1
LogInit:  - supports HTTP deflate (compression) using libz 1.2.8
LogInit:  - other features:
LogInit:      CURL_VERSION_SSL
LogInit:      CURL_VERSION_LIBZ
LogInit:      CURL_VERSION_IPV6
LogInit:      CURL_VERSION_ASYNCHDNS
LogInit:      CURL_VERSION_LARGEFILE
LogInit:      CURL_VERSION_IDN
LogInit:  CurlRequestOptions (configurable via config and command line):
LogInit:  - bVerifyPeer = true  - Libcurl will verify peer certificate
LogInit:  - bUseHttpProxy = false  - Libcurl will NOT use HTTP proxy
LogInit:  - bDontReuseConnections = false  - Libcurl will reuse connections
LogInit:  - MaxHostConnections = 16  - Libcurl will limit the number of connections to a host
LogInit:  - LocalHostAddr = Default
LogInit:  - BufferSize = 65536
LogOnline: OSS: Creating online subsystem instance for: NULL
LogInit: WinSock: version 1.1 (2.2), MaxSocks=32767, MaxUdp=65467
LogOnline: OSS: TryLoadSubsystemAndSetDefault: Loaded subsystem for module [NULL]
LogOculusPluginWrapper: OculusPlugin initialized successfully
LogHMD: Failed initializing OVRPlugin 1.59.0
LogInit: Build: ++UE4+Release-4.27-CL-18319896
LogInit: Engine Version: 4.27.2-18319896+++UE4+Release-4.27
LogInit: Compatible Engine Version: 4.27.0-17155196+++UE4+Release-4.27
LogInit: Net CL: 17155196
LogInit: OS: Windows 10 (Release 2009) (), CPU: AMD Ryzen 7 3800X 8-Core Processor             , GPU: NVIDIA GeForce RTX 2070 SUPER
LogInit: Compiled (64-bit): Nov 30 2021 07:12:08
LogInit: Compiled with Visual C++: 19.24.28315.00
LogInit: Build Configuration: Development
LogInit: Branch Name: ++UE4+Release-4.27
LogInit: Command Line: 
LogInit: Base Directory: C:/Program Files/Epic Games/UE_4.27/Engine/Binaries/Win64/
LogInit: Allocator: TBB
LogInit: Installed Engine Build: 1
LogDevObjectVersion: Number of dev versions registered: 29
LogDevObjectVersion:   Dev-Blueprints (B0D832E4-1F89-4F0D-ACCF-7EB736FD4AA2): 10
LogDevObjectVersion:   Dev-Build (E1C64328-A22C-4D53-A36C-8E866417BD8C): 0
LogDevObjectVersion:   Dev-Core (375EC13C-06E4-48FB-B500-84F0262A717E): 4
LogDevObjectVersion:   Dev-Editor (E4B068ED-F494-42E9-A231-DA0B2E46BB41): 40
LogDevObjectVersion:   Dev-Framework (CFFC743F-43B0-4480-9391-14DF171D2073): 37
LogDevObjectVersion:   Dev-Mobile (B02B49B5-BB20-44E9-A304-32B752E40360): 3
LogDevObjectVersion:   Dev-Networking (A4E4105C-59A1-49B5-A7C5-40C4547EDFEE): 0
LogDevObjectVersion:   Dev-Online (39C831C9-5AE6-47DC-9A44-9C173E1C8E7C): 0
LogDevObjectVersion:   Dev-Physics (78F01B33-EBEA-4F98-B9B4-84EACCB95AA2): 14
LogDevObjectVersion:   Dev-Platform (6631380F-2D4D-43E0-8009-CF276956A95A): 0
LogDevObjectVersion:   Dev-Rendering (12F88B9F-8875-4AFC-A67C-D90C383ABD29): 45
LogDevObjectVersion:   Dev-Sequencer (7B5AE74C-D270-4C10-A958-57980B212A5A): 13
LogDevObjectVersion:   Dev-VR (D7296918-1DD6-4BDD-9DE2-64A83CC13884): 3
LogDevObjectVersion:   Dev-LoadTimes (C2A15278-BFE7-4AFE-6C17-90FF531DF755): 1
LogDevObjectVersion:   Private-Geometry (6EACA3D4-40EC-4CC1-B786-8BED09428FC5): 3
LogDevObjectVersion:   Dev-AnimPhys (29E575DD-E0A3-4627-9D10-D276232CDCEA): 17
LogDevObjectVersion:   Dev-Anim (AF43A65D-7FD3-4947-9873-3E8ED9C1BB05): 15
LogDevObjectVersion:   Dev-ReflectionCapture (6B266CEC-1EC7-4B8F-A30B-E4D90942FC07): 1
LogDevObjectVersion:   Dev-Automation (0DF73D61-A23F-47EA-B727-89E90C41499A): 1
LogDevObjectVersion:   FortniteMain (601D1886-AC64-4F84-AA16-D3DE0DEAC7D6): 47
LogDevObjectVersion:   FortniteRelease (E7086368-6B23-4C58-8439-1B7016265E91): 1
LogDevObjectVersion:   Dev-Enterprise (9DFFBCD6-494F-0158-E221-12823C92A888): 10
LogDevObjectVersion:   Dev-Niagara (F2AED0AC-9AFE-416F-8664-AA7FFA26D6FC): 1
LogDevObjectVersion:   Dev-Destruction (174F1F0B-B4C6-45A5-B13F-2EE8D0FB917D): 10
LogDevObjectVersion:   Dev-Physics-Ext (35F94A83-E258-406C-A318-09F59610247C): 41
LogDevObjectVersion:   Dev-PhysicsMaterial-Chaos (B68FC16E-8B1B-42E2-B453-215C058844FE): 1
LogDevObjectVersion:   Dev-CineCamera (B2E18506-4273-CFC2-A54E-F4BB758BBA07): 1
LogDevObjectVersion:   Dev-VirtualProduction (64F58936-FD1B-42BA-BA96-7289D5D0FA4E): 1
LogDevObjectVersion:   Dev-MediaFramework (6F0ED827-A609-4895-9C91-998D90180EA4): 2
LogInit: Presizing for max 25165824 objects, including 0 objects not considered by GC, pre-allocating 0 bytes for permanent pool.
LogConfig: Applying CVar settings from Section [/Script/Engine.StreamingSettings] File [D:/Git/Runner-Jam/JamRunner/Saved/Config/Windows/Engine.ini]
LogConfig: Setting CVar [[s.MinBulkDataSizeForAsyncLoading:131072]]
LogConfig: Setting CVar [[s.AsyncLoadingThreadEnabled:0]]
LogConfig: Setting CVar [[s.EventDrivenLoaderEnabled:1]]
LogConfig: Setting CVar [[s.WarnIfTimeLimitExceeded:0]]
LogConfig: Setting CVar [[s.TimeLimitExceededMultiplier:1.5]]
LogConfig: Setting CVar [[s.TimeLimitExceededMinTime:0.005]]
LogConfig: Setting CVar [[s.UseBackgroundLevelStreaming:1]]
LogConfig: Setting CVar [[s.PriorityAsyncLoadingExtraTime:15.0]]
LogConfig: Setting CVar [[s.LevelStreamingActorsUpdateTimeLimit:5.0]]
LogConfig: Setting CVar [[s.PriorityLevelStreamingActorsUpdateExtraTime:5.0]]
LogConfig: Setting CVar [[s.LevelStreamingComponentsRegistrationGranularity:10]]
LogConfig: Setting CVar [[s.UnregisterComponentsTimeLimit:1.0]]
LogConfig: Setting CVar [[s.LevelStreamingComponentsUnregistrationGranularity:5]]
LogConfig: Setting CVar [[s.FlushStreamingOnExit:1]]
LogInit: Object subsystem initialized
LogConfig: Setting CVar [[con.DebugEarlyDefault:1]]
LogConfig: Setting CVar [[r.setres:1280x720]]
[2023.05.12-19.31.50:586][  0]LogConfig: Setting CVar [[r.VSync:0]]
[2023.05.12-19.31.50:586][  0]LogConfig: Setting CVar [[r.RHICmdBypass:0]]
[2023.05.12-19.31.50:586][  0]LogConfig: Applying CVar settings from Section [/Script/Engine.RendererSettings] File [D:/Git/Runner-Jam/JamRunner/Saved/Config/Windows/Engine.ini]
[2023.05.12-19.31.50:586][  0]LogConfig: Setting CVar [[r.GPUCrashDebugging:0]]
[2023.05.12-19.31.50:586][  0]LogConfig: Applying CVar settings from Section [/Script/Engine.RendererOverrideSettings] File [D:/Git/Runner-Jam/JamRunner/Saved/Config/Windows/Engine.ini]
[2023.05.12-19.31.50:586][  0]LogConfig: Applying CVar settings from Section [/Script/Engine.StreamingSettings] File [D:/Git/Runner-Jam/JamRunner/Saved/Config/Windows/Engine.ini]
[2023.05.12-19.31.50:586][  0]LogConfig: Setting CVar [[s.MinBulkDataSizeForAsyncLoading:131072]]
[2023.05.12-19.31.50:586][  0]LogConfig: Setting CVar [[s.AsyncLoadingThreadEnabled:0]]
[2023.05.12-19.31.50:586][  0]LogConfig: Setting CVar [[s.EventDrivenLoaderEnabled:1]]
[2023.05.12-19.31.50:586][  0]LogConfig: Setting CVar [[s.WarnIfTimeLimitExceeded:0]]
[2023.05.12-19.31.50:586][  0]LogConfig: Setting CVar [[s.TimeLimitExceededMultiplier:1.5]]
[2023.05.12-19.31.50:586][  0]LogConfig: Setting CVar [[s.TimeLimitExceededMinTime:0.005]]
[2023.05.12-19.31.50:586][  0]LogConfig: Setting CVar [[s.UseBackgroundLevelStreaming:1]]
[2023.05.12-19.31.50:586][  0]LogConfig: Setting CVar [[s.PriorityAsyncLoadingExtraTime:15.0]]
[2023.05.12-19.31.50:586][  0]LogConfig: Setting CVar [[s.LevelStreamingActorsUpdateTimeLimit:5.0]]
[2023.05.12-19.31.50:586][  0]LogConfig: Setting CVar [[s.PriorityLevelStreamingActorsUpdateExtraTime:5.0]]
[2023.05.12-19.31.50:586][  0]LogConfig: Setting CVar [[s.LevelStreamingComponentsRegistrationGranularity:10]]
[2023.05.12-19.31.50:586][  0]LogConfig: Setting CVar [[s.UnregisterComponentsTimeLimit:1.0]]
[2023.05.12-19.31.50:586][  0]LogConfig: Setting CVar [[s.LevelStreamingComponentsUnregistrationGranularity:5]]
[2023.05.12-19.31.50:586][  0]LogConfig: Setting CVar [[s.FlushStreamingOnExit:1]]
[2023.05.12-19.31.50:586][  0]LogConfig: Applying CVar settings from Section [/Script/Engine.GarbageCollectionSettings] File [D:/Git/Runner-Jam/JamRunner/Saved/Config/Windows/Engine.ini]
[2023.05.12-19.31.50:586][  0]LogConfig: Setting CVar [[gc.MaxObjectsNotConsideredByGC:1]]
[2023.05.12-19.31.50:586][  0]LogConfig: Setting CVar [[gc.SizeOfPermanentObjectPool:0]]
[2023.05.12-19.31.50:586][  0]LogConfig: Setting CVar [[gc.FlushStreamingOnGC:0]]
[2023.05.12-19.31.50:586][  0]LogConfig: Setting CVar [[gc.NumRetriesBeforeForcingGC:10]]
[2023.05.12-19.31.50:586][  0]LogConfig: Setting CVar [[gc.AllowParallelGC:1]]
[2023.05.12-19.31.50:586][  0]LogConfig: Setting CVar [[gc.TimeBetweenPurgingPendingKillObjects:61.1]]
[2023.05.12-19.31.50:586][  0]LogConfig: Setting CVar [[gc.MaxObjectsInEditor:25165824]]
[2023.05.12-19.31.50:586][  0]LogConfig: Setting CVar [[gc.IncrementalBeginDestroyEnabled:1]]
[2023.05.12-19.31.50:586][  0]LogConfig: Setting CVar [[gc.CreateGCClusters:1]]
[2023.05.12-19.31.50:586][  0]LogConfig: Setting CVar [[gc.MinGCClusterSize:5]]
[2023.05.12-19.31.50:586][  0]LogConfig: Setting CVar [[gc.ActorClusteringEnabled:0]]
[2023.05.12-19.31.50:586][  0]LogConfig: Setting CVar [[gc.BlueprintClusteringEnabled:0]]
[2023.05.12-19.31.50:586][  0]LogConfig: Setting CVar [[gc.UseDisregardForGCOnDedicatedServers:0]]
[2023.05.12-19.31.50:586][  0]LogConfig: Setting CVar [[gc.MultithreadedDestructionEnabled:1]]
[2023.05.12-19.31.50:586][  0]LogConfig: Applying CVar settings from Section [/Script/Engine.NetworkSettings] File [D:/Git/Runner-Jam/JamRunner/Saved/Config/Windows/Engine.ini]
[2023.05.12-19.31.50:586][  0]LogConfig: Applying CVar settings from Section [/Script/UnrealEd.CookerSettings] File [D:/Git/Runner-Jam/JamRunner/Saved/Config/Windows/Engine.ini]
[2023.05.12-19.31.50:621][  0]LogConfig: Applying CVar settings from Section [ViewDistanceQuality@3] File [D:/Git/Runner-Jam/JamRunner/Saved/Config/Windows/Scalability.ini]
[2023.05.12-19.31.50:621][  0]LogConfig: Setting CVar [[r.SkeletalMeshLODBias:0]]
[2023.05.12-19.31.50:621][  0]LogConfig: Setting CVar [[r.ViewDistanceScale:1.0]]
[2023.05.12-19.31.50:621][  0]LogConfig: Applying CVar settings from Section [AntiAliasingQuality@3] File [D:/Git/Runner-Jam/JamRunner/Saved/Config/Windows/Scalability.ini]
[2023.05.12-19.31.50:621][  0]LogConfig: Setting CVar [[r.PostProcessAAQuality:4]]
[2023.05.12-19.31.50:621][  0]LogConfig: Applying CVar settings from Section [ShadowQuality@3] File [D:/Git/Runner-Jam/JamRunner/Saved/Config/Windows/Scalability.ini]
[2023.05.12-19.31.50:621][  0]LogConfig: Setting CVar [[r.LightFunctionQuality:1]]
[2023.05.12-19.31.50:621][  0]LogConfig: Setting CVar [[r.ShadowQuality:5]]
[2023.05.12-19.31.50:621][  0]LogConfig: Setting CVar [[r.Shadow.CSM.MaxCascades:10]]
[2023.05.12-19.31.50:621][  0]LogConfig: Setting CVar [[r.Shadow.MaxResolution:2048]]
[2023.05.12-19.31.50:621][  0]LogConfig: Setting CVar [[r.Shadow.MaxCSMResolution:2048]]
[2023.05.12-19.31.50:621][  0]LogConfig: Setting CVar [[r.Shadow.RadiusThreshold:0.01]]
[2023.05.12-19.31.50:621][  0]LogConfig: Setting CVar [[r.Shadow.DistanceScale:1.0]]
[2023.05.12-19.31.50:621][  0]LogConfig: Setting CVar [[r.Shadow.CSM.TransitionScale:1.0]]
[2023.05.12-19.31.50:621][  0]LogConfig: Setting CVar [[r.Shadow.PreShadowResolutionFactor:1.0]]
[2023.05.12-19.31.50:621][  0]LogConfig: Setting CVar [[r.DistanceFieldShadowing:1]]
[2023.05.12-19.31.50:621][  0]LogConfig: Setting CVar [[r.DistanceFieldAO:1]]
[2023.05.12-19.31.50:621][  0]LogConfig: Setting CVar [[r.AOQuality:2]]
[2023.05.12-19.31.50:621][  0]LogConfig: Setting CVar [[r.VolumetricFog:1]]
[2023.05.12-19.31.50:621][  0]LogConfig: Setting CVar [[r.VolumetricFog.GridPixelSize:8]]
[2023.05.12-19.31.50:621][  0]LogConfig: Setting CVar [[r.VolumetricFog.GridSizeZ:128]]
[2023.05.12-19.31.50:621][  0]LogConfig: Setting CVar [[r.VolumetricFog.HistoryMissSupersampleCount:4]]
[2023.05.12-19.31.50:621][  0]LogConfig: Setting CVar [[r.LightMaxDrawDistanceScale:1]]
[2023.05.12-19.31.50:621][  0]LogConfig: Setting CVar [[r.CapsuleShadows:1]]
[2023.05.12-19.31.50:621][  0]LogConfig: Applying CVar settings from Section [PostProcessQuality@3] File [D:/Git/Runner-Jam/JamRunner/Saved/Config/Windows/Scalability.ini]
[2023.05.12-19.31.50:621][  0]LogConfig: Setting CVar [[r.MotionBlurQuality:4]]
[2023.05.12-19.31.50:621][  0]LogConfig: Setting CVar [[r.AmbientOcclusionMipLevelFactor:0.4]]
[2023.05.12-19.31.50:621][  0]LogConfig: Setting CVar [[r.AmbientOcclusionMaxQuality:100]]
[2023.05.12-19.31.50:621][  0]LogConfig: Setting CVar [[r.AmbientOcclusionLevels:-1]]
[2023.05.12-19.31.50:621][  0]LogConfig: Setting CVar [[r.AmbientOcclusionRadiusScale:1.0]]
[2023.05.12-19.31.50:621][  0]LogConfig: Setting CVar [[r.DepthOfFieldQuality:2]]
[2023.05.12-19.31.50:621][  0]LogConfig: Setting CVar [[r.RenderTargetPoolMin:400]]
[2023.05.12-19.31.50:621][  0]LogConfig: Setting CVar [[r.LensFlareQuality:2]]
[2023.05.12-19.31.50:621][  0]LogConfig: Setting CVar [[r.SceneColorFringeQuality:1]]
[2023.05.12-19.31.50:621][  0]LogConfig: Setting CVar [[r.EyeAdaptationQuality:2]]
[2023.05.12-19.31.50:621][  0]LogConfig: Setting CVar [[r.BloomQuality:5]]
[2023.05.12-19.31.50:621][  0]LogConfig: Setting CVar [[r.FastBlurThreshold:100]]
[2023.05.12-19.31.50:621][  0]LogConfig: Setting CVar [[r.Upscale.Quality:3]]
[2023.05.12-19.31.50:621][  0]LogConfig: Setting CVar [[r.Tonemapper.GrainQuantization:1]]
[2023.05.12-19.31.50:621][  0]LogConfig: Setting CVar [[r.LightShaftQuality:1]]
[2023.05.12-19.31.50:621][  0]LogConfig: Setting CVar [[r.Filter.SizeScale:1]]
[2023.05.12-19.31.50:621][  0]LogConfig: Setting CVar [[r.Tonemapper.Quality:5]]
[2023.05.12-19.31.50:621][  0]LogConfig: Setting CVar [[r.DOF.Gather.AccumulatorQuality:1        ; higher gathering accumulator quality]]
[2023.05.12-19.31.50:621][  0]LogConfig: Setting CVar [[r.DOF.Gather.PostfilterMethod:1          ; Median3x3 postfilering method]]
[2023.05.12-19.31.50:621][  0]LogConfig: Setting CVar [[r.DOF.Gather.EnableBokehSettings:0       ; no bokeh simulation when gathering]]
[2023.05.12-19.31.50:621][  0]LogConfig: Setting CVar [[r.DOF.Gather.RingCount:4                 ; medium number of samples when gathering]]
[2023.05.12-19.31.50:621][  0]LogConfig: Setting CVar [[r.DOF.Scatter.ForegroundCompositing:1    ; additive foreground scattering]]
[2023.05.12-19.31.50:621][  0]LogConfig: Setting CVar [[r.DOF.Scatter.BackgroundCompositing:2    ; additive background scattering]]
[2023.05.12-19.31.50:621][  0]LogConfig: Setting CVar [[r.DOF.Scatter.EnableBokehSettings:1      ; bokeh simulation when scattering]]
[2023.05.12-19.31.50:621][  0]LogConfig: Setting CVar [[r.DOF.Scatter.MaxSpriteRatio:0.1         ; only a maximum of 10% of scattered bokeh]]
[2023.05.12-19.31.50:621][  0]LogConfig: Setting CVar [[r.DOF.Recombine.Quality:1                ; cheap slight out of focus]]
[2023.05.12-19.31.50:621][  0]LogConfig: Setting CVar [[r.DOF.Recombine.EnableBokehSettings:0    ; no bokeh simulation on slight out of focus]]
[2023.05.12-19.31.50:621][  0]LogConfig: Setting CVar [[r.DOF.TemporalAAQuality:1                ; more stable temporal accumulation]]
[2023.05.12-19.31.50:621][  0]LogConfig: Setting CVar [[r.DOF.Kernel.MaxForegroundRadius:0.025]]
[2023.05.12-19.31.50:621][  0]LogConfig: Setting CVar [[r.DOF.Kernel.MaxBackgroundRadius:0.025]]
[2023.05.12-19.31.50:621][  0]LogConfig: Applying CVar settings from Section [TextureQuality@3] File [D:/Git/Runner-Jam/JamRunner/Saved/Config/Windows/Scalability.ini]
[2023.05.12-19.31.50:621][  0]LogConfig: Setting CVar [[r.Streaming.MipBias:0]]
[2023.05.12-19.31.50:621][  0]LogConfig: Setting CVar [[r.Streaming.AmortizeCPUToGPUCopy:0]]
[2023.05.12-19.31.50:621][  0]LogConfig: Setting CVar [[r.Streaming.MaxNumTexturesToStreamPerFrame:0]]
[2023.05.12-19.31.50:621][  0]LogConfig: Setting CVar [[r.Streaming.Boost:1]]
[2023.05.12-19.31.50:621][  0]LogConfig: Setting CVar [[r.MaxAnisotropy:8]]
[2023.05.12-19.31.50:621][  0]LogConfig: Setting CVar [[r.VT.MaxAnisotropy:8]]
[2023.05.12-19.31.50:621][  0]LogConfig: Setting CVar [[r.Streaming.LimitPoolSizeToVRAM:0]]
[2023.05.12-19.31.50:621][  0]LogConfig: Setting CVar [[r.Streaming.PoolSize:1000]]
[2023.05.12-19.31.50:621][  0]LogConfig: Setting CVar [[r.Streaming.MaxEffectiveScreenSize:0]]
[2023.05.12-19.31.50:621][  0]LogConfig: Applying CVar settings from Section [EffectsQuality@3] File [D:/Git/Runner-Jam/JamRunner/Saved/Config/Windows/Scalability.ini]
[2023.05.12-19.31.50:621][  0]LogConfig: Setting CVar [[r.TranslucencyLightingVolumeDim:64]]
[2023.05.12-19.31.50:621][  0]LogConfig: Setting CVar [[r.RefractionQuality:2]]
[2023.05.12-19.31.50:621][  0]LogConfig: Setting CVar [[r.SSR.Quality:3]]
[2023.05.12-19.31.50:621][  0]LogConfig: Setting CVar [[r.SSR.HalfResSceneColor:0]]
[2023.05.12-19.31.50:621][  0]LogConfig: Setting CVar [[r.SceneColorFormat:4]]
[2023.05.12-19.31.50:621][  0]LogConfig: Setting CVar [[r.DetailMode:2]]
[2023.05.12-19.31.50:621][  0]LogConfig: Setting CVar [[r.TranslucencyVolumeBlur:1]]
[2023.05.12-19.31.50:621][  0]LogConfig: Setting CVar [[r.MaterialQualityLevel:1 ; High quality]]
[2023.05.12-19.31.50:621][  0]LogConfig: Setting CVar [[r.AnisotropicMaterials:1]]
[2023.05.12-19.31.50:621][  0]LogConfig: Setting CVar [[r.SSS.Scale:1]]
[2023.05.12-19.31.50:621][  0]LogConfig: Setting CVar [[r.SSS.SampleSet:2]]
[2023.05.12-19.31.50:621][  0]LogConfig: Setting CVar [[r.SSS.Quality:1]]
[2023.05.12-19.31.50:621][  0]LogConfig: Setting CVar [[r.SSS.HalfRes:0]]
[2023.05.12-19.31.50:621][  0]LogConfig: Setting CVar [[r.SSGI.Quality:3]]
[2023.05.12-19.31.50:621][  0]LogConfig: Setting CVar [[r.EmitterSpawnRateScale:1.0]]
[2023.05.12-19.31.50:621][  0]LogConfig: Setting CVar [[r.ParticleLightQuality:2]]
[2023.05.12-19.31.50:621][  0]LogConfig: Setting CVar [[r.SkyAtmosphere.AerialPerspectiveLUT.FastApplyOnOpaque:1 ; Always have FastSkyLUT 1 in this case to avoid wrong sky]]
[2023.05.12-19.31.50:621][  0]LogConfig: Setting CVar [[r.SkyAtmosphere.AerialPerspectiveLUT.SampleCountMaxPerSlice:4]]
[2023.05.12-19.31.50:621][  0]LogConfig: Setting CVar [[r.SkyAtmosphere.AerialPerspectiveLUT.DepthResolution:16.0]]
[2023.05.12-19.31.50:621][  0]LogConfig: Setting CVar [[r.SkyAtmosphere.FastSkyLUT:1]]
[2023.05.12-19.31.50:621][  0]LogConfig: Setting CVar [[r.SkyAtmosphere.FastSkyLUT.SampleCountMin:4.0]]
[2023.05.12-19.31.50:621][  0]LogConfig: Setting CVar [[r.SkyAtmosphere.FastSkyLUT.SampleCountMax:128.0]]
[2023.05.12-19.31.50:621][  0]LogConfig: Setting CVar [[r.SkyAtmosphere.SampleCountMin:4.0]]
[2023.05.12-19.31.50:621][  0]LogConfig: Setting CVar [[r.SkyAtmosphere.SampleCountMax:128.0]]
[2023.05.12-19.31.50:621][  0]LogConfig: Setting CVar [[r.SkyAtmosphere.TransmittanceLUT.UseSmallFormat:0]]
[2023.05.12-19.31.50:621][  0]LogConfig: Setting CVar [[r.SkyAtmosphere.TransmittanceLUT.SampleCount:10.0]]
[2023.05.12-19.31.50:621][  0]LogConfig: Setting CVar [[r.SkyAtmosphere.MultiScatteringLUT.SampleCount:15.0]]
[2023.05.12-19.31.50:621][  0]LogConfig: Setting CVar [[r.SkyLight.RealTimeReflectionCapture:1]]
[2023.05.12-19.31.50:621][  0]LogConfig: Applying CVar settings from Section [FoliageQuality@3] File [D:/Git/Runner-Jam/JamRunner/Saved/Config/Windows/Scalability.ini]
[2023.05.12-19.31.50:622][  0]LogConfig: Setting CVar [[foliage.DensityScale:1.0]]
[2023.05.12-19.31.50:622][  0]LogConfig: Setting CVar [[grass.DensityScale:1.0]]
[2023.05.12-19.31.50:622][  0]LogConfig: Applying CVar settings from Section [ShadingQuality@3] File [D:/Git/Runner-Jam/JamRunner/Saved/Config/Windows/Scalability.ini]
[2023.05.12-19.31.50:622][  0]LogConfig: Setting CVar [[r.HairStrands.SkyLighting.IntegrationType:2]]
[2023.05.12-19.31.50:622][  0]LogConfig: Setting CVar [[r.HairStrands.SkyAO.SampleCount:4]]
[2023.05.12-19.31.50:622][  0]LogConfig: Setting CVar [[r.HairStrands.Visibility.MSAA.SamplePerPixel:4]]
[2023.05.12-19.31.50:622][  0]LogInit: Selected Device Profile: [Windows]
[2023.05.12-19.31.50:623][  0]LogInit: Applying CVar settings loaded from the selected device profile: [Windows]
[2023.05.12-19.31.50:623][  0]LogHAL: Display: Platform has ~ 32 GB [34277638144 / 34359738368 / 32], which maps to Largest [LargestMinGB=32, LargerMinGB=12, DefaultMinGB=8, SmallerMinGB=6, SmallestMinGB=0)
[2023.05.12-19.31.50:623][  0]LogInit: Going up to parent DeviceProfile []
[2023.05.12-19.31.50:623][  0]LogConfig: Applying CVar settings from Section [ViewDistanceQuality@3] File [D:/Git/Runner-Jam/JamRunner/Saved/Config/Windows/Scalability.ini]
[2023.05.12-19.31.50:623][  0]LogConfig: Setting CVar [[r.SkeletalMeshLODBias:0]]
[2023.05.12-19.31.50:623][  0]LogConfig: Setting CVar [[r.ViewDistanceScale:1.0]]
[2023.05.12-19.31.50:623][  0]LogConfig: Applying CVar settings from Section [AntiAliasingQuality@3] File [D:/Git/Runner-Jam/JamRunner/Saved/Config/Windows/Scalability.ini]
[2023.05.12-19.31.50:623][  0]LogConfig: Setting CVar [[r.PostProcessAAQuality:4]]
[2023.05.12-19.31.50:623][  0]LogConfig: Applying CVar settings from Section [ShadowQuality@3] File [D:/Git/Runner-Jam/JamRunner/Saved/Config/Windows/Scalability.ini]
[2023.05.12-19.31.50:623][  0]LogConfig: Setting CVar [[r.LightFunctionQuality:1]]
[2023.05.12-19.31.50:623][  0]LogConfig: Setting CVar [[r.ShadowQuality:5]]
[2023.05.12-19.31.50:623][  0]LogConfig: Setting CVar [[r.Shadow.CSM.MaxCascades:10]]
[2023.05.12-19.31.50:623][  0]LogConfig: Setting CVar [[r.Shadow.MaxResolution:2048]]
[2023.05.12-19.31.50:623][  0]LogConfig: Setting CVar [[r.Shadow.MaxCSMResolution:2048]]
[2023.05.12-19.31.50:623][  0]LogConfig: Setting CVar [[r.Shadow.RadiusThreshold:0.01]]
[2023.05.12-19.31.50:623][  0]LogConfig: Setting CVar [[r.Shadow.DistanceScale:1.0]]
[2023.05.12-19.31.50:623][  0]LogConfig: Setting CVar [[r.Shadow.CSM.TransitionScale:1.0]]
[2023.05.12-19.31.50:623][  0]LogConfig: Setting CVar [[r.Shadow.PreShadowResolutionFactor:1.0]]
[2023.05.12-19.31.50:623][  0]LogConfig: Setting CVar [[r.DistanceFieldShadowing:1]]
[2023.05.12-19.31.50:623][  0]LogConfig: Setting CVar [[r.DistanceFieldAO:1]]
[2023.05.12-19.31.50:623][  0]LogConfig: Setting CVar [[r.AOQuality:2]]
[2023.05.12-19.31.50:623][  0]LogConfig: Setting CVar [[r.VolumetricFog:1]]
[2023.05.12-19.31.50:623][  0]LogConfig: Setting CVar [[r.VolumetricFog.GridPixelSize:8]]
[2023.05.12-19.31.50:623][  0]LogConfig: Setting CVar [[r.VolumetricFog.GridSizeZ:128]]
[2023.05.12-19.31.50:623][  0]LogConfig: Setting CVar [[r.VolumetricFog.HistoryMissSupersampleCount:4]]
[2023.05.12-19.31.50:623][  0]LogConfig: Setting CVar [[r.LightMaxDrawDistanceScale:1]]
[2023.05.12-19.31.50:623][  0]LogConfig: Setting CVar [[r.CapsuleShadows:1]]
[2023.05.12-19.31.50:623][  0]LogConfig: Applying CVar settings from Section [PostProcessQuality@3] File [D:/Git/Runner-Jam/JamRunner/Saved/Config/Windows/Scalability.ini]
[2023.05.12-19.31.50:623][  0]LogConfig: Setting CVar [[r.MotionBlurQuality:4]]
[2023.05.12-19.31.50:623][  0]LogConfig: Setting CVar [[r.AmbientOcclusionMipLevelFactor:0.4]]
[2023.05.12-19.31.50:623][  0]LogConfig: Setting CVar [[r.AmbientOcclusionMaxQuality:100]]
[2023.05.12-19.31.50:623][  0]LogConfig: Setting CVar [[r.AmbientOcclusionLevels:-1]]
[2023.05.12-19.31.50:623][  0]LogConfig: Setting CVar [[r.AmbientOcclusionRadiusScale:1.0]]
[2023.05.12-19.31.50:623][  0]LogConfig: Setting CVar [[r.DepthOfFieldQuality:2]]
[2023.05.12-19.31.50:623][  0]LogConfig: Setting CVar [[r.RenderTargetPoolMin:400]]
[2023.05.12-19.31.50:623][  0]LogConfig: Setting CVar [[r.LensFlareQuality:2]]
[2023.05.12-19.31.50:623][  0]LogConfig: Setting CVar [[r.SceneColorFringeQuality:1]]
[2023.05.12-19.31.50:623][  0]LogConfig: Setting CVar [[r.EyeAdaptationQuality:2]]
[2023.05.12-19.31.50:623][  0]LogConfig: Setting CVar [[r.BloomQuality:5]]
[2023.05.12-19.31.50:623][  0]LogConfig: Setting CVar [[r.FastBlurThreshold:100]]
[2023.05.12-19.31.50:623][  0]LogConfig: Setting CVar [[r.Upscale.Quality:3]]
[2023.05.12-19.31.50:623][  0]LogConfig: Setting CVar [[r.Tonemapper.GrainQuantization:1]]
[2023.05.12-19.31.50:623][  0]LogConfig: Setting CVar [[r.LightShaftQuality:1]]
[2023.05.12-19.31.50:623][  0]LogConfig: Setting CVar [[r.Filter.SizeScale:1]]
[2023.05.12-19.31.50:623][  0]LogConfig: Setting CVar [[r.Tonemapper.Quality:5]]
[2023.05.12-19.31.50:623][  0]LogConfig: Setting CVar [[r.DOF.Gather.AccumulatorQuality:1        ; higher gathering accumulator quality]]
[2023.05.12-19.31.50:623][  0]LogConfig: Setting CVar [[r.DOF.Gather.PostfilterMethod:1          ; Median3x3 postfilering method]]
[2023.05.12-19.31.50:623][  0]LogConfig: Setting CVar [[r.DOF.Gather.EnableBokehSettings:0       ; no bokeh simulation when gathering]]
[2023.05.12-19.31.50:623][  0]LogConfig: Setting CVar [[r.DOF.Gather.RingCount:4                 ; medium number of samples when gathering]]
[2023.05.12-19.31.50:623][  0]LogConfig: Setting CVar [[r.DOF.Scatter.ForegroundCompositing:1    ; additive foreground scattering]]
[2023.05.12-19.31.50:623][  0]LogConfig: Setting CVar [[r.DOF.Scatter.BackgroundCompositing:2    ; additive background scattering]]
[2023.05.12-19.31.50:623][  0]LogConfig: Setting CVar [[r.DOF.Scatter.EnableBokehSettings:1      ; bokeh simulation when scattering]]
[2023.05.12-19.31.50:623][  0]LogConfig: Setting CVar [[r.DOF.Scatter.MaxSpriteRatio:0.1         ; only a maximum of 10% of scattered bokeh]]
[2023.05.12-19.31.50:623][  0]LogConfig: Setting CVar [[r.DOF.Recombine.Quality:1                ; cheap slight out of focus]]
[2023.05.12-19.31.50:623][  0]LogConfig: Setting CVar [[r.DOF.Recombine.EnableBokehSettings:0    ; no bokeh simulation on slight out of focus]]
[2023.05.12-19.31.50:623][  0]LogConfig: Setting CVar [[r.DOF.TemporalAAQuality:1                ; more stable temporal accumulation]]
[2023.05.12-19.31.50:623][  0]LogConfig: Setting CVar [[r.DOF.Kernel.MaxForegroundRadius:0.025]]
[2023.05.12-19.31.50:623][  0]LogConfig: Setting CVar [[r.DOF.Kernel.MaxBackgroundRadius:0.025]]
[2023.05.12-19.31.50:623][  0]LogConfig: Applying CVar settings from Section [TextureQuality@3] File [D:/Git/Runner-Jam/JamRunner/Saved/Config/Windows/Scalability.ini]
[2023.05.12-19.31.50:623][  0]LogConfig: Setting CVar [[r.Streaming.MipBias:0]]
[2023.05.12-19.31.50:623][  0]LogConfig: Setting CVar [[r.Streaming.AmortizeCPUToGPUCopy:0]]
[2023.05.12-19.31.50:623][  0]LogConfig: Setting CVar [[r.Streaming.MaxNumTexturesToStreamPerFrame:0]]
[2023.05.12-19.31.50:623][  0]LogConfig: Setting CVar [[r.Streaming.Boost:1]]
[2023.05.12-19.31.50:623][  0]LogConfig: Setting CVar [[r.MaxAnisotropy:8]]
[2023.05.12-19.31.50:623][  0]LogConfig: Setting CVar [[r.VT.MaxAnisotropy:8]]
[2023.05.12-19.31.50:623][  0]LogConfig: Setting CVar [[r.Streaming.LimitPoolSizeToVRAM:0]]
[2023.05.12-19.31.50:623][  0]LogConfig: Setting CVar [[r.Streaming.PoolSize:1000]]
[2023.05.12-19.31.50:623][  0]LogConfig: Setting CVar [[r.Streaming.MaxEffectiveScreenSize:0]]
[2023.05.12-19.31.50:623][  0]LogConfig: Applying CVar settings from Section [EffectsQuality@3] File [D:/Git/Runner-Jam/JamRunner/Saved/Config/Windows/Scalability.ini]
[2023.05.12-19.31.50:623][  0]LogConfig: Setting CVar [[r.TranslucencyLightingVolumeDim:64]]
[2023.05.12-19.31.50:623][  0]LogConfig: Setting CVar [[r.RefractionQuality:2]]
[2023.05.12-19.31.50:623][  0]LogConfig: Setting CVar [[r.SSR.Quality:3]]
[2023.05.12-19.31.50:623][  0]LogConfig: Setting CVar [[r.SSR.HalfResSceneColor:0]]
[2023.05.12-19.31.50:623][  0]LogConfig: Setting CVar [[r.SceneColorFormat:4]]
[2023.05.12-19.31.50:623][  0]LogConfig: Setting CVar [[r.DetailMode:2]]
[2023.05.12-19.31.50:623][  0]LogConfig: Setting CVar [[r.TranslucencyVolumeBlur:1]]
[2023.05.12-19.31.50:623][  0]LogConfig: Setting CVar [[r.MaterialQualityLevel:1 ; High quality]]
[2023.05.12-19.31.50:623][  0]LogConfig: Setting CVar [[r.AnisotropicMaterials:1]]
[2023.05.12-19.31.50:623][  0]LogConfig: Setting CVar [[r.SSS.Scale:1]]
[2023.05.12-19.31.50:623][  0]LogConfig: Setting CVar [[r.SSS.SampleSet:2]]
[2023.05.12-19.31.50:623][  0]LogConfig: Setting CVar [[r.SSS.Quality:1]]
[2023.05.12-19.31.50:623][  0]LogConfig: Setting CVar [[r.SSS.HalfRes:0]]
[2023.05.12-19.31.50:623][  0]LogConfig: Setting CVar [[r.SSGI.Quality:3]]
[2023.05.12-19.31.50:623][  0]LogConfig: Setting CVar [[r.EmitterSpawnRateScale:1.0]]
[2023.05.12-19.31.50:623][  0]LogConfig: Setting CVar [[r.ParticleLightQuality:2]]
[2023.05.12-19.31.50:623][  0]LogConfig: Setting CVar [[r.SkyAtmosphere.AerialPerspectiveLUT.FastApplyOnOpaque:1 ; Always have FastSkyLUT 1 in this case to avoid wrong sky]]
[2023.05.12-19.31.50:623][  0]LogConfig: Setting CVar [[r.SkyAtmosphere.AerialPerspectiveLUT.SampleCountMaxPerSlice:4]]
[2023.05.12-19.31.50:623][  0]LogConfig: Setting CVar [[r.SkyAtmosphere.AerialPerspectiveLUT.DepthResolution:16.0]]
[2023.05.12-19.31.50:623][  0]LogConfig: Setting CVar [[r.SkyAtmosphere.FastSkyLUT:1]]
[2023.05.12-19.31.50:623][  0]LogConfig: Setting CVar [[r.SkyAtmosphere.FastSkyLUT.SampleCountMin:4.0]]
[2023.05.12-19.31.50:623][  0]LogConfig: Setting CVar [[r.SkyAtmosphere.FastSkyLUT.SampleCountMax:128.0]]
[2023.05.12-19.31.50:623][  0]LogConfig: Setting CVar [[r.SkyAtmosphere.SampleCountMin:4.0]]
[2023.05.12-19.31.50:623][  0]LogConfig: Setting CVar [[r.SkyAtmosphere.SampleCountMax:128.0]]
[2023.05.12-19.31.50:623][  0]LogConfig: Setting CVar [[r.SkyAtmosphere.TransmittanceLUT.UseSmallFormat:0]]
[2023.05.12-19.31.50:623][  0]LogConfig: Setting CVar [[r.SkyAtmosphere.TransmittanceLUT.SampleCount:10.0]]
[2023.05.12-19.31.50:623][  0]LogConfig: Setting CVar [[r.SkyAtmosphere.MultiScatteringLUT.SampleCount:15.0]]
[2023.05.12-19.31.50:623][  0]LogConfig: Setting CVar [[r.SkyLight.RealTimeReflectionCapture:1]]
[2023.05.12-19.31.50:623][  0]LogConfig: Applying CVar settings from Section [FoliageQuality@3] File [D:/Git/Runner-Jam/JamRunner/Saved/Config/Windows/Scalability.ini]
[2023.05.12-19.31.50:623][  0]LogConfig: Setting CVar [[foliage.DensityScale:1.0]]
[2023.05.12-19.31.50:623][  0]LogConfig: Setting CVar [[grass.DensityScale:1.0]]
[2023.05.12-19.31.50:623][  0]LogConfig: Applying CVar settings from Section [ShadingQuality@3] File [D:/Git/Runner-Jam/JamRunner/Saved/Config/Windows/Scalability.ini]
[2023.05.12-19.31.50:623][  0]LogConfig: Setting CVar [[r.HairStrands.SkyLighting.IntegrationType:2]]
[2023.05.12-19.31.50:623][  0]LogConfig: Setting CVar [[r.HairStrands.SkyAO.SampleCount:4]]
[2023.05.12-19.31.50:623][  0]LogConfig: Setting CVar [[r.HairStrands.Visibility.MSAA.SamplePerPixel:4]]
[2023.05.12-19.31.50:623][  0]LogConfig: Applying CVar settings from Section [Startup] File [../../../Engine/Config/ConsoleVariables.ini]
[2023.05.12-19.31.50:629][  0]LogConfig: Setting CVar [[net.UseAdaptiveNetUpdateFrequency:0]]
[2023.05.12-19.31.50:629][  0]LogConfig: Setting CVar [[p.chaos.AllowCreatePhysxBodies:1]]
[2023.05.12-19.31.50:629][  0]LogConfig: Setting CVar [[fx.SkipVectorVMBackendOptimizations:1]]
[2023.05.12-19.31.50:629][  0]LogConfig: Applying CVar settings from Section [ConsoleVariables] File [D:/Git/Runner-Jam/JamRunner/Saved/Config/Windows/Engine.ini]
[2023.05.12-19.31.50:629][  0]LogConfig: Applying CVar settings from Section [ConsoleVariables] File [D:/Git/Runner-Jam/JamRunner/Saved/Config/Windows/Editor.ini]
[2023.05.12-19.31.50:629][  0]LogInit: Computer: KASHTELO
[2023.05.12-19.31.50:629][  0]LogInit: User: aleks
[2023.05.12-19.31.50:629][  0]LogInit: CPU Page size=4096, Cores=8
[2023.05.12-19.31.50:629][  0]LogInit: High frequency timer resolution =10.000000 MHz
[2023.05.12-19.31.50:629][  0]LogMemory: Memory total: Physical=31.9GB (32GB approx)
[2023.05.12-19.31.50:629][  0]LogMemory: Platform Memory Stats for Windows
[2023.05.12-19.31.50:629][  0]LogMemory: Process Physical Memory: 154.14 MB used, 154.14 MB peak
[2023.05.12-19.31.50:629][  0]LogMemory: Process Virtual Memory: 131.51 MB used, 131.51 MB peak
[2023.05.12-19.31.50:629][  0]LogMemory: Physical Memory: 6216.27 MB used,  26473.44 MB free, 32689.70 MB total
[2023.05.12-19.31.50:629][  0]LogMemory: Virtual Memory: 134189864.00 MB used,  27864.21 MB free, 134217728.00 MB total
[2023.05.12-19.31.50:646][  0]LogWindows: WindowsPlatformFeatures enabled
[2023.05.12-19.31.50:853][  0]LogInit: Physics initialised using underlying interface: PhysX
[2023.05.12-19.31.50:858][  0]LogInit: Using OS detected language (ru-RU).
[2023.05.12-19.31.50:858][  0]LogInit: Using OS detected locale (ru-RU).
[2023.05.12-19.31.50:871][  0]LogTextLocalizationManager: No specific localization for 'ru-RU' exists, so the 'ru' localization will be used.
[2023.05.12-19.31.50:871][  0]LogTextLocalizationResource: LocRes '../../../Engine/Content/Localization/Editor/ru/Editor.locres' could not be opened for reading!
[2023.05.12-19.31.50:871][  0]LogTextLocalizationResource: LocRes '../../../Engine/Content/Localization/EditorTutorials/ru/EditorTutorials.locres' could not be opened for reading!
[2023.05.12-19.31.50:871][  0]LogTextLocalizationResource: LocRes '../../../Engine/Content/Localization/Keywords/ru/Keywords.locres' could not be opened for reading!
[2023.05.12-19.31.50:871][  0]LogTextLocalizationResource: LocRes '../../../Engine/Content/Localization/Category/ru/Category.locres' could not be opened for reading!
[2023.05.12-19.31.50:872][  0]LogTextLocalizationResource: LocRes '../../../Engine/Content/Localization/ToolTips/ru/ToolTips.locres' could not be opened for reading!
[2023.05.12-19.31.50:872][  0]LogTextLocalizationResource: LocRes '../../../Engine/Content/Localization/PropertyNames/ru/PropertyNames.locres' could not be opened for reading!
[2023.05.12-19.31.50:872][  0]LogTextLocalizationResource: LocRes '../../../Engine/Content/Localization/Engine/ru/Engine.locres' could not be opened for reading!
[2023.05.12-19.31.50:891][  0]LogInit: Setting process to per monitor DPI aware
[2023.05.12-19.31.50:908][  0]LogWindowsTextInputMethodSystem: Display: IME system deactivated.
[2023.05.12-19.31.50:948][  0]LogSlate: New Slate User Created.  User Index 0, Is Virtual User: 0
[2023.05.12-19.31.50:948][  0]LogSlate: Slate User Registered.  User Index 0, Is Virtual User: 0
[2023.05.12-19.31.52:786][  0]LogD3D11RHI: Loaded GFSDK_Aftermath_Lib.x64.dll
[2023.05.12-19.31.52:790][  0]LogHMD: Failed to initialize OpenVR with code 110
[2023.05.12-19.31.52:790][  0]LogD3D11RHI: D3D11 min allowed feature level: 11_0
[2023.05.12-19.31.52:790][  0]LogD3D11RHI: D3D11 max allowed feature level: 11_0
[2023.05.12-19.31.52:790][  0]LogD3D11RHI: D3D11 adapters:
[2023.05.12-19.31.52:884][  0]LogD3D11RHI:    0. 'NVIDIA GeForce RTX 2070 SUPER' (Feature Level 11_0)
[2023.05.12-19.31.52:884][  0]LogD3D11RHI:       8003/0/16344 MB DedicatedVideo/DedicatedSystem/SharedSystem, Outputs:2, VendorId:0x10de
[2023.05.12-19.31.52:888][  0]LogD3D11RHI:    1. 'Microsoft Basic Render Driver' (Feature Level 11_0)
[2023.05.12-19.31.52:888][  0]LogD3D11RHI:       0/0/16344 MB DedicatedVideo/DedicatedSystem/SharedSystem, Outputs:0, VendorId:0x1414
[2023.05.12-19.31.52:888][  0]LogD3D11RHI: Chosen D3D11 Adapter:
[2023.05.12-19.31.52:888][  0]LogD3D11RHI:     Description : NVIDIA GeForce RTX 2070 SUPER
[2023.05.12-19.31.52:888][  0]LogD3D11RHI:     VendorId    : 10de
[2023.05.12-19.31.52:888][  0]LogD3D11RHI:     DeviceId    : 1e84
[2023.05.12-19.31.52:889][  0]LogD3D11RHI:     SubSysId    : 40081458
[2023.05.12-19.31.52:889][  0]LogD3D11RHI:     Revision    : 00a1
[2023.05.12-19.31.52:889][  0]LogD3D11RHI:     DedicatedVideoMemory : 8391753728 bytes
[2023.05.12-19.31.52:889][  0]LogD3D11RHI:     DedicatedSystemMemory : 0 bytes
[2023.05.12-19.31.52:889][  0]LogD3D11RHI:     SharedSystemMemory : 17138819072 bytes
[2023.05.12-19.31.52:889][  0]LogD3D11RHI:     AdapterLuid : 0 58522
[2023.05.12-19.31.52:894][  0]LogD3D11RHI: Creating new Direct3DDevice
[2023.05.12-19.31.52:894][  0]LogD3D11RHI:     GPU DeviceId: 0x1e84 (for the marketing name, search the web for "GPU Device Id")
[2023.05.12-19.31.52:894][  0]LogWindows: EnumDisplayDevices:
[2023.05.12-19.31.52:894][  0]LogWindows:    0. 'NVIDIA GeForce RTX 2070 SUPER' (P:0 D:1)
[2023.05.12-19.31.52:895][  0]LogWindows:    1. 'NVIDIA GeForce RTX 2070 SUPER' (P:1 D:1)
[2023.05.12-19.31.52:895][  0]LogWindows:    2. 'NVIDIA GeForce RTX 2070 SUPER' (P:0 D:0)
[2023.05.12-19.31.52:895][  0]LogWindows:    3. 'NVIDIA GeForce RTX 2070 SUPER' (P:0 D:0)
[2023.05.12-19.31.52:895][  0]LogWindows: DebugString: FoundDriverCount:4 
[2023.05.12-19.31.52:895][  0]LogD3D11RHI:     Adapter Name: NVIDIA GeForce RTX 2070 SUPER
[2023.05.12-19.31.52:895][  0]LogD3D11RHI:   Driver Version: 531.41 (internal:31.0.15.3141, unified:531.41)
[2023.05.12-19.31.52:895][  0]LogD3D11RHI:      Driver Date: 3-16-2023
[2023.05.12-19.31.52:895][  0]LogRHI: Texture pool is 5602 MB (70% of 8003 MB)
[2023.05.12-19.31.52:895][  0]LogD3D11RHI: Creating D3DDevice using adapter:
[2023.05.12-19.31.52:895][  0]LogD3D11RHI:     Description : NVIDIA GeForce RTX 2070 SUPER
[2023.05.12-19.31.52:895][  0]LogD3D11RHI:     VendorId    : 10de
[2023.05.12-19.31.52:895][  0]LogD3D11RHI:     DeviceId    : 1e84
[2023.05.12-19.31.52:895][  0]LogD3D11RHI:     SubSysId    : 40081458
[2023.05.12-19.31.52:895][  0]LogD3D11RHI:     Revision    : 00a1
[2023.05.12-19.31.52:895][  0]LogD3D11RHI:     DedicatedVideoMemory : 8391753728 bytes
[2023.05.12-19.31.52:895][  0]LogD3D11RHI:     DedicatedSystemMemory : 0 bytes
[2023.05.12-19.31.52:895][  0]LogD3D11RHI:     SharedSystemMemory : 17138819072 bytes
[2023.05.12-19.31.52:895][  0]LogD3D11RHI:     AdapterLuid : 0 58522
[2023.05.12-19.31.52:956][  0]LogD3D11RHI: RHI has support for 64 bit atomics
[2023.05.12-19.31.52:956][  0]LogD3D11RHI: Async texture creation enabled
[2023.05.12-19.31.52:956][  0]LogD3D11RHI: Array index from any shader is supported
[2023.05.12-19.31.52:956][  0]LogD3D11RHI: HDR output is supported on display 0 (NvId: 0x80061086).
[2023.05.12-19.31.52:982][  0]LogD3D11RHI: GPU Timing Frequency: 1000.000000 (Debug: 2 1)
[2023.05.12-19.31.53:029][  0]LogRHI: GeForceNow SDK initialized: 1
[2023.05.12-19.31.53:315][  0]LogTargetPlatformManager: Display: Loaded TargetPlatform 'AllDesktop'
[2023.05.12-19.31.53:335][  0]LogTargetPlatformManager: Display: Loaded TargetPlatform 'Android'
[2023.05.12-19.31.53:335][  0]LogTargetPlatformManager: Display: Loaded TargetPlatform 'Android_ASTC'
[2023.05.12-19.31.53:335][  0]LogTargetPlatformManager: Display: Loaded TargetPlatform 'Android_DXT'
[2023.05.12-19.31.53:335][  0]LogTargetPlatformManager: Display: Loaded TargetPlatform 'Android_ETC2'
[2023.05.12-19.31.53:335][  0]LogTargetPlatformManager: Display: Loaded TargetPlatform 'AndroidClient'
[2023.05.12-19.31.53:335][  0]LogTargetPlatformManager: Display: Loaded TargetPlatform 'Android_ASTCClient'
[2023.05.12-19.31.53:335][  0]LogTargetPlatformManager: Display: Loaded TargetPlatform 'Android_DXTClient'
[2023.05.12-19.31.53:335][  0]LogTargetPlatformManager: Display: Loaded TargetPlatform 'Android_ETC2Client'
[2023.05.12-19.31.53:335][  0]LogTargetPlatformManager: Display: Loaded TargetPlatform 'Android_Multi'
[2023.05.12-19.31.53:335][  0]LogTargetPlatformManager: Display: Loaded TargetPlatform 'Android_MultiClient'
[2023.05.12-19.31.53:355][  0]LogTargetPlatformManager: Display: Loaded TargetPlatform 'IOSClient'
[2023.05.12-19.31.53:355][  0]LogTargetPlatformManager: Display: Loaded TargetPlatform 'IOS'
[2023.05.12-19.31.53:372][  0]LogTargetPlatformManager: Display: Loaded TargetPlatform 'Linux'
[2023.05.12-19.31.53:378][  0]LogTargetPlatformManager: Display: Loaded TargetPlatform 'LinuxNoEditor'
[2023.05.12-19.31.53:383][  0]LogTargetPlatformManager: Display: Loaded TargetPlatform 'LinuxClient'
[2023.05.12-19.31.53:388][  0]LogTargetPlatformManager: Display: Loaded TargetPlatform 'LinuxServer'
[2023.05.12-19.31.53:401][  0]LogTargetPlatformManager: Display: Loaded TargetPlatform 'LinuxAArch64NoEditor'
[2023.05.12-19.31.53:406][  0]LogTargetPlatformManager: Display: Loaded TargetPlatform 'LinuxAArch64Client'
[2023.05.12-19.31.53:411][  0]LogTargetPlatformManager: Display: Loaded TargetPlatform 'LinuxAArch64Server'
[2023.05.12-19.31.53:435][  0]LogTargetPlatformManager: Display: Loaded TargetPlatform 'Lumin'
[2023.05.12-19.31.53:435][  0]LogTargetPlatformManager: Display: Loaded TargetPlatform 'LuminClient'
[2023.05.12-19.31.53:449][  0]LogTargetPlatformManager: Display: Loaded TargetPlatform 'MacNoEditor'
[2023.05.12-19.31.53:455][  0]LogTargetPlatformManager: Display: Loaded TargetPlatform 'Mac'
[2023.05.12-19.31.53:460][  0]LogTargetPlatformManager: Display: Loaded TargetPlatform 'MacClient'
[2023.05.12-19.31.53:464][  0]LogTargetPlatformManager: Display: Loaded TargetPlatform 'MacServer'
[2023.05.12-19.31.53:473][  0]LogTargetPlatformManager: Display: Loaded TargetPlatform 'TVOSClient'
[2023.05.12-19.31.53:473][  0]LogTargetPlatformManager: Display: Loaded TargetPlatform 'TVOS'
[2023.05.12-19.31.53:482][  0]LogTargetPlatformManager: Display: Loaded TargetPlatform 'WindowsNoEditor'
[2023.05.12-19.31.53:487][  0]LogTargetPlatformManager: Display: Loaded TargetPlatform 'Windows'
[2023.05.12-19.31.53:493][  0]LogTargetPlatformManager: Display: Loaded TargetPlatform 'WindowsClient'
[2023.05.12-19.31.53:498][  0]LogTargetPlatformManager: Display: Loaded TargetPlatform 'WindowsServer'
[2023.05.12-19.31.53:498][  0]LogTargetPlatformManager: Display: Building Assets For Windows
[2023.05.12-19.31.53:539][  0]LogAudioDebug: Display: Lib vorbis DLL was dynamically loaded.
[2023.05.12-19.31.53:632][  0]LogTextureFormatOodle: Display: Oodle Texture 2.9.0 init RDO Off
[2023.05.12-19.31.53:746][  0]LogRendererCore: Ray tracing is disabled. Reason: r.RayTracing=0.
[2023.05.12-19.31.53:748][  0]LogShaderCompilers: Guid format shader working directory is 19 characters bigger than the processId version (D:/Git/Runner-Jam/JamRunner/Intermediate/Shaders/WorkingDirectory/9432/).
[2023.05.12-19.31.53:748][  0]LogShaderCompilers: Cleaned the shader compiler working directory 'C:/Users/aleks/AppData/Local/Temp/UnrealShaderWorkingDir/9627C03A46B35C61F2A533BBBA33DBAD/'.
[2023.05.12-19.31.53:748][  0]LogXGEController: Cannot use XGE Controller as Incredibuild is not installed on this machine.
[2023.05.12-19.31.53:748][  0]LogShaderCompilers: Cannot use XGE Shader Compiler as Incredibuild is not installed on this machine.
[2023.05.12-19.31.53:748][  0]LogShaderCompilers: Display: Using Local Shader Compiler.
[2023.05.12-19.31.56:383][  0]LogDerivedDataCache: Display: Max Cache Size: 512 MB
[2023.05.12-19.31.56:462][  0]LogDerivedDataCache: Loaded boot cache 0.08s 94MB C:/Users/aleks/AppData/Local/UnrealEngine/4.27/DerivedDataCache/Boot.ddc.
[2023.05.12-19.31.56:462][  0]LogDerivedDataCache: Display: Loaded Boot cache: C:/Users/aleks/AppData/Local/UnrealEngine/4.27/DerivedDataCache/Boot.ddc
[2023.05.12-19.31.56:462][  0]LogDerivedDataCache: FDerivedDataBackendGraph:  Pak pak cache file D:/Git/Runner-Jam/JamRunner/DerivedDataCache/DDC.ddp not found, will not use a pak cache.
[2023.05.12-19.31.56:462][  0]LogDerivedDataCache: Unable to find inner node Pak for hierarchical cache Hierarchy.
[2023.05.12-19.31.56:462][  0]LogDerivedDataCache: FDerivedDataBackendGraph:  CompressedPak pak cache file D:/Git/Runner-Jam/JamRunner/DerivedDataCache/Compressed.ddp not found, will not use a pak cache.
[2023.05.12-19.31.56:462][  0]LogDerivedDataCache: Unable to find inner node CompressedPak for hierarchical cache Hierarchy.
[2023.05.12-19.31.56:486][  0]LogDerivedDataCache: Display: Pak cache opened for reading ../../../Engine/DerivedDataCache/Compressed.ddp.
[2023.05.12-19.31.56:486][  0]LogDerivedDataCache: FDerivedDataBackendGraph:  EnterprisePak pak cache file ../../../Enterprise/DerivedDataCache/Compressed.ddp not found, will not use a pak cache.
[2023.05.12-19.31.56:486][  0]LogDerivedDataCache: Unable to find inner node EnterprisePak for hierarchical cache Hierarchy.
[2023.05.12-19.31.56:523][  0]LogDerivedDataCache: Speed tests for C:/Users/aleks/AppData/Local/UnrealEngine/Common/DerivedDataCache took 0.04 seconds
[2023.05.12-19.31.56:523][  0]LogDerivedDataCache: Display: Performance to C:/Users/aleks/AppData/Local/UnrealEngine/Common/DerivedDataCache: Latency=0.12ms. RandomReadSpeed=31.20MBs, RandomWriteSpeed=168.37MBs. Assigned SpeedClass 'Local'
[2023.05.12-19.31.56:524][  0]LogDerivedDataCache: Using Local data cache path C:/Users/aleks/AppData/Local/UnrealEngine/Common/DerivedDataCache: Writable
[2023.05.12-19.31.56:524][  0]LogDerivedDataCache: Shared data cache path not found in *engine.ini, will not use an Shared cache.
[2023.05.12-19.31.56:524][  0]LogDerivedDataCache: Unable to find inner node Shared for hierarchical cache Hierarchy.
[2023.05.12-19.31.56:567][  0]LogSlate: Using FreeType 2.10.0
[2023.05.12-19.31.56:575][  0]LogSlate: SlateFontServices - WITH_FREETYPE: 1, WITH_HARFBUZZ: 1
[2023.05.12-19.31.56:609][  0]LogAssetRegistry: FAssetRegistry took 0.0047 seconds to start up
[2023.05.12-19.31.56:952][  0]LogInit: Selected Device Profile: [Windows]
[2023.05.12-19.31.56:952][  0]LogInit: Active device profile: [000001852B177800][0000018523A02780 49] Windows
[2023.05.12-19.31.56:952][  0]LogInit: Profiles: [000001852B177800][0000018523A02780 49] Windows, [000001852B12CA00][0000018523A0A900 49] WindowsNoEditor, [000001852B174900][000001851DC9EA80 49] WindowsServer, [000001852B12F700][000001851DCA2C00 49] WindowsClient, [000001852B177600][000001851DCA6D80 49] IOS, [000001852B12CD00][000001851DCAAF00 49] iPadAir, [000001852B174C00][000001851DCAF080 49] iPadAir2, [000001852B0E8800][000001851DCB7340 49] IPadPro, [000001852B0E8900][000001851DCB3380 49] iPadAir3, [000001852B177300][000001851DCBB500 49] iPadAir4, [000001852B0EB900][000001851DCBF680 49] iPadMini2, [000001852B175000][000001851DCC3800 49] iPadMini3, [000001852B0E9700][000001851DCC7980 49] iPadMini4, [000001852B176D00][0000018513DCBB00 49] iPadMini5, [000001852B12DD00][0000018513DD2240 49] iPhone6, [000001852B12EE00][0000018513DCE280 49] iPodTouch6, [000001852B0DBE00][0000018513DDA540 49] iPhone7, [000001852B0DBF00][0000018513DD6580 49] iPodTouch7, [000001852B12FF00][0000018523A066C0 49] iPhone5S, [000001852B0D8E00][000001852A460800 49] iPhone6Plus, [000001852B12D000][000001852A464940 49] iPhone6S, [000001852B0DB000][000001852A46CAC0 49] iPhone6SPlus, [000001852B12C500][000001852A470C40 49] iPhone7Plus, [000001852B0D9300][000001852A474DC0 49] iPhoneSE, [000001852B12E300][000001852A478F40 49] iPhone8, [000001852B0DAB00][000001852A47D0C0 49] iPhone8Plus, [000001852B12C700][000001852A481240 49] iPhoneX, [000001852B0D9800][000001852A4853C0 49] iPhoneXS, [000001852B12DE00][000001852A489540 49] iPhoneXSMax, [000001852B0DBC00][000001852A48D6C0 49] iPhoneXR, [000001852B12D500][000001852A491840 49] iPhone11, [000001852B0D8C00][000001852A4959C0 49] iPhone11Pro, [000001852B12FA00][000001852A499B40 49] iPhone11ProMax, [000001852B0DAD00][000001852A49C140 49] iPhoneSE2, [000001852B12FE00][0000018522D142C0 49] iPhone12Mini, [000001852B0DB800][0000018522D18440 49] iPhone12, [000001852B12CE00][0000018522D1C5C0 49] iPhone12Pro, [000001852B0DA700][0000018522D20740 49] iPhone12ProMax, [000001852B12D100][000001852A468880 49] iPadPro105, [000001852B0D9200][0000018522D249C0 49] iPadPro129, [000001852B12E000][0000018522D28B00 49] iPadPro97, [000001852B0D9100][0000018522D30C80 49] iPadPro2_129, [000001852B12E100][0000018522D34E00 49] iPad5, [000001852B0DB200][0000018522D38F80 49] iPad6, [000001852B12DB00][0000018522D3D100 49] iPad7, [000001852B0DAC00][0000018522D41280 49] iPad8, [000001852B12F600][0000018522D45400 49] iPadPro11, [000001852B0D8F00][0000018522D49580 49] iPadPro2_11, [000001852B12C400][0000018522D4D700 49] iPadPro3_129, [000001852B0D9500][0000018522D51880 49] iPadPro4_129, [000001852B12F300][0000018522D55A00 49] AppleTV, [000001852B0DB700][0000018522D59B80 49] AppleTV4K, [000001852B12D900][0000018522D5C180 49] TVOS, [000001852B0D8900][000001852B5C0300 49] Mac, [000001852B12F800][000001852B5C4480 49] MacClient, [000001852B0DA000][000001852B5C8600 49] MacNoEditor, [000001852B12F500][000001852B5CC780 49] MacServer, [000001852B0D8500][000001852B5D0900 49] Linux, [000001852B12EC00][0000018522D2CA40 49] LinuxAArch64, [000001852B0D9400][000001852B5D4B80 49] LinuxNoEditor, [000001852B12F100][000001852B5D8CC0 49] LinuxAArch64NoEditor, [000001852B0DA400][000001852B5E0E40 49] LinuxClient, [000001852B12F400][000001852B5E4FC0 49] LinuxAArch64Client, [000001852B0D8B00][000001852B5E9140 49] LinuxServer, [000001852B12DC00][000001852B5ED2C0 49] LinuxAArch64Server, [000001852B0D9000][000001852B5F1440 49] Android, [000001852B12E200][000001852B5F55C0 49] Android_Low, [000001852B0E9400][000001852B5F9740 49] Android_Mid, [000001852B1E5900][000001852B5FD8C0 49] Android_High, [000001852B0E8B00][000001852B601A40 49] Android_Default, [000001852B1E4D00][000001852B605BC0 49] Android_Adreno4xx, [000001852B0EAB00][000001852B6081C0 49] Android_Adreno5xx_Low, [000001852B1E4100][000001852B60C340 49] Android_Adreno5xx, [000001852B0EA800][000001852B6104C0 49] Android_Adreno6xx, [000001852B1E4B00][000001852B614640 49] Android_Adreno6xx_Vulkan, [000001852B0E8D00][000001852B6187C0 49] Android_Mali_T6xx, [000001852B1E5400][000001852B61C940 49] Android_Mali_T7xx, [000001852B0EA400][000001852B620AC0 49] Android_Mali_T8xx, [000001852B1E4500][000001852B5DCC00 49] Android_Mali_G71, [000001852B0E8500][000001852B624D40 49] Android_Mali_G72, [000001852B1E4F00][000001852B628E80 49] Android_Mali_G72_Vulkan, [000001852B0EAE00][000001852B62CFC0 49] Android_Mali_G76, [000001852B1E5B00][000001852B635140 49] Android_Mali_G76_Vulkan, [000001852B0E9100][000001852B6392C0 49] Android_Mali_G77, [000001852B1E6000][000001852B63D440 49] Android_Mali_G77_Vulkan, [000001852B0E9900][000001852B6415C0 49] Android_Mali_G78, [000001852B1E4200][000001852B645740 49] Android_Mali_G78_Vulkan, [000001852B0E9500][000001852B6498C0 49] Android_Mali_G710, [000001852B1E5500][000001852B64DA40 49] Android_Mali_G710_Vulkan, [000001852B0EB700][000001852B651BC0 49] Android_Vulkan_SM5, [000001852B1E6700][000001852B6541C0 49] Android_PowerVR_G6xxx, [000001852B0EBF00][000001852B658340 49] Android_PowerVR_GT7xxx, [000001852B1E4E00][000001852B65C4C0 49] Android_PowerVR_GE8xxx, [000001852B0EA900][000001852B660640 49] Android_PowerVR_GM9xxx, [000001852B1E4800][000001852B6647C0 49] Android_PowerVR_GM9xxx_Vulkan, [000001852B12D700][000001852B668940 49] Android_TegraK1, [000001852B0D8A00][000001852B66CAC0 49] Android_Unknown_Vulkan, [000001852B12DF00][000001852B670C40 49] Lumin, [000001852B0D9900][000001852B630D80 49] Lumin_Desktop, [000001852B12EA00][000001852B674EC0 49] HoloLens, 
[2023.05.12-19.31.57:207][  0]LogMeshReduction: Using QuadricMeshReduction for automatic static mesh reduction
[2023.05.12-19.31.57:207][  0]LogMeshReduction: Using SimplygonMeshReduction for automatic skeletal mesh reduction
[2023.05.12-19.31.57:207][  0]LogMeshReduction: Using ProxyLODMeshReduction for automatic mesh merging
[2023.05.12-19.31.57:207][  0]LogMeshReduction: No distributed automatic mesh merging module available
[2023.05.12-19.31.57:208][  0]LogMeshMerging: No distributed automatic mesh merging module available
[2023.05.12-19.31.57:249][  0]LogNetVersion: JamRunner 1.0.0, NetCL: 17155196, EngineNetVer: 17, GameNetVer: 0 (Checksum: 2717434089)
[2023.05.12-19.31.57:819][  0]LogTexture: Default maximum texture size for cubemaps generated from long-lat sources has been changed from 512 to unlimited. In order to preserve old behaiour for '/Engine/MapTemplates/Sky/DaylightAmbientCubemap.DaylightAmbientCubemap', its maximum texture size has been explicitly set to 512.
[2023.05.12-19.31.57:891][  0]LogHMD: PokeAHoleMaterial loaded successfully
[2023.05.12-19.31.57:898][  0]LogUObjectArray: 17174 objects as part of root set at end of initial load.
[2023.05.12-19.31.57:898][  0]LogUObjectAllocator: 4300480 out of 0 bytes used by permanent object pool.
[2023.05.12-19.31.57:898][  0]LogUObjectArray: CloseDisregardForGC: 0/0 objects in disregard for GC pool
[2023.05.12-19.31.58:491][  0]LogNiagaraDebuggerClient: Niagara Debugger Client Initialized | Session: BE9A7271435825215DFC1993C6A502C7 | Instance: 50F619FC4C0203B32DACC0A302B87122 (KASHTELO-9432).
[2023.05.12-19.31.58:720][  0]LogPython: Using Python 3.7.7
[2023.05.12-19.31.59:363][  0]LogTcpMessaging: Initializing TcpMessaging bridge
[2023.05.12-19.31.59:371][  0]LogUdpMessaging: Initializing bridge on interface 0.0.0.0:0 to multicast group 230.0.0.1:6666.
[2023.05.12-19.31.59:627][  0]SourceControl: Source control is disabled
[2023.05.12-19.31.59:627][  0]SourceControl: Source control is disabled
[2023.05.12-19.31.59:639][  0]SourceControl: Source control is disabled
[2023.05.12-19.31.59:651][  0]SourceControl: Source control is disabled
[2023.05.12-19.31.59:668][  0]SourceControl: Source control is disabled
[2023.05.12-19.31.59:672][  0]LogUProjectInfo: Found projects:
[2023.05.12-19.32.00:125][  0]LogOpenImageDenoise: OIDN starting up
[2023.05.12-19.32.00:144][  0]LogAndroidPermission: UAndroidPermissionCallbackProxy::GetInstance
[2023.05.12-19.32.00:181][  0]LogAudioCaptureCore: Display: No Audio Capture implementations found. Audio input will be silent.
[2023.05.12-19.32.00:181][  0]LogAudioCaptureCore: Display: No Audio Capture implementations found. Audio input will be silent.
[2023.05.12-19.32.00:491][  0]LogCollectionManager: Loaded 0 collections in 0.001989 seconds
[2023.05.12-19.32.00:536][  0]LogFileCache: Scanning file cache for directory 'D:/Git/Runner-Jam/JamRunner/Saved/Collections/' took 0.00s
[2023.05.12-19.32.00:536][  0]LogFileCache: Scanning file cache for directory 'D:/Git/Runner-Jam/JamRunner/Content/Developers/aleks/Collections/' took 0.00s
[2023.05.12-19.32.00:536][  0]LogFileCache: Scanning file cache for directory 'D:/Git/Runner-Jam/JamRunner/Content/Collections/' took 0.00s
[2023.05.12-19.32.00:536][  0]LogOcInput: OculusInput pre-init called
[2023.05.12-19.32.00:825][  0]LogEngine: Initializing Engine...
[2023.05.12-19.32.00:881][  0]LogHMD: Failed to enumerate extensions. Please check that you have a valid OpenXR runtime installed.
[2023.05.12-19.32.00:881][  0]LogHMD: Failed to initialize OpenVR with code 110
[2023.05.12-19.32.00:882][  0]LogMagicLeap: Warning: VR disabled because ZI is not enabled.  To enable, in the editor, Edit -> Project Settings -> Plugins -> Magic Leap Plugin -> Enable Zero Iteration
[2023.05.12-19.32.00:884][  0]LogStats: UGameplayTagsManager::InitializeManager -  0.001 s
[2023.05.12-19.32.01:028][  0]LogInit: Initializing FReadOnlyCVARCache
[2023.05.12-19.32.01:067][  0]LogAIModule: Creating AISystem for world Untitled
[2023.05.12-19.32.01:072][  0]LogAudio: Display: Initializing Audio Device Manager...
[2023.05.12-19.32.01:079][  0]LogAudio: Display: Loading Default Audio Settings Objects...
[2023.05.12-19.32.01:080][  0]LogAudio: Display: No default SoundConcurrencyObject specified (or failed to load).
[2023.05.12-19.32.01:081][  0]LogAudio: Display: Audio Device Manager Initialized
[2023.05.12-19.32.01:081][  0]LogAudio: Display: Creating Audio Device:                 Id: 1, Scope: Shared, Realtime: True
[2023.05.12-19.32.01:082][  0]LogAudioMixer: Display: Audio Mixer Platform Settings:
[2023.05.12-19.32.01:082][  0]LogAudioMixer: Display: 	Sample Rate:						  48000
[2023.05.12-19.32.01:082][  0]LogAudioMixer: Display: 	Callback Buffer Frame Size Requested: 1024
[2023.05.12-19.32.01:082][  0]LogAudioMixer: Display: 	Callback Buffer Frame Size To Use:	  1024
[2023.05.12-19.32.01:082][  0]LogAudioMixer: Display: 	Number of buffers to queue:			  2
[2023.05.12-19.32.01:082][  0]LogAudioMixer: Display: 	Max Channels (voices):				  32
[2023.05.12-19.32.01:082][  0]LogAudioMixer: Display: 	Number of Async Source Workers:		  0
[2023.05.12-19.32.01:082][  0]LogAudio: Display: AudioDevice MaxSources: 32
[2023.05.12-19.32.01:083][  0]LogAudio: Display: Audio Spatialization Plugin: None (built-in).
[2023.05.12-19.32.01:083][  0]LogAudio: Display: Audio Reverb Plugin: None (built-in).
[2023.05.12-19.32.01:083][  0]LogAudio: Display: Audio Occlusion Plugin: None (built-in).
[2023.05.12-19.32.01:083][  0]LogAudioMixer: Display: Initializing audio mixer.
[2023.05.12-19.32.01:110][  0]LogAudioMixer: Display: 0: FrontLeft
[2023.05.12-19.32.01:110][  0]LogAudioMixer: Display: 1: FrontRight
[2023.05.12-19.32.01:127][  0]LogAudioMixer: Display: Using Audio Device Динамики (HyperX Cloud II Wireless)
[2023.05.12-19.32.01:129][  0]LogAudioMixer: Display: Initializing Sound Submixes...
[2023.05.12-19.32.01:132][  0]LogAudioMixer: Display: Creating Master Submix 'MasterSubmixDefault'
[2023.05.12-19.32.01:132][  0]LogAudioMixer: Display: Creating Master Submix 'MasterReverbSubmixDefault'
[2023.05.12-19.32.01:134][  0]LogAudioMixer: Display: Creating Master Submix 'MasterEQSubmixDefault'
[2023.05.12-19.32.01:135][  0]LogAudioMixer: FMixerPlatformXAudio2::StartAudioStream() called
[2023.05.12-19.32.01:135][  0]LogAudioMixer: Display: Output buffers initialized: Frames=1024, Channels=2, Samples=2048
[2023.05.12-19.32.01:136][  0]LogAudioMixer: Display: Starting AudioMixerPlatformInterface::RunInternal()
[2023.05.12-19.32.01:136][  0]LogAudioMixer: Display: FMixerPlatformXAudio2::SubmitBuffer() called for the first time
[2023.05.12-19.32.01:136][  0]LogInit: FAudioDevice initialized.
[2023.05.12-19.32.01:137][  0]LogAudio: Display: Audio Device (ID: 1) registered with world 'Untitled'.
[2023.05.12-19.32.01:137][  0]LogNetVersion: Set ProjectVersion to 1.0.0.0. Version Checksum will be recalculated on next use.
[2023.05.12-19.32.01:198][  0]LogDerivedDataCache: Saved boot cache 0.06s 94MB C:/Users/aleks/AppData/Local/UnrealEngine/4.27/DerivedDataCache/Boot.ddc.
[2023.05.12-19.32.01:201][  0]LogInit: Texture streaming: Enabled
[2023.05.12-19.32.01:224][  0]LogAnalytics: Display: [UEEditor.Rocket.Release] APIServer = https://datarouter.ol.epicgames.com/. AppVersion = 4.27.2-18319896+++UE4+Release-4.27
[2023.05.12-19.32.01:231][  0]LogEngineSessionManager: EngineSessionManager initialized
[2023.05.12-19.32.01:231][  0]LogEditorSessionSummary: Verbose: Initializing EditorSessionSummaryWriter for editor session tracking
[2023.05.12-19.32.01:236][  0]LogEditorSessionSummary: EditorSessionSummaryWriter initialized
[2023.05.12-19.32.01:287][  0]LogInit: Transaction tracking system initialized
[2023.05.12-19.32.01:336][  0]BlueprintLog: New page: Editor Load
[2023.05.12-19.32.01:466][  0]LocalizationService: Localization service is disabled
[2023.05.12-19.32.01:527][  0]TimingProfiler: Initialize
[2023.05.12-19.32.01:528][  0]TimingProfiler: OnSessionChanged
[2023.05.12-19.32.01:528][  0]LoadingProfiler: Initialize
[2023.05.12-19.32.01:529][  0]LoadingProfiler: OnSessionChanged
[2023.05.12-19.32.01:529][  0]NetworkingProfiler: Initialize
[2023.05.12-19.32.01:529][  0]NetworkingProfiler: OnSessionChanged
[2023.05.12-19.32.01:529][  0]MemoryProfiler: Initialize
[2023.05.12-19.32.01:530][  0]MemoryProfiler: OnSessionChanged
[2023.05.12-19.32.01:535][  0]LogClass: Warning: In asset 'None', there is an enum property of type 'EIOSVersion' with an invalid value of 'IOS_11'
[2023.05.12-19.32.01:536][  0]LogObj: Error: LoadConfig (/Script/IOSRuntimeSettings.Default__IOSRuntimeSettings): import failed for MinimumiOSVersion in: IOS_11
[2023.05.12-19.32.01:718][  0]LogCook: Display: CookSettings for Memory: MemoryMaxUsedVirtual 0MiB, MemoryMaxUsedPhysical 16384MiB, MemoryMinFreeVirtual 0MiB, MemoryMinFreePhysical 1024MiB
[2023.05.12-19.32.01:718][  0]LogCook: Display: Mobile HDR setting 1
[2023.05.12-19.32.02:011][  0]LogFileCache: Scanning file cache for directory 'D:/Git/Runner-Jam/JamRunner/Content/' took 0.01s
[2023.05.12-19.32.02:151][  0]LogInit: Display: Engine is initialized. Leaving FEngineLoop::Init()
[2023.05.12-19.32.02:159][  0]SourceControl: Source control is disabled
[2023.05.12-19.32.02:159][  0]LogUnrealEdMisc: Loading editor; pre map load, took 15.670
[2023.05.12-19.32.02:160][  0]Cmd: MAP LOAD FILE="D:/Git/Runner-Jam/JamRunner/Content/Kirill/lvl_1.umap" TEMPLATE=0 SHOWPROGRESS=1 FEATURELEVEL=3
[2023.05.12-19.32.02:161][  0]LightingResults: New page: Lighting Build
[2023.05.12-19.32.02:165][  0]LogWorld: UWorld::CleanupWorld for Untitled, bSessionEnded=true, bCleanupResources=true
[2023.05.12-19.32.02:166][  0]LogSlate: InvalidateAllWidgets triggered.  All widgets were invalidated
[2023.05.12-19.32.02:167][  0]MapCheck: New page: Map Check
[2023.05.12-19.32.02:167][  0]LightingResults: New page: Lighting Build
[2023.05.12-19.32.02:180][  0]LogAudio: Display: Audio Device unregistered from world 'None'.
[2023.05.12-19.32.02:185][  0]LogUObjectHash: Compacting FUObjectHashTables data took   0.78ms
[2023.05.12-19.32.03:515][  0]LogAudio: Display: Audio Device (ID: 1) registered with world 'lvl_1'.
[2023.05.12-19.32.03:516][  0]LogAIModule: Creating AISystem for world lvl_1
[2023.05.12-19.32.03:551][  0]LogEditorServer: Finished looking for orphan Actors (0.000 secs)
[2023.05.12-19.32.03:564][  0]LogUObjectHash: Compacting FUObjectHashTables data took   1.21ms
[2023.05.12-19.32.03:564][  0]Cmd: MAP CHECKDEP NOCLEARLOG
[2023.05.12-19.32.03:565][  0]MapCheck: Map check complete: 0 Error(s), 0 Warning(s), took 0,321ms to complete.
[2023.05.12-19.32.03:565][  0]LogFileHelpers: Loading map 'lvl_1' took 1.405
[2023.05.12-19.32.03:581][  0]LogUnrealEdMisc: Total Editor Startup Time, took 17.092
[2023.05.12-19.32.03:718][  0]LogSlate: Updating window title bar state: overlay mode, drag disabled, window buttons hidden, title bar hidden
[2023.05.12-19.32.03:724][  0]LogSlate: Updating window title bar state: overlay mode, drag disabled, window buttons hidden, title bar hidden
[2023.05.12-19.32.03:729][  0]LogSlate: Updating window title bar state: overlay mode, drag disabled, window buttons hidden, title bar hidden
[2023.05.12-19.32.03:734][  0]LogSlate: Updating window title bar state: overlay mode, drag disabled, window buttons hidden, title bar hidden
[2023.05.12-19.32.03:769][  0]LogNativeClassHierarchy: Verbose: Native class hierarchy populated in 0.0091 seconds. Added 3822 classes and 928 folders.
[2023.05.12-19.32.03:775][  0]LogNativeClassHierarchy: Verbose: Native class hierarchy updated for 'WidgetCarousel' in 0.0003 seconds. Added 0 classes and 0 folders.
[2023.05.12-19.32.03:785][  0]LogPakFile: PakFile PrimaryIndexSize=187
[2023.05.12-19.32.03:785][  0]LogPakFile: PakFile PathHashIndexSize=101
[2023.05.12-19.32.03:785][  0]LogPakFile: PakFile FullDirectoryIndexSize=148
[2023.05.12-19.32.03:785][  0]LogShaderLibrary: Display: ShaderCodeLibraryPakFileMountedCallback: PakFile 'C:/Program Files/Epic Games/UE_4.27/FeaturePacks/FP_FirstPerson.upack' (chunk index -1, root 'root:/') mounted
[2023.05.12-19.32.03:785][  0]LogShaderLibrary: Display: ShaderCodeLibraryPakFileMountedCallback: pending pak file info (ChunkID:-1 Root:root:/ File:C:/Program Files/Epic Games/UE_4.27/FeaturePacks/FP_FirstPerson.upack)
[2023.05.12-19.32.03:785][  0]LogPakFile: OnPakFileMounted2Time == 0.000047
[2023.05.12-19.32.03:794][  0]LogPakFile: PakFile PrimaryIndexSize=189
[2023.05.12-19.32.03:794][  0]LogPakFile: PakFile PathHashIndexSize=101
[2023.05.12-19.32.03:794][  0]LogPakFile: PakFile FullDirectoryIndexSize=152
[2023.05.12-19.32.03:794][  0]LogShaderLibrary: Display: ShaderCodeLibraryPakFileMountedCallback: PakFile 'C:/Program Files/Epic Games/UE_4.27/FeaturePacks/FP_FirstPersonBP.upack' (chunk index -1, root 'root:/') mounted
[2023.05.12-19.32.03:794][  0]LogShaderLibrary: Display: ShaderCodeLibraryPakFileMountedCallback: pending pak file info (ChunkID:-1 Root:root:/ File:C:/Program Files/Epic Games/UE_4.27/FeaturePacks/FP_FirstPersonBP.upack)
[2023.05.12-19.32.03:794][  0]LogPakFile: OnPakFileMounted2Time == 0.000041
[2023.05.12-19.32.03:800][  0]LogPakFile: PakFile PrimaryIndexSize=191
[2023.05.12-19.32.03:800][  0]LogPakFile: PakFile PathHashIndexSize=101
[2023.05.12-19.32.03:800][  0]LogPakFile: PakFile FullDirectoryIndexSize=160
[2023.05.12-19.32.03:800][  0]LogShaderLibrary: Display: ShaderCodeLibraryPakFileMountedCallback: PakFile 'C:/Program Files/Epic Games/UE_4.27/FeaturePacks/MobileStarterContent.upack' (chunk index -1, root 'root:/') mounted
[2023.05.12-19.32.03:800][  0]LogShaderLibrary: Display: ShaderCodeLibraryPakFileMountedCallback: pending pak file info (ChunkID:-1 Root:root:/ File:C:/Program Files/Epic Games/UE_4.27/FeaturePacks/MobileStarterContent.upack)
[2023.05.12-19.32.03:800][  0]LogPakFile: OnPakFileMounted2Time == 0.000034
[2023.05.12-19.32.03:805][  0]LogPakFile: PakFile PrimaryIndexSize=185
[2023.05.12-19.32.03:805][  0]LogPakFile: PakFile PathHashIndexSize=101
[2023.05.12-19.32.03:805][  0]LogPakFile: PakFile FullDirectoryIndexSize=148
[2023.05.12-19.32.03:805][  0]LogShaderLibrary: Display: ShaderCodeLibraryPakFileMountedCallback: PakFile 'C:/Program Files/Epic Games/UE_4.27/FeaturePacks/StarterContent.upack' (chunk index -1, root 'root:/') mounted
[2023.05.12-19.32.03:805][  0]LogShaderLibrary: Display: ShaderCodeLibraryPakFileMountedCallback: pending pak file info (ChunkID:-1 Root:root:/ File:C:/Program Files/Epic Games/UE_4.27/FeaturePacks/StarterContent.upack)
[2023.05.12-19.32.03:805][  0]LogPakFile: OnPakFileMounted2Time == 0.000036
[2023.05.12-19.32.03:811][  0]LogPakFile: PakFile PrimaryIndexSize=190
[2023.05.12-19.32.03:811][  0]LogPakFile: PakFile PathHashIndexSize=101
[2023.05.12-19.32.03:811][  0]LogPakFile: PakFile FullDirectoryIndexSize=154
[2023.05.12-19.32.03:811][  0]LogShaderLibrary: Display: ShaderCodeLibraryPakFileMountedCallback: PakFile 'C:/Program Files/Epic Games/UE_4.27/FeaturePacks/TP_2DSideScroller.upack' (chunk index -1, root 'root:/') mounted
[2023.05.12-19.32.03:811][  0]LogShaderLibrary: Display: ShaderCodeLibraryPakFileMountedCallback: pending pak file info (ChunkID:-1 Root:root:/ File:C:/Program Files/Epic Games/UE_4.27/FeaturePacks/TP_2DSideScroller.upack)
[2023.05.12-19.32.03:811][  0]LogPakFile: OnPakFileMounted2Time == 0.000038
[2023.05.12-19.32.03:816][  0]LogPakFile: PakFile PrimaryIndexSize=192
[2023.05.12-19.32.03:816][  0]LogPakFile: PakFile PathHashIndexSize=101
[2023.05.12-19.32.03:816][  0]LogPakFile: PakFile FullDirectoryIndexSize=158
[2023.05.12-19.32.03:816][  0]LogShaderLibrary: Display: ShaderCodeLibraryPakFileMountedCallback: PakFile 'C:/Program Files/Epic Games/UE_4.27/FeaturePacks/TP_2DSideScrollerBP.upack' (chunk index -1, root 'root:/') mounted
[2023.05.12-19.32.03:816][  0]LogShaderLibrary: Display: ShaderCodeLibraryPakFileMountedCallback: pending pak file info (ChunkID:-1 Root:root:/ File:C:/Program Files/Epic Games/UE_4.27/FeaturePacks/TP_2DSideScrollerBP.upack)
[2023.05.12-19.32.03:816][  0]LogPakFile: OnPakFileMounted2Time == 0.000034
[2023.05.12-19.32.03:822][  0]LogPakFile: PakFile PrimaryIndexSize=182
[2023.05.12-19.32.03:822][  0]LogPakFile: PakFile PathHashIndexSize=101
[2023.05.12-19.32.03:822][  0]LogPakFile: PakFile FullDirectoryIndexSize=138
[2023.05.12-19.32.03:822][  0]LogShaderLibrary: Display: ShaderCodeLibraryPakFileMountedCallback: PakFile 'C:/Program Files/Epic Games/UE_4.27/FeaturePacks/TP_Flying.upack' (chunk index -1, root 'root:/') mounted
[2023.05.12-19.32.03:822][  0]LogShaderLibrary: Display: ShaderCodeLibraryPakFileMountedCallback: pending pak file info (ChunkID:-1 Root:root:/ File:C:/Program Files/Epic Games/UE_4.27/FeaturePacks/TP_Flying.upack)
[2023.05.12-19.32.03:822][  0]LogPakFile: OnPakFileMounted2Time == 0.000040
[2023.05.12-19.32.03:828][  0]LogPakFile: PakFile PrimaryIndexSize=184
[2023.05.12-19.32.03:828][  0]LogPakFile: PakFile PathHashIndexSize=101
[2023.05.12-19.32.03:828][  0]LogPakFile: PakFile FullDirectoryIndexSize=142
[2023.05.12-19.32.03:828][  0]LogShaderLibrary: Display: ShaderCodeLibraryPakFileMountedCallback: PakFile 'C:/Program Files/Epic Games/UE_4.27/FeaturePacks/TP_FlyingBP.upack' (chunk index -1, root 'root:/') mounted
[2023.05.12-19.32.03:828][  0]LogShaderLibrary: Display: ShaderCodeLibraryPakFileMountedCallback: pending pak file info (ChunkID:-1 Root:root:/ File:C:/Program Files/Epic Games/UE_4.27/FeaturePacks/TP_FlyingBP.upack)
[2023.05.12-19.32.03:828][  0]LogPakFile: OnPakFileMounted2Time == 0.000033
[2023.05.12-19.32.03:835][  0]LogPakFile: PakFile PrimaryIndexSize=188
[2023.05.12-19.32.03:835][  0]LogPakFile: PakFile PathHashIndexSize=101
[2023.05.12-19.32.03:835][  0]LogPakFile: PakFile FullDirectoryIndexSize=150
[2023.05.12-19.32.03:835][  0]LogShaderLibrary: Display: ShaderCodeLibraryPakFileMountedCallback: PakFile 'C:/Program Files/Epic Games/UE_4.27/FeaturePacks/TP_HandheldARBP.upack' (chunk index -1, root 'root:/') mounted
[2023.05.12-19.32.03:835][  0]LogShaderLibrary: Display: ShaderCodeLibraryPakFileMountedCallback: pending pak file info (ChunkID:-1 Root:root:/ File:C:/Program Files/Epic Games/UE_4.27/FeaturePacks/TP_HandheldARBP.upack)
[2023.05.12-19.32.03:835][  0]LogPakFile: OnPakFileMounted2Time == 0.000034
[2023.05.12-19.32.03:841][  0]LogPakFile: PakFile PrimaryIndexSize=182
[2023.05.12-19.32.03:841][  0]LogPakFile: PakFile PathHashIndexSize=101
[2023.05.12-19.32.03:841][  0]LogPakFile: PakFile FullDirectoryIndexSize=138
[2023.05.12-19.32.03:841][  0]LogShaderLibrary: Display: ShaderCodeLibraryPakFileMountedCallback: PakFile 'C:/Program Files/Epic Games/UE_4.27/FeaturePacks/TP_Puzzle.upack' (chunk index -1, root 'root:/') mounted
[2023.05.12-19.32.03:841][  0]LogShaderLibrary: Display: ShaderCodeLibraryPakFileMountedCallback: pending pak file info (ChunkID:-1 Root:root:/ File:C:/Program Files/Epic Games/UE_4.27/FeaturePacks/TP_Puzzle.upack)
[2023.05.12-19.32.03:841][  0]LogPakFile: OnPakFileMounted2Time == 0.000034
[2023.05.12-19.32.03:846][  0]LogPakFile: PakFile PrimaryIndexSize=184
[2023.05.12-19.32.03:846][  0]LogPakFile: PakFile PathHashIndexSize=101
[2023.05.12-19.32.03:846][  0]LogPakFile: PakFile FullDirectoryIndexSize=142
[2023.05.12-19.32.03:846][  0]LogShaderLibrary: Display: ShaderCodeLibraryPakFileMountedCallback: PakFile 'C:/Program Files/Epic Games/UE_4.27/FeaturePacks/TP_PuzzleBP.upack' (chunk index -1, root 'root:/') mounted
[2023.05.12-19.32.03:846][  0]LogShaderLibrary: Display: ShaderCodeLibraryPakFileMountedCallback: pending pak file info (ChunkID:-1 Root:root:/ File:C:/Program Files/Epic Games/UE_4.27/FeaturePacks/TP_PuzzleBP.upack)
[2023.05.12-19.32.03:846][  0]LogPakFile: OnPakFileMounted2Time == 0.000033
[2023.05.12-19.32.03:852][  0]LogPakFile: PakFile PrimaryIndexSize=183
[2023.05.12-19.32.03:852][  0]LogPakFile: PakFile PathHashIndexSize=101
[2023.05.12-19.32.03:852][  0]LogPakFile: PakFile FullDirectoryIndexSize=140
[2023.05.12-19.32.03:852][  0]LogShaderLibrary: Display: ShaderCodeLibraryPakFileMountedCallback: PakFile 'C:/Program Files/Epic Games/UE_4.27/FeaturePacks/TP_Rolling.upack' (chunk index -1, root 'root:/') mounted
[2023.05.12-19.32.03:852][  0]LogShaderLibrary: Display: ShaderCodeLibraryPakFileMountedCallback: pending pak file info (ChunkID:-1 Root:root:/ File:C:/Program Files/Epic Games/UE_4.27/FeaturePacks/TP_Rolling.upack)
[2023.05.12-19.32.03:852][  0]LogPakFile: OnPakFileMounted2Time == 0.000050
[2023.05.12-19.32.03:858][  0]LogPakFile: PakFile PrimaryIndexSize=185
[2023.05.12-19.32.03:858][  0]LogPakFile: PakFile PathHashIndexSize=101
[2023.05.12-19.32.03:858][  0]LogPakFile: PakFile FullDirectoryIndexSize=144
[2023.05.12-19.32.03:858][  0]LogShaderLibrary: Display: ShaderCodeLibraryPakFileMountedCallback: PakFile 'C:/Program Files/Epic Games/UE_4.27/FeaturePacks/TP_RollingBP.upack' (chunk index -1, root 'root:/') mounted
[2023.05.12-19.32.03:858][  0]LogShaderLibrary: Display: ShaderCodeLibraryPakFileMountedCallback: pending pak file info (ChunkID:-1 Root:root:/ File:C:/Program Files/Epic Games/UE_4.27/FeaturePacks/TP_RollingBP.upack)
[2023.05.12-19.32.03:858][  0]LogPakFile: OnPakFileMounted2Time == 0.000041
[2023.05.12-19.32.03:864][  0]LogPakFile: PakFile PrimaryIndexSize=188
[2023.05.12-19.32.03:864][  0]LogPakFile: PakFile PathHashIndexSize=101
[2023.05.12-19.32.03:864][  0]LogPakFile: PakFile FullDirectoryIndexSize=150
[2023.05.12-19.32.03:864][  0]LogShaderLibrary: Display: ShaderCodeLibraryPakFileMountedCallback: PakFile 'C:/Program Files/Epic Games/UE_4.27/FeaturePacks/TP_SideScroller.upack' (chunk index -1, root 'root:/') mounted
[2023.05.12-19.32.03:864][  0]LogShaderLibrary: Display: ShaderCodeLibraryPakFileMountedCallback: pending pak file info (ChunkID:-1 Root:root:/ File:C:/Program Files/Epic Games/UE_4.27/FeaturePacks/TP_SideScroller.upack)
[2023.05.12-19.32.03:864][  0]LogPakFile: OnPakFileMounted2Time == 0.000039
[2023.05.12-19.32.03:869][  0]LogPakFile: PakFile PrimaryIndexSize=190
[2023.05.12-19.32.03:869][  0]LogPakFile: PakFile PathHashIndexSize=101
[2023.05.12-19.32.03:869][  0]LogPakFile: PakFile FullDirectoryIndexSize=154
[2023.05.12-19.32.03:869][  0]LogShaderLibrary: Display: ShaderCodeLibraryPakFileMountedCallback: PakFile 'C:/Program Files/Epic Games/UE_4.27/FeaturePacks/TP_SideScrollerBP.upack' (chunk index -1, root 'root:/') mounted
[2023.05.12-19.32.03:869][  0]LogShaderLibrary: Display: ShaderCodeLibraryPakFileMountedCallback: pending pak file info (ChunkID:-1 Root:root:/ File:C:/Program Files/Epic Games/UE_4.27/FeaturePacks/TP_SideScrollerBP.upack)
[2023.05.12-19.32.03:869][  0]LogPakFile: OnPakFileMounted2Time == 0.000034
[2023.05.12-19.32.03:875][  0]LogPakFile: PakFile PrimaryIndexSize=187
[2023.05.12-19.32.03:875][  0]LogPakFile: PakFile PathHashIndexSize=101
[2023.05.12-19.32.03:875][  0]LogPakFile: PakFile FullDirectoryIndexSize=148
[2023.05.12-19.32.03:875][  0]LogShaderLibrary: Display: ShaderCodeLibraryPakFileMountedCallback: PakFile 'C:/Program Files/Epic Games/UE_4.27/FeaturePacks/TP_ThirdPerson.upack' (chunk index -1, root 'root:/') mounted
[2023.05.12-19.32.03:875][  0]LogShaderLibrary: Display: ShaderCodeLibraryPakFileMountedCallback: pending pak file info (ChunkID:-1 Root:root:/ File:C:/Program Files/Epic Games/UE_4.27/FeaturePacks/TP_ThirdPerson.upack)
[2023.05.12-19.32.03:875][  0]LogPakFile: OnPakFileMounted2Time == 0.000034
[2023.05.12-19.32.03:880][  0]LogPakFile: PakFile PrimaryIndexSize=189
[2023.05.12-19.32.03:880][  0]LogPakFile: PakFile PathHashIndexSize=101
[2023.05.12-19.32.03:880][  0]LogPakFile: PakFile FullDirectoryIndexSize=152
[2023.05.12-19.32.03:880][  0]LogShaderLibrary: Display: ShaderCodeLibraryPakFileMountedCallback: PakFile 'C:/Program Files/Epic Games/UE_4.27/FeaturePacks/TP_ThirdPersonBP.upack' (chunk index -1, root 'root:/') mounted
[2023.05.12-19.32.03:880][  0]LogShaderLibrary: Display: ShaderCodeLibraryPakFileMountedCallback: pending pak file info (ChunkID:-1 Root:root:/ File:C:/Program Files/Epic Games/UE_4.27/FeaturePacks/TP_ThirdPersonBP.upack)
[2023.05.12-19.32.03:880][  0]LogPakFile: OnPakFileMounted2Time == 0.000037
[2023.05.12-19.32.03:886][  0]LogPakFile: PakFile PrimaryIndexSize=183
[2023.05.12-19.32.03:886][  0]LogPakFile: PakFile PathHashIndexSize=101
[2023.05.12-19.32.03:886][  0]LogPakFile: PakFile FullDirectoryIndexSize=140
[2023.05.12-19.32.03:886][  0]LogShaderLibrary: Display: ShaderCodeLibraryPakFileMountedCallback: PakFile 'C:/Program Files/Epic Games/UE_4.27/FeaturePacks/TP_TopDown.upack' (chunk index -1, root 'root:/') mounted
[2023.05.12-19.32.03:886][  0]LogShaderLibrary: Display: ShaderCodeLibraryPakFileMountedCallback: pending pak file info (ChunkID:-1 Root:root:/ File:C:/Program Files/Epic Games/UE_4.27/FeaturePacks/TP_TopDown.upack)
[2023.05.12-19.32.03:886][  0]LogPakFile: OnPakFileMounted2Time == 0.000043
[2023.05.12-19.32.03:893][  0]LogPakFile: PakFile PrimaryIndexSize=185
[2023.05.12-19.32.03:893][  0]LogPakFile: PakFile PathHashIndexSize=101
[2023.05.12-19.32.03:893][  0]LogPakFile: PakFile FullDirectoryIndexSize=144
[2023.05.12-19.32.03:893][  0]LogShaderLibrary: Display: ShaderCodeLibraryPakFileMountedCallback: PakFile 'C:/Program Files/Epic Games/UE_4.27/FeaturePacks/TP_TopDownBP.upack' (chunk index -1, root 'root:/') mounted
[2023.05.12-19.32.03:893][  0]LogShaderLibrary: Display: ShaderCodeLibraryPakFileMountedCallback: pending pak file info (ChunkID:-1 Root:root:/ File:C:/Program Files/Epic Games/UE_4.27/FeaturePacks/TP_TopDownBP.upack)
[2023.05.12-19.32.03:893][  0]LogPakFile: OnPakFileMounted2Time == 0.000035
[2023.05.12-19.32.03:901][  0]LogPakFile: PakFile PrimaryIndexSize=185
[2023.05.12-19.32.03:901][  0]LogPakFile: PakFile PathHashIndexSize=101
[2023.05.12-19.32.03:901][  0]LogPakFile: PakFile FullDirectoryIndexSize=144
[2023.05.12-19.32.03:901][  0]LogShaderLibrary: Display: ShaderCodeLibraryPakFileMountedCallback: PakFile 'C:/Program Files/Epic Games/UE_4.27/FeaturePacks/TP_TwinStick.upack' (chunk index -1, root 'root:/') mounted
[2023.05.12-19.32.03:901][  0]LogShaderLibrary: Display: ShaderCodeLibraryPakFileMountedCallback: pending pak file info (ChunkID:-1 Root:root:/ File:C:/Program Files/Epic Games/UE_4.27/FeaturePacks/TP_TwinStick.upack)
[2023.05.12-19.32.03:901][  0]LogPakFile: OnPakFileMounted2Time == 0.000034
[2023.05.12-19.32.03:906][  0]LogPakFile: PakFile PrimaryIndexSize=187
[2023.05.12-19.32.03:906][  0]LogPakFile: PakFile PathHashIndexSize=101
[2023.05.12-19.32.03:906][  0]LogPakFile: PakFile FullDirectoryIndexSize=148
[2023.05.12-19.32.03:906][  0]LogShaderLibrary: Display: ShaderCodeLibraryPakFileMountedCallback: PakFile 'C:/Program Files/Epic Games/UE_4.27/FeaturePacks/TP_TwinStickBP.upack' (chunk index -1, root 'root:/') mounted
[2023.05.12-19.32.03:906][  0]LogShaderLibrary: Display: ShaderCodeLibraryPakFileMountedCallback: pending pak file info (ChunkID:-1 Root:root:/ File:C:/Program Files/Epic Games/UE_4.27/FeaturePacks/TP_TwinStickBP.upack)
[2023.05.12-19.32.03:906][  0]LogPakFile: OnPakFileMounted2Time == 0.000035
[2023.05.12-19.32.03:912][  0]LogPakFile: PakFile PrimaryIndexSize=183
[2023.05.12-19.32.03:912][  0]LogPakFile: PakFile PathHashIndexSize=101
[2023.05.12-19.32.03:912][  0]LogPakFile: PakFile FullDirectoryIndexSize=140
[2023.05.12-19.32.03:912][  0]LogShaderLibrary: Display: ShaderCodeLibraryPakFileMountedCallback: PakFile 'C:/Program Files/Epic Games/UE_4.27/FeaturePacks/TP_Vehicle.upack' (chunk index -1, root 'root:/') mounted
[2023.05.12-19.32.03:912][  0]LogShaderLibrary: Display: ShaderCodeLibraryPakFileMountedCallback: pending pak file info (ChunkID:-1 Root:root:/ File:C:/Program Files/Epic Games/UE_4.27/FeaturePacks/TP_Vehicle.upack)
[2023.05.12-19.32.03:912][  0]LogPakFile: OnPakFileMounted2Time == 0.000032
[2023.05.12-19.32.03:918][  0]LogPakFile: PakFile PrimaryIndexSize=186
[2023.05.12-19.32.03:918][  0]LogPakFile: PakFile PathHashIndexSize=101
[2023.05.12-19.32.03:918][  0]LogPakFile: PakFile FullDirectoryIndexSize=146
[2023.05.12-19.32.03:918][  0]LogShaderLibrary: Display: ShaderCodeLibraryPakFileMountedCallback: PakFile 'C:/Program Files/Epic Games/UE_4.27/FeaturePacks/TP_VehicleAdv.upack' (chunk index -1, root 'root:/') mounted
[2023.05.12-19.32.03:918][  0]LogShaderLibrary: Display: ShaderCodeLibraryPakFileMountedCallback: pending pak file info (ChunkID:-1 Root:root:/ File:C:/Program Files/Epic Games/UE_4.27/FeaturePacks/TP_VehicleAdv.upack)
[2023.05.12-19.32.03:918][  0]LogPakFile: OnPakFileMounted2Time == 0.000052
[2023.05.12-19.32.03:923][  0]LogPakFile: PakFile PrimaryIndexSize=188
[2023.05.12-19.32.03:923][  0]LogPakFile: PakFile PathHashIndexSize=101
[2023.05.12-19.32.03:923][  0]LogPakFile: PakFile FullDirectoryIndexSize=150
[2023.05.12-19.32.03:924][  0]LogShaderLibrary: Display: ShaderCodeLibraryPakFileMountedCallback: PakFile 'C:/Program Files/Epic Games/UE_4.27/FeaturePacks/TP_VehicleAdvBP.upack' (chunk index -1, root 'root:/') mounted
[2023.05.12-19.32.03:924][  0]LogShaderLibrary: Display: ShaderCodeLibraryPakFileMountedCallback: pending pak file info (ChunkID:-1 Root:root:/ File:C:/Program Files/Epic Games/UE_4.27/FeaturePacks/TP_VehicleAdvBP.upack)
[2023.05.12-19.32.03:924][  0]LogPakFile: OnPakFileMounted2Time == 0.000036
[2023.05.12-19.32.03:929][  0]LogPakFile: PakFile PrimaryIndexSize=185
[2023.05.12-19.32.03:929][  0]LogPakFile: PakFile PathHashIndexSize=101
[2023.05.12-19.32.03:929][  0]LogPakFile: PakFile FullDirectoryIndexSize=144
[2023.05.12-19.32.03:929][  0]LogShaderLibrary: Display: ShaderCodeLibraryPakFileMountedCallback: PakFile 'C:/Program Files/Epic Games/UE_4.27/FeaturePacks/TP_VehicleBP.upack' (chunk index -1, root 'root:/') mounted
[2023.05.12-19.32.03:929][  0]LogShaderLibrary: Display: ShaderCodeLibraryPakFileMountedCallback: pending pak file info (ChunkID:-1 Root:root:/ File:C:/Program Files/Epic Games/UE_4.27/FeaturePacks/TP_VehicleBP.upack)
[2023.05.12-19.32.03:929][  0]LogPakFile: OnPakFileMounted2Time == 0.000040
[2023.05.12-19.32.03:934][  0]LogPakFile: PakFile PrimaryIndexSize=192
[2023.05.12-19.32.03:934][  0]LogPakFile: PakFile PathHashIndexSize=101
[2023.05.12-19.32.03:934][  0]LogPakFile: PakFile FullDirectoryIndexSize=158
[2023.05.12-19.32.03:934][  0]LogShaderLibrary: Display: ShaderCodeLibraryPakFileMountedCallback: PakFile 'C:/Program Files/Epic Games/UE_4.27/FeaturePacks/TP_VirtualRealityBP.upack' (chunk index -1, root 'root:/') mounted
[2023.05.12-19.32.03:934][  0]LogShaderLibrary: Display: ShaderCodeLibraryPakFileMountedCallback: pending pak file info (ChunkID:-1 Root:root:/ File:C:/Program Files/Epic Games/UE_4.27/FeaturePacks/TP_VirtualRealityBP.upack)
[2023.05.12-19.32.03:934][  0]LogPakFile: OnPakFileMounted2Time == 0.000033
[2023.05.12-19.32.04:143][  0]LogNativeClassHierarchy: Verbose: Native class hierarchy updated for 'AddContentDialog' in 0.0003 seconds. Added 0 classes and 0 folders.
[2023.05.12-19.32.04:148][  0]LogNativeClassHierarchy: Verbose: Native class hierarchy updated for 'SceneOutliner' in 0.0002 seconds. Added 2 classes and 0 folders.
[2023.05.12-19.32.04:210][  0]LogSlate: Took 0.004257 seconds to synchronously load lazily loaded font '../../../Engine/Content/Slate/Fonts/Roboto-Regular.ttf' (155K)
[2023.05.12-19.32.04:216][  0]LogSlate: Took 0.004448 seconds to synchronously load lazily loaded font '../../../Engine/Content/Editor/Slate/Fonts/FontAwesome.ttf' (139K)
[2023.05.12-19.32.04:221][  0]LogSlate: Took 0.003794 seconds to synchronously load lazily loaded font '../../../Engine/Content/Slate/Fonts/Roboto-Bold.ttf' (160K)
[2023.05.12-19.32.04:333][  0]LogRenderer: Reallocating scene render targets to support 1392x760 Format 10 NumSamples 1 (Frame:1).
[2023.05.12-19.32.04:426][  0]LogNativeClassHierarchy: Verbose: Native class hierarchy updated for 'HierarchicalLODOutliner' in 0.0003 seconds. Added 0 classes and 0 folders.
[2023.05.12-19.32.04:426][  0]LogInput: Warning: Action Jump uses invalid key MotionController_Left_Trigger.
[2023.05.12-19.32.04:426][  0]LogInput: Warning: Action ResetVR uses invalid key MotionController_Left_Grip1.
[2023.05.12-19.32.04:426][  0]LogInput: Warning: Action Jump uses invalid key MotionController_Right_Trigger.
[2023.05.12-19.32.04:426][  0]LogInput: Warning: Action Jump uses invalid key OculusTouchpad_Touchpad.
[2023.05.12-19.32.04:426][  0]LogInput: Warning: Use -RemoveInvalidKeys to remove instances of these keys from the action mapping.
[2023.05.12-19.32.04:426][  0]LogLoad: (Engine Initialization) Total time: 17.94 seconds
[2023.05.12-19.32.04:426][  0]LogLoad: (Engine Initialization) Total Blueprint compile time: 0.00 seconds
[2023.05.12-19.32.04:470][  0]LogAssetRegistry: Asset discovery search completed in 7.8627 seconds
[2023.05.12-19.32.04:476][  0]LogCollectionManager: Fixed up redirectors for 0 collections in 0.000003 seconds (updated 0 objects)
[2023.05.12-19.32.04:479][  0]LogContentStreaming: Texture pool size now 1000 MB
[2023.05.12-19.32.44:239][325]LogSlate: Took 0.003928 seconds to synchronously load lazily loaded font '../../../Engine/Content/Slate/Fonts/Roboto-Italic.ttf' (157K)
[2023.05.12-19.32.52:289][227]LogWindowsTextInputMethodSystem: Display: IME system deactivated.
[2023.05.12-19.32.52:289][227]LogWindowsTextInputMethodSystem: Display: IME system deactivated.
[2023.05.12-19.33.28:532][197]LogDirectoryWatcher: Display: A directory notification failed for 'D:/Git/Runner-Jam/JamRunner/Content/Collections/' because it could not be accessed. Aborting watch request...
[2023.05.12-19.33.28:532][197]LogDirectoryWatcher: Display: A directory notification failed for 'D:/Git/Runner-Jam/JamRunner/Content/Developers/aleks/Collections/' because it could not be accessed. Aborting watch request...
[2023.05.12-19.33.28:575][201]LogDirectoryWatcher: Display: A directory notification failed for 'D:/Git/Runner-Jam/JamRunner/Saved/Collections/' because it could not be accessed. Aborting watch request...
