Log file open, 05/07/23 11:55:06
LogWindows: Failed to load 'aqProf.dll' (GetLastError=126)
LogWindows: File 'aqProf.dll' does not exist
LogWindows: Failed to load 'VtuneApi.dll' (GetLastError=126)
LogWindows: File 'VtuneApi.dll' does not exist
LogWindows: Failed to load 'VtuneApi32e.dll' (GetLastError=126)
LogWindows: File 'VtuneApi32e.dll' does not exist
LogConsoleResponse: Display: Failed to find resolution value strings in scalability ini. Falling back to default.
LogInit: Display: Running engine for game: JamRunner
LogPlatformFile: Not using cached read wrapper
LogTaskGraph: Started task graph with 5 named threads and 35 total threads with 3 sets of task threads.
LogStats: Stats thread started at 0.643131
LogD3D11RHI: Loaded GFSDK_Aftermath_Lib.x64.dll
LogICUInternationalization: ICU TimeZone Detection - Raw Offset: +3:00, Platform Override: ''
LogPluginManager: Mounting plugin Paper2D
LogPluginManager: Mounting plugin AISupport
LogPluginManager: Mounting plugin LightPropagationVolume
LogPluginManager: Mounting plugin ActorLayerUtilities
LogPluginManager: Mounting plugin AnimationSharing
LogPluginManager: Mounting plugin CLionSourceCodeAccess
LogPluginManager: Mounting plugin CodeLiteSourceCodeAccess
LogPluginManager: Mounting plugin GitSourceControl
LogPluginManager: Mounting plugin KDevelopSourceCodeAccess
LogPluginManager: Mounting plugin NullSourceCodeAccess
LogPluginManager: Mounting plugin PerforceSourceControl
LogPluginManager: Mounting plugin SubversionSourceControl
LogPluginManager: Mounting plugin UObjectPlugin
LogPluginManager: Mounting plugin VisualStudioCodeSourceCodeAccess
LogPluginManager: Mounting plugin VisualStudioSourceCodeAccess
LogPluginManager: Mounting plugin XCodeSourceCodeAccess
LogPluginManager: Mounting plugin AssetManagerEditor
LogPluginManager: Mounting plugin CryptoKeys
LogPluginManager: Mounting plugin CurveEditorTools
LogPluginManager: Mounting plugin DataValidation
LogPluginManager: Mounting plugin FacialAnimation
LogPluginManager: Mounting plugin GameplayTagsEditor
LogPluginManager: Mounting plugin MacGraphicsSwitching
LogPluginManager: Mounting plugin MaterialAnalyzer
LogPluginManager: Mounting plugin MobileLauncherProfileWizard
LogPluginManager: Mounting plugin PluginBrowser
LogPluginManager: Mounting plugin SpeedTreeImporter
LogPluginManager: Mounting plugin DatasmithContent
LogPluginManager: Mounting plugin VariantManagerContent
LogPluginManager: Mounting plugin AlembicImporter
LogPluginManager: Mounting plugin AutomationUtils
LogPluginManager: Mounting plugin BackChannel
LogPluginManager: Mounting plugin CharacterAI
LogPluginManager: Mounting plugin GeometryCache
LogPluginManager: Mounting plugin HTML5Networking
LogPluginManager: Mounting plugin PlatformCrypto
LogPluginManager: Mounting plugin ProxyLODPlugin
LogPluginManager: Mounting plugin SkeletalReduction
LogPluginManager: Mounting plugin MagicLeap
LogPluginManager: Mounting plugin MagicLeapMedia
LogPluginManager: Mounting plugin AndroidMedia
LogPluginManager: Mounting plugin AvfMedia
LogPluginManager: Mounting plugin ImgMedia
LogPluginManager: Mounting plugin MediaCompositing
LogPluginManager: Mounting plugin MediaPlayerEditor
LogPluginManager: Mounting plugin WebMMedia
LogPluginManager: Mounting plugin WmfMedia
LogPluginManager: Mounting plugin TcpMessaging
LogPluginManager: Mounting plugin UdpMessaging
LogPluginManager: Mounting plugin ActorSequence
LogPluginManager: Mounting plugin LevelSequenceEditor
LogPluginManager: Mounting plugin MatineeToLevelSequence
LogPluginManager: Mounting plugin NetcodeUnitTest
LogPluginManager: Mounting plugin NUTUnrealEngine4
LogPluginManager: Mounting plugin OnlineSubsystemGooglePlay
LogPluginManager: Mounting plugin OnlineSubsystemIOS
LogPluginManager: Mounting plugin OnlineSubsystem
LogPluginManager: Mounting plugin OnlineSubsystemNull
LogPluginManager: Mounting plugin OnlineSubsystemUtils
LogPluginManager: Mounting plugin LauncherChunkInstaller
LogPluginManager: Mounting plugin AndroidDeviceProfileSelector
LogPluginManager: Mounting plugin AndroidMoviePlayer
LogPluginManager: Mounting plugin AndroidPermission
LogPluginManager: Mounting plugin AppleImageUtils
LogPluginManager: Mounting plugin AppleMoviePlayer
LogPluginManager: Mounting plugin ArchVisCharacter
LogPluginManager: Mounting plugin AudioCapture
LogPluginManager: Mounting plugin CableComponent
LogPluginManager: Mounting plugin CustomMeshComponent
LogPluginManager: Mounting plugin EditableMesh
LogPluginManager: Mounting plugin ExampleDeviceProfileSelector
LogPluginManager: Mounting plugin GoogleCloudMessaging
LogPluginManager: Mounting plugin IOSDeviceProfileSelector
LogPluginManager: Mounting plugin LinuxDeviceProfileSelector
LogPluginManager: Mounting plugin LocationServicesBPLibrary
LogPluginManager: Mounting plugin MobilePatchingUtils
LogPluginManager: Mounting plugin OculusVR
LogPluginManager: Mounting plugin PhysXVehicles
LogPluginManager: Mounting plugin ProceduralMeshComponent
LogPluginManager: Mounting plugin RuntimePhysXCooking
LogPluginManager: Mounting plugin SignificanceManager
LogPluginManager: Mounting plugin SteamVR
LogPluginManager: Mounting plugin WebMMoviePlayer
LogPluginManager: Mounting plugin WindowsMoviePlayer
LogPluginManager: Mounting plugin ScreenshotTools
LogInit: Using libcurl 7.55.1-DEV
LogInit:  - built for x86_64-pc-win32
LogInit:  - supports SSL with OpenSSL/1.1.1
LogInit:  - supports HTTP deflate (compression) using libz 1.2.8
LogInit:  - other features:
LogInit:      CURL_VERSION_SSL
LogInit:      CURL_VERSION_LIBZ
LogInit:      CURL_VERSION_IPV6
LogInit:      CURL_VERSION_ASYNCHDNS
LogInit:      CURL_VERSION_LARGEFILE
LogInit:      CURL_VERSION_IDN
LogInit:  CurlRequestOptions (configurable via config and command line):
LogInit:  - bVerifyPeer = true  - Libcurl will verify peer certificate
LogInit:  - bUseHttpProxy = false  - Libcurl will NOT use HTTP proxy
LogInit:  - bDontReuseConnections = false  - Libcurl will reuse connections
LogInit:  - MaxHostConnections = 16  - Libcurl will limit the number of connections to a host
LogInit:  - LocalHostAddr = Default
LogInit:  - BufferSize = 65536
LogOnline: OSS: Creating online subsystem instance for: NULL
LogInit: WinSock: version 1.1 (2.2), MaxSocks=32767, MaxUdp=65467
LogInit: Build: ++UE4+Release-4.23-CL-9631420
LogInit: Engine Version: 4.23.1-9631420+++UE4+Release-4.23
LogInit: Compatible Engine Version: 4.23.0-8386587+++UE4+Release-4.23
LogInit: Net CL: 8386587
LogInit: OS: Windows 10 (Release 2009) (), CPU: 11th Gen Intel(R) Core(TM) i5-11400H @ 2.70GHz, GPU: Intel(R) UHD Graphics
LogInit: Compiled (64-bit): Oct 18 2019 02:07:44
LogInit: Compiled with Visual C++: 19.16.27030.01
LogInit: Build Configuration: Development
LogInit: Branch Name: ++UE4+Release-4.23
LogInit: Command Line: 
LogInit: Base Directory: C:/Program Files/Epic Games/UE_4.23/Engine/Binaries/Win64/
LogInit: Installed Engine Build: 1
LogDevObjectVersion: Number of dev versions registered: 23
LogDevObjectVersion:   Dev-Blueprints (B0D832E4-1F89-4F0D-ACCF-7EB736FD4AA2): 10
LogDevObjectVersion:   Dev-Build (E1C64328-A22C-4D53-A36C-8E866417BD8C): 0
LogDevObjectVersion:   Dev-Core (375EC13C-06E4-48FB-B500-84F0262A717E): 3
LogDevObjectVersion:   Dev-Editor (E4B068ED-F494-42E9-A231-DA0B2E46BB41): 34
LogDevObjectVersion:   Dev-Framework (CFFC743F-43B0-4480-9391-14DF171D2073): 35
LogDevObjectVersion:   Dev-Mobile (B02B49B5-BB20-44E9-A304-32B752E40360): 2
LogDevObjectVersion:   Dev-Networking (A4E4105C-59A1-49B5-A7C5-40C4547EDFEE): 0
LogDevObjectVersion:   Dev-Online (39C831C9-5AE6-47DC-9A44-9C173E1C8E7C): 0
LogDevObjectVersion:   Dev-Physics (78F01B33-EBEA-4F98-B9B4-84EACCB95AA2): 0
LogDevObjectVersion:   Dev-Platform (6631380F-2D4D-43E0-8009-CF276956A95A): 0
LogDevObjectVersion:   Dev-Rendering (12F88B9F-8875-4AFC-A67C-D90C383ABD29): 31
LogDevObjectVersion:   Dev-Sequencer (7B5AE74C-D270-4C10-A958-57980B212A5A): 11
LogDevObjectVersion:   Dev-VR (D7296918-1DD6-4BDD-9DE2-64A83CC13884): 2
LogDevObjectVersion:   Dev-LoadTimes (C2A15278-BFE7-4AFE-6C17-90FF531DF755): 1
LogDevObjectVersion:   Private-Geometry (6EACA3D4-40EC-4CC1-B786-8BED09428FC5): 3
LogDevObjectVersion:   Dev-AnimPhys (29E575DD-E0A3-4627-9D10-D276232CDCEA): 17
LogDevObjectVersion:   Dev-Anim (AF43A65D-7FD3-4947-9873-3E8ED9C1BB05): 2
LogDevObjectVersion:   Dev-ReflectionCapture (6B266CEC-1EC7-4B8F-A30B-E4D90942FC07): 1
LogDevObjectVersion:   Dev-Automation (0DF73D61-A23F-47EA-B727-89E90C41499A): 1
LogDevObjectVersion:   FortniteMain (601D1886-AC64-4F84-AA16-D3DE0DEAC7D6): 27
LogDevObjectVersion:   Dev-Enterprise (9DFFBCD6-494F-0158-E221-12823C92A888): 6
LogDevObjectVersion:   Dev-Niagara (F2AED0AC-9AFE-416F-8664-AA7FFA26D6FC): 1
LogDevObjectVersion:   Dev-Destruction (174F1F0B-B4C6-45A5-B13F-2EE8D0FB917D): 9
LogInit: Presizing for max 16777216 objects, including 0 objects not considered by GC, pre-allocating 0 bytes for permanent pool.
LogInit: Object subsystem initialized
LogConfig: Setting CVar [[con.DebugEarlyDefault:1]]
LogConfig: Setting CVar [[r.setres:1280x720]]
[2023.05.07-08.55.06:929][  0]LogConfig: Setting CVar [[r.VSync:0]]
[2023.05.07-08.55.06:929][  0]LogConfig: Setting CVar [[r.RHICmdBypass:0]]
[2023.05.07-08.55.06:929][  0]LogConfig: Applying CVar settings from Section [/Script/Engine.RendererSettings] File [C:/Users/trifo/OneDrive/Документы/GitHub/Runner-Jam/JamRunner/Saved/Config/Windows/Engine.ini]
[2023.05.07-08.55.06:930][  0]LogConfig: Setting CVar [[r.GPUCrashDebugging:0]]
[2023.05.07-08.55.06:930][  0]LogConfig: Applying CVar settings from Section [/Script/Engine.RendererOverrideSettings] File [C:/Users/trifo/OneDrive/Документы/GitHub/Runner-Jam/JamRunner/Saved/Config/Windows/Engine.ini]
[2023.05.07-08.55.06:930][  0]LogConfig: Applying CVar settings from Section [/Script/Engine.StreamingSettings] File [C:/Users/trifo/OneDrive/Документы/GitHub/Runner-Jam/JamRunner/Saved/Config/Windows/Engine.ini]
[2023.05.07-08.55.06:930][  0]LogConfig: Setting CVar [[s.MinBulkDataSizeForAsyncLoading:131072]]
[2023.05.07-08.55.06:930][  0]LogConfig: Setting CVar [[s.AsyncLoadingThreadEnabled:0]]
[2023.05.07-08.55.06:930][  0]LogConfig: Setting CVar [[s.EventDrivenLoaderEnabled:1]]
[2023.05.07-08.55.06:930][  0]LogConfig: Setting CVar [[s.WarnIfTimeLimitExceeded:0]]
[2023.05.07-08.55.06:930][  0]LogConfig: Setting CVar [[s.TimeLimitExceededMultiplier:1.5]]
[2023.05.07-08.55.06:930][  0]LogConfig: Setting CVar [[s.TimeLimitExceededMinTime:0.005]]
[2023.05.07-08.55.06:930][  0]LogConfig: Setting CVar [[s.UseBackgroundLevelStreaming:1]]
[2023.05.07-08.55.06:930][  0]LogConfig: Setting CVar [[s.PriorityAsyncLoadingExtraTime:15.0]]
[2023.05.07-08.55.06:930][  0]LogConfig: Setting CVar [[s.LevelStreamingActorsUpdateTimeLimit:5.0]]
[2023.05.07-08.55.06:930][  0]LogConfig: Setting CVar [[s.PriorityLevelStreamingActorsUpdateExtraTime:5.0]]
[2023.05.07-08.55.06:930][  0]LogConfig: Setting CVar [[s.LevelStreamingComponentsRegistrationGranularity:10]]
[2023.05.07-08.55.06:930][  0]LogConfig: Setting CVar [[s.UnregisterComponentsTimeLimit:1.0]]
[2023.05.07-08.55.06:930][  0]LogConfig: Setting CVar [[s.LevelStreamingComponentsUnregistrationGranularity:5]]
[2023.05.07-08.55.06:930][  0]LogConfig: Applying CVar settings from Section [/Script/Engine.GarbageCollectionSettings] File [C:/Users/trifo/OneDrive/Документы/GitHub/Runner-Jam/JamRunner/Saved/Config/Windows/Engine.ini]
[2023.05.07-08.55.06:930][  0]LogConfig: Setting CVar [[gc.MaxObjectsNotConsideredByGC:1]]
[2023.05.07-08.55.06:930][  0]LogConfig: Setting CVar [[gc.SizeOfPermanentObjectPool:0]]
[2023.05.07-08.55.06:930][  0]LogConfig: Setting CVar [[gc.FlushStreamingOnGC:0]]
[2023.05.07-08.55.06:930][  0]LogConfig: Setting CVar [[gc.NumRetriesBeforeForcingGC:10]]
[2023.05.07-08.55.06:930][  0]LogConfig: Setting CVar [[gc.AllowParallelGC:1]]
[2023.05.07-08.55.06:930][  0]LogConfig: Setting CVar [[gc.TimeBetweenPurgingPendingKillObjects:61.1]]
[2023.05.07-08.55.06:930][  0]LogConfig: Setting CVar [[gc.MaxObjectsInEditor:16777216]]
[2023.05.07-08.55.06:930][  0]LogConfig: Setting CVar [[gc.IncrementalBeginDestroyEnabled:1]]
[2023.05.07-08.55.06:930][  0]LogConfig: Setting CVar [[gc.CreateGCClusters:1]]
[2023.05.07-08.55.06:930][  0]LogConfig: Setting CVar [[gc.MinGCClusterSize:5]]
[2023.05.07-08.55.06:930][  0]LogConfig: Setting CVar [[gc.ActorClusteringEnabled:0]]
[2023.05.07-08.55.06:930][  0]LogConfig: Setting CVar [[gc.BlueprintClusteringEnabled:0]]
[2023.05.07-08.55.06:930][  0]LogConfig: Setting CVar [[gc.UseDisregardForGCOnDedicatedServers:0]]
[2023.05.07-08.55.06:930][  0]LogConfig: Applying CVar settings from Section [/Script/Engine.NetworkSettings] File [C:/Users/trifo/OneDrive/Документы/GitHub/Runner-Jam/JamRunner/Saved/Config/Windows/Engine.ini]
[2023.05.07-08.55.06:930][  0]LogConfig: Applying CVar settings from Section [/Script/UnrealEd.CookerSettings] File [C:/Users/trifo/OneDrive/Документы/GitHub/Runner-Jam/JamRunner/Saved/Config/Windows/Engine.ini]
[2023.05.07-08.55.06:934][  0]LogConfig: Applying CVar settings from Section [ViewDistanceQuality@3] File [C:/Users/trifo/OneDrive/Документы/GitHub/Runner-Jam/JamRunner/Saved/Config/Windows/Scalability.ini]
[2023.05.07-08.55.06:934][  0]LogConfig: Setting CVar [[r.SkeletalMeshLODBias:0]]
[2023.05.07-08.55.06:934][  0]LogConfig: Setting CVar [[r.ViewDistanceScale:1.0]]
[2023.05.07-08.55.06:934][  0]LogConfig: Applying CVar settings from Section [AntiAliasingQuality@3] File [C:/Users/trifo/OneDrive/Документы/GitHub/Runner-Jam/JamRunner/Saved/Config/Windows/Scalability.ini]
[2023.05.07-08.55.06:934][  0]LogConfig: Setting CVar [[r.PostProcessAAQuality:4]]
[2023.05.07-08.55.06:934][  0]LogConfig: Applying CVar settings from Section [ShadowQuality@3] File [C:/Users/trifo/OneDrive/Документы/GitHub/Runner-Jam/JamRunner/Saved/Config/Windows/Scalability.ini]
[2023.05.07-08.55.06:934][  0]LogConfig: Setting CVar [[r.LightFunctionQuality:1]]
[2023.05.07-08.55.06:934][  0]LogConfig: Setting CVar [[r.ShadowQuality:5]]
[2023.05.07-08.55.06:934][  0]LogConfig: Setting CVar [[r.Shadow.CSM.MaxCascades:10]]
[2023.05.07-08.55.06:934][  0]LogConfig: Setting CVar [[r.Shadow.MaxResolution:2048]]
[2023.05.07-08.55.06:934][  0]LogConfig: Setting CVar [[r.Shadow.MaxCSMResolution:2048]]
[2023.05.07-08.55.06:934][  0]LogConfig: Setting CVar [[r.Shadow.RadiusThreshold:0.01]]
[2023.05.07-08.55.06:934][  0]LogConfig: Setting CVar [[r.Shadow.DistanceScale:1.0]]
[2023.05.07-08.55.06:934][  0]LogConfig: Setting CVar [[r.Shadow.CSM.TransitionScale:1.0]]
[2023.05.07-08.55.06:934][  0]LogConfig: Setting CVar [[r.Shadow.PreShadowResolutionFactor:1.0]]
[2023.05.07-08.55.06:934][  0]LogConfig: Setting CVar [[r.DistanceFieldShadowing:1]]
[2023.05.07-08.55.06:934][  0]LogConfig: Setting CVar [[r.DistanceFieldAO:1]]
[2023.05.07-08.55.06:934][  0]LogConfig: Setting CVar [[r.AOQuality:2]]
[2023.05.07-08.55.06:935][  0]LogConfig: Setting CVar [[r.VolumetricFog:1]]
[2023.05.07-08.55.06:935][  0]LogConfig: Setting CVar [[r.VolumetricFog.GridPixelSize:8]]
[2023.05.07-08.55.06:935][  0]LogConfig: Setting CVar [[r.VolumetricFog.GridSizeZ:128]]
[2023.05.07-08.55.06:935][  0]LogConfig: Setting CVar [[r.VolumetricFog.HistoryMissSupersampleCount:4]]
[2023.05.07-08.55.06:935][  0]LogConfig: Setting CVar [[r.LightMaxDrawDistanceScale:1]]
[2023.05.07-08.55.06:935][  0]LogConfig: Setting CVar [[r.CapsuleShadows:1]]
[2023.05.07-08.55.06:935][  0]LogConfig: Applying CVar settings from Section [PostProcessQuality@3] File [C:/Users/trifo/OneDrive/Документы/GitHub/Runner-Jam/JamRunner/Saved/Config/Windows/Scalability.ini]
[2023.05.07-08.55.06:935][  0]LogConfig: Setting CVar [[r.MotionBlurQuality:4]]
[2023.05.07-08.55.06:935][  0]LogConfig: Setting CVar [[r.AmbientOcclusionMipLevelFactor:0.4]]
[2023.05.07-08.55.06:935][  0]LogConfig: Setting CVar [[r.AmbientOcclusionMaxQuality:100]]
[2023.05.07-08.55.06:935][  0]LogConfig: Setting CVar [[r.AmbientOcclusionLevels:-1]]
[2023.05.07-08.55.06:935][  0]LogConfig: Setting CVar [[r.AmbientOcclusionRadiusScale:1.0]]
[2023.05.07-08.55.06:935][  0]LogConfig: Setting CVar [[r.DepthOfFieldQuality:2]]
[2023.05.07-08.55.06:935][  0]LogConfig: Setting CVar [[r.RenderTargetPoolMin:400]]
[2023.05.07-08.55.06:935][  0]LogConfig: Setting CVar [[r.LensFlareQuality:2]]
[2023.05.07-08.55.06:935][  0]LogConfig: Setting CVar [[r.SceneColorFringeQuality:1]]
[2023.05.07-08.55.06:935][  0]LogConfig: Setting CVar [[r.EyeAdaptationQuality:2]]
[2023.05.07-08.55.06:935][  0]LogConfig: Setting CVar [[r.BloomQuality:5]]
[2023.05.07-08.55.06:935][  0]LogConfig: Setting CVar [[r.FastBlurThreshold:100]]
[2023.05.07-08.55.06:935][  0]LogConfig: Setting CVar [[r.Upscale.Quality:3]]
[2023.05.07-08.55.06:935][  0]LogConfig: Setting CVar [[r.Tonemapper.GrainQuantization:1]]
[2023.05.07-08.55.06:935][  0]LogConfig: Setting CVar [[r.LightShaftQuality:1]]
[2023.05.07-08.55.06:935][  0]LogConfig: Setting CVar [[r.Filter.SizeScale:1]]
[2023.05.07-08.55.06:935][  0]LogConfig: Setting CVar [[r.Tonemapper.Quality:5]]
[2023.05.07-08.55.06:935][  0]LogConfig: Setting CVar [[r.DOF.Gather.AccumulatorQuality:1        ; higher gathering accumulator quality]]
[2023.05.07-08.55.06:935][  0]LogConfig: Setting CVar [[r.DOF.Gather.PostfilterMethod:1          ; Median3x3 postfilering method]]
[2023.05.07-08.55.06:935][  0]LogConfig: Setting CVar [[r.DOF.Gather.EnableBokehSettings:0       ; no bokeh simulation when gathering]]
[2023.05.07-08.55.06:935][  0]LogConfig: Setting CVar [[r.DOF.Gather.RingCount:4                 ; medium number of samples when gathering]]
[2023.05.07-08.55.06:935][  0]LogConfig: Setting CVar [[r.DOF.Scatter.ForegroundCompositing:1    ; additive foreground scattering]]
[2023.05.07-08.55.06:935][  0]LogConfig: Setting CVar [[r.DOF.Scatter.BackgroundCompositing:2    ; additive background scattering]]
[2023.05.07-08.55.06:935][  0]LogConfig: Setting CVar [[r.DOF.Scatter.EnableBokehSettings:1      ; bokeh simulation when scattering]]
[2023.05.07-08.55.06:935][  0]LogConfig: Setting CVar [[r.DOF.Scatter.MaxSpriteRatio:0.1         ; only a maximum of 10% of scattered bokeh]]
[2023.05.07-08.55.06:935][  0]LogConfig: Setting CVar [[r.DOF.Recombine.Quality:1                ; cheap slight out of focus]]
[2023.05.07-08.55.06:935][  0]LogConfig: Setting CVar [[r.DOF.Recombine.EnableBokehSettings:0    ; no bokeh simulation on slight out of focus]]
[2023.05.07-08.55.06:935][  0]LogConfig: Setting CVar [[r.DOF.TemporalAAQuality:1                ; more stable temporal accumulation]]
[2023.05.07-08.55.06:935][  0]LogConfig: Setting CVar [[r.DOF.Kernel.MaxForegroundRadius:0.025]]
[2023.05.07-08.55.06:935][  0]LogConfig: Setting CVar [[r.DOF.Kernel.MaxBackgroundRadius:0.025]]
[2023.05.07-08.55.06:935][  0]LogConfig: Applying CVar settings from Section [TextureQuality@3] File [C:/Users/trifo/OneDrive/Документы/GitHub/Runner-Jam/JamRunner/Saved/Config/Windows/Scalability.ini]
[2023.05.07-08.55.06:935][  0]LogConfig: Setting CVar [[r.Streaming.MipBias:0]]
[2023.05.07-08.55.06:935][  0]LogConfig: Setting CVar [[r.Streaming.AmortizeCPUToGPUCopy:0]]
[2023.05.07-08.55.06:935][  0]LogConfig: Setting CVar [[r.Streaming.MaxNumTexturesToStreamPerFrame:0]]
[2023.05.07-08.55.06:935][  0]LogConfig: Setting CVar [[r.Streaming.Boost:1]]
[2023.05.07-08.55.06:935][  0]LogConfig: Setting CVar [[r.MaxAnisotropy:8]]
[2023.05.07-08.55.06:935][  0]LogConfig: Setting CVar [[r.Streaming.LimitPoolSizeToVRAM:0]]
[2023.05.07-08.55.06:935][  0]LogConfig: Setting CVar [[r.Streaming.PoolSize:1000]]
[2023.05.07-08.55.06:935][  0]LogConfig: Setting CVar [[r.Streaming.MaxEffectiveScreenSize:0]]
[2023.05.07-08.55.06:935][  0]LogConfig: Applying CVar settings from Section [EffectsQuality@3] File [C:/Users/trifo/OneDrive/Документы/GitHub/Runner-Jam/JamRunner/Saved/Config/Windows/Scalability.ini]
[2023.05.07-08.55.06:935][  0]LogConfig: Setting CVar [[r.TranslucencyLightingVolumeDim:64]]
[2023.05.07-08.55.06:935][  0]LogConfig: Setting CVar [[r.RefractionQuality:2]]
[2023.05.07-08.55.06:935][  0]LogConfig: Setting CVar [[r.SSR.Quality:3]]
[2023.05.07-08.55.06:935][  0]LogConfig: Setting CVar [[r.SceneColorFormat:4]]
[2023.05.07-08.55.06:935][  0]LogConfig: Setting CVar [[r.DetailMode:2]]
[2023.05.07-08.55.06:935][  0]LogConfig: Setting CVar [[r.TranslucencyVolumeBlur:1]]
[2023.05.07-08.55.06:935][  0]LogConfig: Setting CVar [[r.MaterialQualityLevel:1 ; High quality]]
[2023.05.07-08.55.06:935][  0]LogConfig: Setting CVar [[r.SSS.Scale:1]]
[2023.05.07-08.55.06:935][  0]LogConfig: Setting CVar [[r.SSS.SampleSet:2]]
[2023.05.07-08.55.06:935][  0]LogConfig: Setting CVar [[r.SSS.Quality:1]]
[2023.05.07-08.55.06:935][  0]LogConfig: Setting CVar [[r.SSS.HalfRes:1]]
[2023.05.07-08.55.06:935][  0]LogConfig: Setting CVar [[r.EmitterSpawnRateScale:1.0]]
[2023.05.07-08.55.06:935][  0]LogConfig: Setting CVar [[r.ParticleLightQuality:2]]
[2023.05.07-08.55.06:935][  0]LogConfig: Applying CVar settings from Section [FoliageQuality@3] File [C:/Users/trifo/OneDrive/Документы/GitHub/Runner-Jam/JamRunner/Saved/Config/Windows/Scalability.ini]
[2023.05.07-08.55.06:935][  0]LogConfig: Setting CVar [[foliage.DensityScale:1.0]]
[2023.05.07-08.55.06:935][  0]LogConfig: Setting CVar [[grass.DensityScale:1.0]]
[2023.05.07-08.55.06:936][  0]LogInit: Selected Device Profile: [Windows]
[2023.05.07-08.55.06:937][  0]LogInit: Applying CVar settings loaded from the selected device profile: [Windows]
[2023.05.07-08.55.06:946][  0]LogHAL: Display: Platform has ~ 16 GB [16867045376 / 17179869184 / 16], which maps to Larger [LargestMinGB=32, LargerMinGB=12, DefaultMinGB=8, SmallerMinGB=6, SmallestMinGB=0)
[2023.05.07-08.55.06:946][  0]LogInit: Going up to parent DeviceProfile []
[2023.05.07-08.55.06:946][  0]LogConfig: Applying CVar settings from Section [ViewDistanceQuality@3] File [C:/Users/trifo/OneDrive/Документы/GitHub/Runner-Jam/JamRunner/Saved/Config/Windows/Scalability.ini]
[2023.05.07-08.55.06:946][  0]LogConfig: Setting CVar [[r.SkeletalMeshLODBias:0]]
[2023.05.07-08.55.06:946][  0]LogConfig: Setting CVar [[r.ViewDistanceScale:1.0]]
[2023.05.07-08.55.06:946][  0]LogConfig: Applying CVar settings from Section [AntiAliasingQuality@3] File [C:/Users/trifo/OneDrive/Документы/GitHub/Runner-Jam/JamRunner/Saved/Config/Windows/Scalability.ini]
[2023.05.07-08.55.06:946][  0]LogConfig: Setting CVar [[r.PostProcessAAQuality:4]]
[2023.05.07-08.55.06:946][  0]LogConfig: Applying CVar settings from Section [ShadowQuality@3] File [C:/Users/trifo/OneDrive/Документы/GitHub/Runner-Jam/JamRunner/Saved/Config/Windows/Scalability.ini]
[2023.05.07-08.55.06:946][  0]LogConfig: Setting CVar [[r.LightFunctionQuality:1]]
[2023.05.07-08.55.06:946][  0]LogConfig: Setting CVar [[r.ShadowQuality:5]]
[2023.05.07-08.55.06:946][  0]LogConfig: Setting CVar [[r.Shadow.CSM.MaxCascades:10]]
[2023.05.07-08.55.06:947][  0]LogConfig: Setting CVar [[r.Shadow.MaxResolution:2048]]
[2023.05.07-08.55.06:947][  0]LogConfig: Setting CVar [[r.Shadow.MaxCSMResolution:2048]]
[2023.05.07-08.55.06:947][  0]LogConfig: Setting CVar [[r.Shadow.RadiusThreshold:0.01]]
[2023.05.07-08.55.06:947][  0]LogConfig: Setting CVar [[r.Shadow.DistanceScale:1.0]]
[2023.05.07-08.55.06:947][  0]LogConfig: Setting CVar [[r.Shadow.CSM.TransitionScale:1.0]]
[2023.05.07-08.55.06:947][  0]LogConfig: Setting CVar [[r.Shadow.PreShadowResolutionFactor:1.0]]
[2023.05.07-08.55.06:947][  0]LogConfig: Setting CVar [[r.DistanceFieldShadowing:1]]
[2023.05.07-08.55.06:947][  0]LogConfig: Setting CVar [[r.DistanceFieldAO:1]]
[2023.05.07-08.55.06:947][  0]LogConfig: Setting CVar [[r.AOQuality:2]]
[2023.05.07-08.55.06:947][  0]LogConfig: Setting CVar [[r.VolumetricFog:1]]
[2023.05.07-08.55.06:947][  0]LogConfig: Setting CVar [[r.VolumetricFog.GridPixelSize:8]]
[2023.05.07-08.55.06:947][  0]LogConfig: Setting CVar [[r.VolumetricFog.GridSizeZ:128]]
[2023.05.07-08.55.06:947][  0]LogConfig: Setting CVar [[r.VolumetricFog.HistoryMissSupersampleCount:4]]
[2023.05.07-08.55.06:947][  0]LogConfig: Setting CVar [[r.LightMaxDrawDistanceScale:1]]
[2023.05.07-08.55.06:947][  0]LogConfig: Setting CVar [[r.CapsuleShadows:1]]
[2023.05.07-08.55.06:947][  0]LogConfig: Applying CVar settings from Section [PostProcessQuality@3] File [C:/Users/trifo/OneDrive/Документы/GitHub/Runner-Jam/JamRunner/Saved/Config/Windows/Scalability.ini]
[2023.05.07-08.55.06:947][  0]LogConfig: Setting CVar [[r.MotionBlurQuality:4]]
[2023.05.07-08.55.06:947][  0]LogConfig: Setting CVar [[r.AmbientOcclusionMipLevelFactor:0.4]]
[2023.05.07-08.55.06:947][  0]LogConfig: Setting CVar [[r.AmbientOcclusionMaxQuality:100]]
[2023.05.07-08.55.06:947][  0]LogConfig: Setting CVar [[r.AmbientOcclusionLevels:-1]]
[2023.05.07-08.55.06:947][  0]LogConfig: Setting CVar [[r.AmbientOcclusionRadiusScale:1.0]]
[2023.05.07-08.55.06:947][  0]LogConfig: Setting CVar [[r.DepthOfFieldQuality:2]]
[2023.05.07-08.55.06:947][  0]LogConfig: Setting CVar [[r.RenderTargetPoolMin:400]]
[2023.05.07-08.55.06:947][  0]LogConfig: Setting CVar [[r.LensFlareQuality:2]]
[2023.05.07-08.55.06:947][  0]LogConfig: Setting CVar [[r.SceneColorFringeQuality:1]]
[2023.05.07-08.55.06:947][  0]LogConfig: Setting CVar [[r.EyeAdaptationQuality:2]]
[2023.05.07-08.55.06:947][  0]LogConfig: Setting CVar [[r.BloomQuality:5]]
[2023.05.07-08.55.06:947][  0]LogConfig: Setting CVar [[r.FastBlurThreshold:100]]
[2023.05.07-08.55.06:947][  0]LogConfig: Setting CVar [[r.Upscale.Quality:3]]
[2023.05.07-08.55.06:947][  0]LogConfig: Setting CVar [[r.Tonemapper.GrainQuantization:1]]
[2023.05.07-08.55.06:947][  0]LogConfig: Setting CVar [[r.LightShaftQuality:1]]
[2023.05.07-08.55.06:947][  0]LogConfig: Setting CVar [[r.Filter.SizeScale:1]]
[2023.05.07-08.55.06:947][  0]LogConfig: Setting CVar [[r.Tonemapper.Quality:5]]
[2023.05.07-08.55.06:947][  0]LogConfig: Setting CVar [[r.DOF.Gather.AccumulatorQuality:1        ; higher gathering accumulator quality]]
[2023.05.07-08.55.06:947][  0]LogConfig: Setting CVar [[r.DOF.Gather.PostfilterMethod:1          ; Median3x3 postfilering method]]
[2023.05.07-08.55.06:947][  0]LogConfig: Setting CVar [[r.DOF.Gather.EnableBokehSettings:0       ; no bokeh simulation when gathering]]
[2023.05.07-08.55.06:947][  0]LogConfig: Setting CVar [[r.DOF.Gather.RingCount:4                 ; medium number of samples when gathering]]
[2023.05.07-08.55.06:947][  0]LogConfig: Setting CVar [[r.DOF.Scatter.ForegroundCompositing:1    ; additive foreground scattering]]
[2023.05.07-08.55.06:947][  0]LogConfig: Setting CVar [[r.DOF.Scatter.BackgroundCompositing:2    ; additive background scattering]]
[2023.05.07-08.55.06:947][  0]LogConfig: Setting CVar [[r.DOF.Scatter.EnableBokehSettings:1      ; bokeh simulation when scattering]]
[2023.05.07-08.55.06:947][  0]LogConfig: Setting CVar [[r.DOF.Scatter.MaxSpriteRatio:0.1         ; only a maximum of 10% of scattered bokeh]]
[2023.05.07-08.55.06:947][  0]LogConfig: Setting CVar [[r.DOF.Recombine.Quality:1                ; cheap slight out of focus]]
[2023.05.07-08.55.06:947][  0]LogConfig: Setting CVar [[r.DOF.Recombine.EnableBokehSettings:0    ; no bokeh simulation on slight out of focus]]
[2023.05.07-08.55.06:947][  0]LogConfig: Setting CVar [[r.DOF.TemporalAAQuality:1                ; more stable temporal accumulation]]
[2023.05.07-08.55.06:947][  0]LogConfig: Setting CVar [[r.DOF.Kernel.MaxForegroundRadius:0.025]]
[2023.05.07-08.55.06:947][  0]LogConfig: Setting CVar [[r.DOF.Kernel.MaxBackgroundRadius:0.025]]
[2023.05.07-08.55.06:947][  0]LogConfig: Applying CVar settings from Section [TextureQuality@3] File [C:/Users/trifo/OneDrive/Документы/GitHub/Runner-Jam/JamRunner/Saved/Config/Windows/Scalability.ini]
[2023.05.07-08.55.06:947][  0]LogConfig: Setting CVar [[r.Streaming.MipBias:0]]
[2023.05.07-08.55.06:947][  0]LogConfig: Setting CVar [[r.Streaming.AmortizeCPUToGPUCopy:0]]
[2023.05.07-08.55.06:947][  0]LogConfig: Setting CVar [[r.Streaming.MaxNumTexturesToStreamPerFrame:0]]
[2023.05.07-08.55.06:947][  0]LogConfig: Setting CVar [[r.Streaming.Boost:1]]
[2023.05.07-08.55.06:947][  0]LogConfig: Setting CVar [[r.MaxAnisotropy:8]]
[2023.05.07-08.55.06:947][  0]LogConfig: Setting CVar [[r.Streaming.LimitPoolSizeToVRAM:0]]
[2023.05.07-08.55.06:947][  0]LogConfig: Setting CVar [[r.Streaming.PoolSize:1000]]
[2023.05.07-08.55.06:947][  0]LogConfig: Setting CVar [[r.Streaming.MaxEffectiveScreenSize:0]]
[2023.05.07-08.55.06:947][  0]LogConfig: Applying CVar settings from Section [EffectsQuality@3] File [C:/Users/trifo/OneDrive/Документы/GitHub/Runner-Jam/JamRunner/Saved/Config/Windows/Scalability.ini]
[2023.05.07-08.55.06:947][  0]LogConfig: Setting CVar [[r.TranslucencyLightingVolumeDim:64]]
[2023.05.07-08.55.06:947][  0]LogConfig: Setting CVar [[r.RefractionQuality:2]]
[2023.05.07-08.55.06:947][  0]LogConfig: Setting CVar [[r.SSR.Quality:3]]
[2023.05.07-08.55.06:947][  0]LogConfig: Setting CVar [[r.SceneColorFormat:4]]
[2023.05.07-08.55.06:947][  0]LogConfig: Setting CVar [[r.DetailMode:2]]
[2023.05.07-08.55.06:947][  0]LogConfig: Setting CVar [[r.TranslucencyVolumeBlur:1]]
[2023.05.07-08.55.06:947][  0]LogConfig: Setting CVar [[r.MaterialQualityLevel:1 ; High quality]]
[2023.05.07-08.55.06:947][  0]LogConfig: Setting CVar [[r.SSS.Scale:1]]
[2023.05.07-08.55.06:947][  0]LogConfig: Setting CVar [[r.SSS.SampleSet:2]]
[2023.05.07-08.55.06:947][  0]LogConfig: Setting CVar [[r.SSS.Quality:1]]
[2023.05.07-08.55.06:947][  0]LogConfig: Setting CVar [[r.SSS.HalfRes:1]]
[2023.05.07-08.55.06:947][  0]LogConfig: Setting CVar [[r.EmitterSpawnRateScale:1.0]]
[2023.05.07-08.55.06:947][  0]LogConfig: Setting CVar [[r.ParticleLightQuality:2]]
[2023.05.07-08.55.06:947][  0]LogConfig: Applying CVar settings from Section [FoliageQuality@3] File [C:/Users/trifo/OneDrive/Документы/GitHub/Runner-Jam/JamRunner/Saved/Config/Windows/Scalability.ini]
[2023.05.07-08.55.06:947][  0]LogConfig: Setting CVar [[foliage.DensityScale:1.0]]
[2023.05.07-08.55.06:947][  0]LogConfig: Setting CVar [[grass.DensityScale:1.0]]
[2023.05.07-08.55.06:947][  0]LogConfig: Applying CVar settings from Section [Startup] File [../../../Engine/Config/ConsoleVariables.ini]
[2023.05.07-08.55.06:953][  0]LogConfig: Setting CVar [[net.UseAdaptiveNetUpdateFrequency:0]]
[2023.05.07-08.55.06:953][  0]LogConfig: Setting CVar [[p.chaos.AllowCreatePhysxBodies:1]]
[2023.05.07-08.55.06:953][  0]LogConfig: Applying CVar settings from Section [ConsoleVariables] File [C:/Users/trifo/OneDrive/Документы/GitHub/Runner-Jam/JamRunner/Saved/Config/Windows/Engine.ini]
[2023.05.07-08.55.06:955][  0]LogInit: Computer: MSI
[2023.05.07-08.55.06:955][  0]LogInit: User: trifo
[2023.05.07-08.55.06:955][  0]LogInit: CPU Page size=4096, Cores=6
[2023.05.07-08.55.06:955][  0]LogInit: High frequency timer resolution =10.000000 MHz
[2023.05.07-08.55.06:955][  0]LogMemory: Memory total: Physical=15.7GB (16GB approx)
[2023.05.07-08.55.06:955][  0]LogMemory: Platform Memory Stats for Windows
[2023.05.07-08.55.06:955][  0]LogMemory: Process Physical Memory: 103.65 MB used, 103.65 MB peak
[2023.05.07-08.55.06:955][  0]LogMemory: Process Virtual Memory: 101.75 MB used, 101.75 MB peak
[2023.05.07-08.55.06:956][  0]LogMemory: Physical Memory: 9232.23 MB used,  6853.43 MB free, 16085.67 MB total
[2023.05.07-08.55.06:956][  0]LogMemory: Virtual Memory: 4695.69 MB used,  134213032.00 MB free, 134217728.00 MB total
[2023.05.07-08.55.06:985][  0]LogWindows: WindowsPlatformFeatures enabled
[2023.05.07-08.55.07:223][  0]LogInit: Using OS detected language (ru-RU).
[2023.05.07-08.55.07:223][  0]LogInit: Using OS detected locale (ru-RU).
[2023.05.07-08.55.07:225][  0]LogTextLocalizationManager: No specific localization for 'ru-RU' exists, so the 'ru' localization will be used.
[2023.05.07-08.55.07:225][  0]LogTextLocalizationResource: LocRes '../../../Engine/Content/Localization/Editor/ru/Editor.locres' could not be opened for reading!
[2023.05.07-08.55.07:225][  0]LogTextLocalizationResource: LocRes '../../../Engine/Content/Localization/EditorTutorials/ru/EditorTutorials.locres' could not be opened for reading!
[2023.05.07-08.55.07:226][  0]LogTextLocalizationResource: LocRes '../../../Engine/Content/Localization/Keywords/ru/Keywords.locres' could not be opened for reading!
[2023.05.07-08.55.07:226][  0]LogTextLocalizationResource: LocRes '../../../Engine/Content/Localization/Category/ru/Category.locres' could not be opened for reading!
[2023.05.07-08.55.07:226][  0]LogTextLocalizationResource: LocRes '../../../Engine/Content/Localization/ToolTips/ru/ToolTips.locres' could not be opened for reading!
[2023.05.07-08.55.07:226][  0]LogTextLocalizationResource: LocRes '../../../Engine/Content/Localization/PropertyNames/ru/PropertyNames.locres' could not be opened for reading!
[2023.05.07-08.55.07:226][  0]LogTextLocalizationResource: LocRes '../../../Engine/Content/Localization/Engine/ru/Engine.locres' could not be opened for reading!
[2023.05.07-08.55.07:248][  0]LogInit: Setting process to per monitor DPI aware
[2023.05.07-08.55.07:324][  0]LogSlate: New Slate User Created.  User Index 0, Is Virtual User: 0
[2023.05.07-08.55.07:325][  0]LogSlate: Slate User Registered.  User Index 0, Is Virtual User: 0
[2023.05.07-08.55.09:513][  0]LogHMD: Failed to initialize OpenVR with code 110
[2023.05.07-08.55.09:514][  0]LogD3D11RHI: D3D11 adapters:
[2023.05.07-08.55.09:611][  0]LogD3D11RHI:    0. 'NVIDIA GeForce RTX 3050 Ti Laptop GPU' (Feature Level 11_0)
[2023.05.07-08.55.09:611][  0]LogD3D11RHI:       3990/0/8042 MB DedicatedVideo/DedicatedSystem/SharedSystem, Outputs:1, VendorId:0x10de
[2023.05.07-08.55.09:657][  0]LogD3D11RHI:    1. 'Intel(R) UHD Graphics' (Feature Level 11_0)
[2023.05.07-08.55.09:657][  0]LogD3D11RHI:       128/0/8042 MB DedicatedVideo/DedicatedSystem/SharedSystem, Outputs:0, VendorId:0x8086
[2023.05.07-08.55.09:660][  0]LogD3D11RHI:    2. 'Microsoft Basic Render Driver' (Feature Level 11_0)
[2023.05.07-08.55.09:660][  0]LogD3D11RHI:       0/0/8042 MB DedicatedVideo/DedicatedSystem/SharedSystem, Outputs:0, VendorId:0x1414
[2023.05.07-08.55.09:660][  0]LogD3D11RHI: Chosen D3D11 Adapter: 0
[2023.05.07-08.55.09:668][  0]LogD3D11RHI: Creating new Direct3DDevice
[2023.05.07-08.55.09:668][  0]LogD3D11RHI:     GPU DeviceId: 0x25a0 (for the marketing name, search the web for "GPU Device Id")
[2023.05.07-08.55.09:668][  0]LogWindows: EnumDisplayDevices:
[2023.05.07-08.55.09:668][  0]LogWindows:    0. 'Intel(R) UHD Graphics' (P:1 D:1)
[2023.05.07-08.55.09:668][  0]LogWindows:    1. 'Intel(R) UHD Graphics' (P:0 D:0)
[2023.05.07-08.55.09:668][  0]LogWindows:    2. 'Intel(R) UHD Graphics' (P:0 D:0)
[2023.05.07-08.55.09:668][  0]LogWindows:    3. 'Intel(R) UHD Graphics' (P:0 D:0)
[2023.05.07-08.55.09:668][  0]LogWindows: DebugString: PrimaryIsNotTheChoosenAdapter PrimaryIsNotTheChoosenAdapter PrimaryIsNotTheChoosenAdapter PrimaryIsNotTheChoosenAdapter FoundDriverCount:0 
[2023.05.07-08.55.09:668][  0]LogD3D11RHI:     Adapter Name: NVIDIA GeForce RTX 3050 Ti Laptop GPU
[2023.05.07-08.55.09:669][  0]LogD3D11RHI:   Driver Version: Unknown (internal:Unknown, unified:Unknown)
[2023.05.07-08.55.09:669][  0]LogD3D11RHI:      Driver Date: Unknown
[2023.05.07-08.55.09:669][  0]LogRHI: Texture pool is 2793 MB (70% of 3990 MB)
[2023.05.07-08.55.09:720][  0]LogD3D11RHI: Async texture creation enabled
[2023.05.07-08.55.09:739][  0]LogD3D11RHI: GPU Timing Frequency: 1000.000000 (Debug: 2 1)
[2023.05.07-08.55.10:035][  0]LogTemp: Display: Module 'AllDesktopTargetPlatform' loaded TargetPlatform 'AllDesktop'
[2023.05.07-08.55.10:042][  0]LogTemp: Display: Module 'MacClientTargetPlatform' loaded TargetPlatform 'MacClient'
[2023.05.07-08.55.10:051][  0]LogTemp: Display: Module 'MacNoEditorTargetPlatform' loaded TargetPlatform 'MacNoEditor'
[2023.05.07-08.55.10:058][  0]LogTemp: Display: Module 'MacServerTargetPlatform' loaded TargetPlatform 'MacServer'
[2023.05.07-08.55.10:070][  0]LogTemp: Display: Module 'MacTargetPlatform' loaded TargetPlatform 'Mac'
[2023.05.07-08.55.10:079][  0]LogTemp: Display: Module 'WindowsClientTargetPlatform' loaded TargetPlatform 'WindowsClient'
[2023.05.07-08.55.10:088][  0]LogTemp: Display: Module 'WindowsNoEditorTargetPlatform' loaded TargetPlatform 'WindowsNoEditor'
[2023.05.07-08.55.10:096][  0]LogTemp: Display: Module 'WindowsServerTargetPlatform' loaded TargetPlatform 'WindowsServer'
[2023.05.07-08.55.10:101][  0]LogTemp: Display: Module 'WindowsTargetPlatform' loaded TargetPlatform 'Windows'
[2023.05.07-08.55.10:135][  0]LogTemp: Display: Module 'AndroidTargetPlatform' loaded TargetPlatform 'Android'
[2023.05.07-08.55.10:135][  0]LogTemp: Display: Module 'AndroidTargetPlatform' loaded TargetPlatform 'Android_ASTC'
[2023.05.07-08.55.10:135][  0]LogTemp: Display: Module 'AndroidTargetPlatform' loaded TargetPlatform 'Android_ATC'
[2023.05.07-08.55.10:135][  0]LogTemp: Display: Module 'AndroidTargetPlatform' loaded TargetPlatform 'Android_DXT'
[2023.05.07-08.55.10:135][  0]LogTemp: Display: Module 'AndroidTargetPlatform' loaded TargetPlatform 'Android_ETC1'
[2023.05.07-08.55.10:135][  0]LogTemp: Display: Module 'AndroidTargetPlatform' loaded TargetPlatform 'Android_ETC1a'
[2023.05.07-08.55.10:135][  0]LogTemp: Display: Module 'AndroidTargetPlatform' loaded TargetPlatform 'Android_ETC2'
[2023.05.07-08.55.10:135][  0]LogTemp: Display: Module 'AndroidTargetPlatform' loaded TargetPlatform 'Android_PVRTC'
[2023.05.07-08.55.10:135][  0]LogTemp: Display: Module 'AndroidTargetPlatform' loaded TargetPlatform 'AndroidClient'
[2023.05.07-08.55.10:135][  0]LogTemp: Display: Module 'AndroidTargetPlatform' loaded TargetPlatform 'Android_ASTCClient'
[2023.05.07-08.55.10:135][  0]LogTemp: Display: Module 'AndroidTargetPlatform' loaded TargetPlatform 'Android_ATCClient'
[2023.05.07-08.55.10:135][  0]LogTemp: Display: Module 'AndroidTargetPlatform' loaded TargetPlatform 'Android_DXTClient'
[2023.05.07-08.55.10:135][  0]LogTemp: Display: Module 'AndroidTargetPlatform' loaded TargetPlatform 'Android_ETC1Client'
[2023.05.07-08.55.10:135][  0]LogTemp: Display: Module 'AndroidTargetPlatform' loaded TargetPlatform 'Android_ETC1aClient'
[2023.05.07-08.55.10:135][  0]LogTemp: Display: Module 'AndroidTargetPlatform' loaded TargetPlatform 'Android_ETC2Client'
[2023.05.07-08.55.10:135][  0]LogTemp: Display: Module 'AndroidTargetPlatform' loaded TargetPlatform 'Android_PVRTCClient'
[2023.05.07-08.55.10:136][  0]LogTemp: Display: Module 'AndroidTargetPlatform' loaded TargetPlatform 'Android_Multi'
[2023.05.07-08.55.10:136][  0]LogTemp: Display: Module 'AndroidTargetPlatform' loaded TargetPlatform 'Android_MultiClient'
[2023.05.07-08.55.10:139][  0]LogTemp: Display: Module 'HTML5TargetPlatform' loaded TargetPlatform 'HTML5'
[2023.05.07-08.55.10:167][  0]LogTemp: Display: Module 'IOSTargetPlatform' loaded TargetPlatform 'IOSClient'
[2023.05.07-08.55.10:167][  0]LogTemp: Display: Module 'IOSTargetPlatform' loaded TargetPlatform 'IOS'
[2023.05.07-08.55.10:178][  0]LogTemp: Display: Module 'TVOSTargetPlatform' loaded TargetPlatform 'TVOSClient'
[2023.05.07-08.55.10:178][  0]LogTemp: Display: Module 'TVOSTargetPlatform' loaded TargetPlatform 'TVOS'
[2023.05.07-08.55.10:186][  0]LogTemp: Display: Module 'LinuxClientTargetPlatform' loaded TargetPlatform 'LinuxClient'
[2023.05.07-08.55.10:192][  0]LogTemp: Display: Module 'LinuxNoEditorTargetPlatform' loaded TargetPlatform 'LinuxNoEditor'
[2023.05.07-08.55.10:200][  0]LogTemp: Display: Module 'LinuxServerTargetPlatform' loaded TargetPlatform 'LinuxServer'
[2023.05.07-08.55.10:214][  0]LogTemp: Display: Module 'LinuxTargetPlatform' loaded TargetPlatform 'Linux'
[2023.05.07-08.55.10:238][  0]LogTemp: Display: Module 'LuminTargetPlatform' loaded TargetPlatform 'Lumin'
[2023.05.07-08.55.10:238][  0]LogTemp: Display: Module 'LuminTargetPlatform' loaded TargetPlatform 'LuminClient'
[2023.05.07-08.55.10:238][  0]LogTargetPlatformManager: Display: Building Assets For Windows
[2023.05.07-08.55.10:285][  0]LogAudioDebug: Display: Lib vorbis DLL was dynamically loaded.
[2023.05.07-08.55.10:424][  0]LogShaderCompilers: Guid format shader working directory is -31 characters bigger than the processId version (../../../../../../Users/trifo/OneDrive/Документы/GitHub/Runner-Jam/JamRunner/Intermediate/Shaders/WorkingDirectory/17496/).
[2023.05.07-08.55.10:424][  0]LogShaderCompilers: Cleaned the shader compiler working directory 'C:/Users/trifo/AppData/Local/Temp/UnrealShaderWorkingDir/1424446341491D250371CF840ADE543E/'.
[2023.05.07-08.55.10:427][  0]LogXGEController: Cleaning working directory: C:/Users/trifo/AppData/Local/Temp/UnrealXGEWorkingDir/
[2023.05.07-08.55.10:427][  0]LogXGEController: Cannot use XGE Controller as Incredibuild is not installed on this machine.
[2023.05.07-08.55.10:427][  0]LogShaderCompilers: Cannot use XGE Shader Compiler as Incredibuild is not installed on this machine.
[2023.05.07-08.55.10:427][  0]LogShaderCompilers: Display: Using Local Shader Compiler.
[2023.05.07-08.55.12:820][  0]LogDerivedDataCache: Display: Max Cache Size: 512 MB
[2023.05.07-08.55.12:916][  0]LogDerivedDataCache: Loaded boot cache 0.09s 73MB C:/Users/trifo/AppData/Local/UnrealEngine/4.23/DerivedDataCache/Boot.ddc.
[2023.05.07-08.55.12:916][  0]LogDerivedDataCache: Display: Loaded Boot cache: C:/Users/trifo/AppData/Local/UnrealEngine/4.23/DerivedDataCache/Boot.ddc
[2023.05.07-08.55.12:916][  0]LogDerivedDataCache: FDerivedDataBackendGraph:  Pak pak cache file ../../../../../../Users/trifo/OneDrive/Документы/GitHub/Runner-Jam/JamRunner/DerivedDataCache/DDC.ddp not found, will not use a pak cache.
[2023.05.07-08.55.12:916][  0]LogDerivedDataCache: Unable to find inner node Pak for hierarchical cache Hierarchy.
[2023.05.07-08.55.12:916][  0]LogDerivedDataCache: FDerivedDataBackendGraph:  CompressedPak pak cache file ../../../../../../Users/trifo/OneDrive/Документы/GitHub/Runner-Jam/JamRunner/DerivedDataCache/Compressed.ddp not found, will not use a pak cache.
[2023.05.07-08.55.12:916][  0]LogDerivedDataCache: Unable to find inner node CompressedPak for hierarchical cache Hierarchy.
[2023.05.07-08.55.12:934][  0]LogDerivedDataCache: Display: Pak cache opened for reading ../../../Engine/DerivedDataCache/Compressed.ddp.
[2023.05.07-08.55.12:935][  0]LogDerivedDataCache: FDerivedDataBackendGraph:  EnterprisePak pak cache file ../../../Enterprise/DerivedDataCache/Compressed.ddp not found, will not use a pak cache.
[2023.05.07-08.55.12:935][  0]LogDerivedDataCache: Unable to find inner node EnterprisePak for hierarchical cache Hierarchy.
[2023.05.07-08.55.12:936][  0]LogDerivedDataCache: Using Local data cache path C:/Users/trifo/AppData/Local/UnrealEngine/Common/DerivedDataCache: Writable
[2023.05.07-08.55.12:936][  0]LogDerivedDataCache: Shared data cache path not found in *engine.ini, will not use an Shared cache.
[2023.05.07-08.55.12:936][  0]LogDerivedDataCache: Unable to find inner node Shared for hierarchical cache Hierarchy.
[2023.05.07-08.55.12:960][  0]LogMaterial: Verifying Global Shaders for PCD3D_SM5
[2023.05.07-08.55.12:969][  0]LogSlate: Using FreeType 2.6.0
[2023.05.07-08.55.12:983][  0]LogSlate: SlateFontServices - WITH_FREETYPE: 1, WITH_HARFBUZZ: 1
[2023.05.07-08.55.13:121][  0]LogAssetRegistry: FAssetRegistry took 0.0046 seconds to start up
[2023.05.07-08.55.13:559][  0]LogInit: Selected Device Profile: [Windows]
[2023.05.07-08.55.13:884][  0]LogMeshReduction: Using QuadricMeshReduction for automatic static mesh reduction
[2023.05.07-08.55.13:884][  0]LogMeshReduction: Using SimplygonMeshReduction for automatic skeletal mesh reduction
[2023.05.07-08.55.13:884][  0]LogMeshReduction: Using ProxyLODMeshReduction for automatic mesh merging
[2023.05.07-08.55.13:884][  0]LogMeshReduction: No distributed automatic mesh merging module available
[2023.05.07-08.55.13:884][  0]LogMeshMerging: No distributed automatic mesh merging module available
[2023.05.07-08.55.13:927][  0]LogNetVersion: JamRunner 1.0.0, NetCL: 8386587, EngineNetVer: 11, GameNetVer: 0 (Checksum: 2465372428)
[2023.05.07-08.55.14:945][  0]LogPackageLocalizationCache: Processed 12 localized package path(s) for 1 prioritized culture(s) in 0.046657 seconds
[2023.05.07-08.55.14:951][  0]LogUObjectArray: 43444 objects as part of root set at end of initial load.
[2023.05.07-08.55.14:951][  0]LogUObjectAllocator: 7548648 out of 0 bytes used by permanent object pool.
[2023.05.07-08.55.14:951][  0]LogUObjectArray: CloseDisregardForGC: 0/0 objects in disregard for GC pool
[2023.05.07-08.55.16:964][  0]LogTcpMessaging: Initializing TcpMessaging bridge
[2023.05.07-08.55.16:970][  0]LogUdpMessaging: Initializing bridge on interface 0.0.0.0:0 to multicast group 230.0.0.1:6666.
[2023.05.07-08.55.17:097][  0]SourceControl: Source control is disabled
[2023.05.07-08.55.17:097][  0]SourceControl: Source control is disabled
[2023.05.07-08.55.17:110][  0]SourceControl: Source control is disabled
[2023.05.07-08.55.17:115][  0]SourceControl: Source control is disabled
[2023.05.07-08.55.17:130][  0]LogVSAccessor: Display: Unable to create Visual Studio setup instance: 80040154
[2023.05.07-08.55.17:131][  0]LogVSAccessor: Display: Unable to create Visual Studio setup instance: 80040154
[2023.05.07-08.55.17:374][  0]LogAndroidPermission: UAndroidPermissionCallbackProxy::GetInstance
[2023.05.07-08.55.17:619][  0]LogOcInput: OculusInput pre-init called
[2023.05.07-08.55.17:634][  0]LogWindows: Failed to load 'OVRPlugin.dll' (GetLastError=126)
[2023.05.07-08.55.17:634][  0]LogWindows: File 'OVRPlugin.dll' does not exist
[2023.05.07-08.55.17:787][  0]LogEngine: Initializing Engine...
[2023.05.07-08.55.17:789][  0]LogHMD: Failed to initialize OpenVR with code 110
[2023.05.07-08.55.17:793][  0]LogStats: UGameplayTagsManager::InitializeManager -  0.002 s
[2023.05.07-08.55.18:149][  0]LogInit: Initializing FReadOnlyCVARCache
[2023.05.07-08.55.18:196][  0]LogAIModule: Creating AISystem for world Untitled
[2023.05.07-08.55.18:220][  0]LogInit: XAudio2 using 'Динамики (Realtek(R) Audio)' : 2 channels at 48 kHz using 32 bits per sample (channel mask 0x3)
[2023.05.07-08.55.18:424][  0]LogInit: FAudioDevice initialized.
[2023.05.07-08.55.18:424][  0]LogNetVersion: Set ProjectVersion to 1.0.0.0. Version Checksum will be recalculated on next use.
[2023.05.07-08.55.18:465][  0]LogDerivedDataCache: Saved boot cache 0.04s 73MB C:/Users/trifo/AppData/Local/UnrealEngine/4.23/DerivedDataCache/Boot.ddc.
[2023.05.07-08.55.18:468][  0]LogInit: Texture streaming: Enabled
[2023.05.07-08.55.18:499][  0]LogEngineSessionManager: EngineSessionManager initialized
[2023.05.07-08.55.18:499][  0]LogEditorSessionSummary: Verbose: Initializing EditorSessionSummaryWriter for editor session tracking
[2023.05.07-08.55.18:502][  0]LogEditorSessionSummary: EditorSessionSummaryWriter initialized
[2023.05.07-08.55.18:562][  0]LogInit: Transaction tracking system initialized
[2023.05.07-08.55.18:626][  0]BlueprintLog: New page: Editor Load
[2023.05.07-08.55.18:809][  0]LocalizationService: Localization service is disabled
[2023.05.07-08.55.18:968][  0]LogVSAccessor: Display: Unable to create Visual Studio setup instance: 80040154
[2023.05.07-08.55.18:969][  0]LogVSAccessor: Display: Unable to create Visual Studio setup instance: 80040154
[2023.05.07-08.55.19:359][  0]LogFileCache: Scanning file cache for directory 'C:/Users/trifo/OneDrive/Документы/GitHub/Runner-Jam/JamRunner/Content/' took 0.01s
[2023.05.07-08.55.19:359][  0]LogCook: Display: Max memory allowance for cook 16384mb min free memory 0mb
[2023.05.07-08.55.19:359][  0]LogCook: Display: Mobile HDR setting 1
[2023.05.07-08.55.19:750][  0]SourceControl: Source control is disabled
[2023.05.07-08.55.19:752][  0]Cmd: MAP LOAD FILE="../../../../../../Users/trifo/OneDrive/Документы/GitHub/Runner-Jam/JamRunner/Content/Kirill/lvl_test_1.umap" TEMPLATE=0 SHOWPROGRESS=1 FEATURELEVEL=3
[2023.05.07-08.55.19:753][  0]LightingResults: New page: Lighting Build
[2023.05.07-08.55.19:758][  0]LogWorld: UWorld::CleanupWorld for Untitled, bSessionEnded=true, bCleanupResources=true
[2023.05.07-08.55.19:762][  0]MapCheck: New page: Map Check
[2023.05.07-08.55.19:762][  0]LightingResults: New page: Lighting Build
[2023.05.07-08.55.19:789][  0]LogUObjectHash: Compacting FUObjectHashTables data took   1.09ms
[2023.05.07-08.55.20:401][  0]LogAIModule: Creating AISystem for world lvl_test_1
[2023.05.07-08.55.20:433][  0]LogEditorServer: Finished looking for orphan Actors (0.000 secs)
[2023.05.07-08.55.20:471][  0]LogUObjectHash: Compacting FUObjectHashTables data took   1.71ms
[2023.05.07-08.55.20:471][  0]Cmd: MAP CHECKDEP NOCLEARLOG
[2023.05.07-08.55.20:472][  0]MapCheck: Map check complete: 0 Error(s), 0 Warning(s), took 0,459ms to complete.
[2023.05.07-08.55.20:472][  0]LogFileHelpers: Loading map 'lvl_test_1' took 0.721
[2023.05.07-08.55.20:638][  0]LogSlate: Updating window title bar state: overlay mode, drag disabled, window buttons hidden, title bar hidden
[2023.05.07-08.55.20:644][  0]LogSlate: Updating window title bar state: overlay mode, drag disabled, window buttons hidden, title bar hidden
[2023.05.07-08.55.20:649][  0]LogSlate: Updating window title bar state: overlay mode, drag disabled, window buttons hidden, title bar hidden
[2023.05.07-08.55.20:654][  0]LogSlate: Updating window title bar state: overlay mode, drag disabled, window buttons hidden, title bar hidden
[2023.05.07-08.55.20:672][  0]LogCollectionManager: Loaded 0 collections in 0.001471 seconds
[2023.05.07-08.55.20:694][  0]LogFileCache: Scanning file cache for directory 'C:/Users/trifo/OneDrive/Документы/GitHub/Runner-Jam/JamRunner/Saved/Collections/' took 0.00s
[2023.05.07-08.55.20:694][  0]LogFileCache: Scanning file cache for directory 'C:/Users/trifo/OneDrive/Документы/GitHub/Runner-Jam/JamRunner/Content/Developers/trifo/Collections/' took 0.00s
[2023.05.07-08.55.20:694][  0]LogFileCache: Scanning file cache for directory 'C:/Users/trifo/OneDrive/Документы/GitHub/Runner-Jam/JamRunner/Content/Collections/' took 0.00s
[2023.05.07-08.55.20:694][  0]LogCollectionManager: Rebuilt the GUID cache for 0 collections in 0.000002 seconds
[2023.05.07-08.55.20:704][  0]LogContentBrowser: Native class hierarchy populated in 0.0074 seconds. Added 2863 classes and 680 folders.
[2023.05.07-08.55.20:714][  0]LogContentBrowser: Native class hierarchy updated for 'WidgetCarousel' in 0.0002 seconds. Added 0 classes and 0 folders.
[2023.05.07-08.55.21:050][  0]LogContentBrowser: Native class hierarchy updated for 'AddContentDialog' in 0.0002 seconds. Added 0 classes and 0 folders.
[2023.05.07-08.55.21:062][  0]LogContentBrowser: Native class hierarchy updated for 'SceneOutliner' in 0.0002 seconds. Added 1 classes and 2 folders.
[2023.05.07-08.55.21:161][  0]LogSlate: Took 0.004355 seconds to synchronously load lazily loaded font '../../../Engine/Content/Slate/Fonts/Roboto-Regular.ttf' (155K)
[2023.05.07-08.55.21:167][  0]LogSlate: Took 0.005659 seconds to synchronously load lazily loaded font '../../../Engine/Content/Slate/Fonts/Roboto-Bold.ttf' (160K)
[2023.05.07-08.55.21:177][  0]LogSlate: Took 0.005086 seconds to synchronously load lazily loaded font '../../../Engine/Content/Editor/Slate/Fonts/FontAwesome.ttf' (139K)
[2023.05.07-08.55.21:705][  0]LogRenderer: Reallocating scene render targets to support 1120x568 Format 10 NumSamples 1 (Frame:1).
[2023.05.07-08.55.21:859][  0]LogContentBrowser: Native class hierarchy updated for 'HierarchicalLODOutliner' in 0.0002 seconds. Added 0 classes and 0 folders.
[2023.05.07-08.55.21:859][  0]LogLoad: (Engine Initialization) Total time: 19.41 seconds
[2023.05.07-08.55.21:859][  0]LogLoad: (Engine Initialization) Total Blueprint compile time: 0.00 seconds
[2023.05.07-08.55.21:929][  0]LogContentStreaming: Texture pool size now 1000 MB
[2023.05.07-08.55.21:964][  0]LogSlate: Took 0.004880 seconds to synchronously load lazily loaded font '../../../Engine/Content/Slate/Fonts/Roboto-Light.ttf' (167K)
[2023.05.07-08.55.22:593][ 11]LogAssetRegistry: Asset discovery search completed in 9.4732 seconds
[2023.05.07-08.55.22:596][ 11]LogCollectionManager: Rebuilt the object cache for 0 collections in 0.000271 seconds (found 0 objects)
[2023.05.07-08.55.22:596][ 11]LogCollectionManager: Fixed up redirectors for 0 collections in 0.000312 seconds (updated 0 objects)
[2023.05.07-08.55.28:935][388]LogSlate: FSceneViewport::OnFocusLost() reason 0
[2023.05.07-08.55.31:510][393]LogSlate: Took 0.000183 seconds to synchronously load lazily loaded font '../../../Engine/Content/Slate/Fonts/Roboto-Light.ttf' (167K)
[2023.05.07-08.55.31:531][393]LogFactory: FactoryCreateFile: StaticMesh with FbxFactory (0 0 ../../../../../../Modelling/Jam/teleportation.fbx)
[2023.05.07-08.55.31:569][393]LogFbx: Loading FBX Scene from ../../../../../../Modelling/Jam/teleportation.fbx
[2023.05.07-08.55.31:585][393]LogFbx: FBX Scene Loaded Succesfully
[2023.05.07-08.55.34:301][393]LogSlate: Window 'FBX Import Options' being destroyed
[2023.05.07-08.55.34:343][393]LogFbx: SortedLinks :(0) persRig
[2023.05.07-08.55.34:343][393]LogFbx: SortedLinks :(1) Bone
[2023.05.07-08.55.34:343][393]LogFbx: SortedLinks :(2) Bone_002
[2023.05.07-08.55.34:343][393]LogFbx: SortedLinks :(3) Bone_003
[2023.05.07-08.55.34:343][393]LogFbx: SortedLinks :(4) Bone_001
[2023.05.07-08.55.34:343][393]LogFbx: SortedLinks :(5) Bone_004
[2023.05.07-08.55.34:343][393]LogFbx: SortedLinks :(6) Bone_005
[2023.05.07-08.55.34:343][393]LogFbx: SortedLinks :(7) Bone_006
[2023.05.07-08.55.34:343][393]LogFbx: SortedLinks :(8) Bone_007
[2023.05.07-08.55.34:343][393]LogFbx: SortedLinks :(9) Bone_008
[2023.05.07-08.55.34:343][393]LogFbx: SortedLinks :(10) Bone_009
[2023.05.07-08.55.34:343][393]LogFbx: Parsing AnimStack All.001
[2023.05.07-08.55.34:346][393]LogLinker: Failed to load '/Game/Kirill/Character/teleportation': Can't find file.
[2023.05.07-08.55.34:346][393]LogLinker: Failed to load '/Game/Kirill/Character/teleportation': Can't find file.
[2023.05.07-08.55.34:800][393]LogAnimationCompression: Building Anim DDC data for AnimSequence /Game/Kirill/Character/teleportation.teleportation
[2023.05.07-08.55.34:801][393]LogAnimationCompression: Recompressing (AnimSequence /Game/Kirill/Character/teleportation.teleportation) using current/default (AnimCompress_BitwiseCompressOnly_0) bFirstRecompressUsingCurrentOrDefault(1) bTryAlternateCompressor(0) IsCompressedDataValid(0)
[2023.05.07-08.55.36:073][454]LogAssetEditorManager: Opening Asset editor for AnimSequence /Game/Kirill/Character/teleportation.teleportation
[2023.05.07-08.55.36:093][454]LogContentBrowser: Native class hierarchy updated for 'SkeletonEditor' in 0.0002 seconds. Added 1 classes and 2 folders.
[2023.05.07-08.55.36:281][454]LogActorComponent: RegisterComponentWithWorld: (/Engine/Transient.World_6:PersistentLevel.AnimationEditorPreviewActor_0.DebugSkelMeshComponent_0) Already registered. Aborting.
[2023.05.07-08.55.36:286][454]LogContentBrowser: Native class hierarchy updated for 'PinnedCommandList' in 0.0002 seconds. Added 1 classes and 0 folders.
[2023.05.07-08.55.36:351][454]LogSkeletalMesh: USkeletalMeshComponent::InitArticulated : Bodies already created (/Engine/Transient.World_6:PersistentLevel.AnimationEditorPreviewActor_0.DebugSkelMeshComponent_0) - call TermArticulated first.
[2023.05.07-08.55.36:618][454]LogContentBrowser: Verbose: The majority of assets in the view are of type: AnimSequence
[2023.05.07-08.55.40:014][657]LogSlate: Window 'teleportation' being destroyed
[2023.05.07-08.55.40:017][657]LogSlate: Window 'teleportation' being destroyed
[2023.05.07-08.55.40:019][657]LogWorld: UWorld::CleanupWorld for World_6, bSessionEnded=true, bCleanupResources=true
[2023.05.07-08.55.40:033][657]LogWorld: UWorld::CleanupWorld for World_8, bSessionEnded=true, bCleanupResources=true
[2023.05.07-08.55.40:089][657]LogWorld: UWorld::CleanupWorld for World_7, bSessionEnded=true, bCleanupResources=true
[2023.05.07-08.55.43:325][845]LogUObjectHash: Compacting FUObjectHashTables data took   1.10ms
[2023.05.07-08.55.43:463][845]LogSavePackage: Moving '../../../../../../Users/trifo/OneDrive/Документы/GitHub/Runner-Jam/JamRunner/Saved/lvl_test_16C02C4884BC13A48F1369384C15A4479.tmp' to '../../../../../../Users/trifo/OneDrive/Документы/GitHub/Runner-Jam/JamRunner/Content/Kirill/lvl_test_1.umap'
[2023.05.07-08.55.43:485][845]Cmd: OBJ SAVEPACKAGE PACKAGE="/Game/Kirill/lvl_test_1_BuiltData" FILE="../../../../../../Users/trifo/OneDrive/Документы/GitHub/Runner-Jam/JamRunner/Content/Kirill/lvl_test_1_BuiltData.uasset" SILENT=true
[2023.05.07-08.55.43:507][845]LogSavePackage: Moving '../../../../../../Users/trifo/OneDrive/Документы/GitHub/Runner-Jam/JamRunner/Saved/lvl_test_1_BuiltDataFBCE13624A9944B675439A8180CA3605.tmp' to '../../../../../../Users/trifo/OneDrive/Документы/GitHub/Runner-Jam/JamRunner/Content/Kirill/lvl_test_1_BuiltData.uasset'
[2023.05.07-08.55.44:436][898]LogUObjectHash: Compacting FUObjectHashTables data took   1.32ms
[2023.05.07-08.55.45:950][898]LogSlate: Window 'Save Content' being destroyed
[2023.05.07-08.55.46:004][898]LogSavePackage: Moving '../../../../../../Users/trifo/OneDrive/Документы/GitHub/Runner-Jam/JamRunner/Saved/teleportationB80C1C6E48A9F8C277E673A30F2A66BA.tmp' to '../../../../../../Users/trifo/OneDrive/Документы/GitHub/Runner-Jam/JamRunner/Content/Kirill/Character/teleportation.uasset'
[2023.05.07-08.55.46:054][898]LogSlate: Window 'JamRunner - Unreal Editor' being destroyed
[2023.05.07-08.55.46:150][899]Cmd: QUIT_EDITOR
[2023.05.07-08.55.46:184][899]LogWindowsTextInputMethodSystem: Display: IME system now deactivated.
[2023.05.07-08.55.46:193][899]LogExit: Preparing to exit.
[2023.05.07-08.55.47:027][899]LogWorld: UWorld::CleanupWorld for World_0, bSessionEnded=true, bCleanupResources=true
[2023.05.07-08.55.47:027][899]LogWorld: UWorld::CleanupWorld for World_2, bSessionEnded=true, bCleanupResources=true
[2023.05.07-08.55.47:027][899]LogWorld: UWorld::CleanupWorld for World_3, bSessionEnded=true, bCleanupResources=true
[2023.05.07-08.55.47:027][899]LogWorld: UWorld::CleanupWorld for World_4, bSessionEnded=true, bCleanupResources=true
[2023.05.07-08.55.47:027][899]LogWorld: UWorld::CleanupWorld for World_5, bSessionEnded=true, bCleanupResources=true
[2023.05.07-08.55.47:027][899]LogWorld: UWorld::CleanupWorld for World_1, bSessionEnded=true, bCleanupResources=true
[2023.05.07-08.55.47:030][899]LogDirectoryWatcher: A directory notification failed for 'C:/Users/trifo/OneDrive/Документы/GitHub/Runner-Jam/JamRunner/Content/', and we were unable to create a new request.
[2023.05.07-08.55.47:036][899]LogDemo: Cleaned up 0 splitscreen connections with owner deletion
[2023.05.07-08.55.47:046][899]LogWorld: UWorld::CleanupWorld for None, bSessionEnded=true, bCleanupResources=true
[2023.05.07-08.55.47:046][899]LogExit: Editor shut down
[2023.05.07-08.55.47:046][899]LogExit: Transaction tracking system shut down
[2023.05.07-08.55.47:207][899]LogExit: Object subsystem successfully closed.
[2023.05.07-08.55.47:240][899]LogShaderCompilers: Display: Shaders left to compile 0
[2023.05.07-08.55.47:283][899]LogModuleManager: Shutting down and abandoning module PinnedCommandList (674)
[2023.05.07-08.55.47:283][899]LogModuleManager: Shutting down and abandoning module SkeletonEditor (672)
[2023.05.07-08.55.47:283][899]LogModuleManager: Shutting down and abandoning module AnimationEditor (670)
[2023.05.07-08.55.47:283][899]LogModuleManager: Shutting down and abandoning module HierarchicalLODOutliner (668)
[2023.05.07-08.55.47:283][899]LogModuleManager: Shutting down and abandoning module SceneOutliner (666)
[2023.05.07-08.55.47:283][899]LogModuleManager: Shutting down and abandoning module AddContentDialog (664)
[2023.05.07-08.55.47:284][899]LogModuleManager: Shutting down and abandoning module WidgetCarousel (663)
[2023.05.07-08.55.47:284][899]LogModuleManager: Shutting down and abandoning module EditorWidgets (660)
[2023.05.07-08.55.47:284][899]LogModuleManager: Shutting down and abandoning module CollectionManager (658)
[2023.05.07-08.55.47:285][899]LogModuleManager: Shutting down and abandoning module StatsViewer (656)
[2023.05.07-08.55.47:286][899]LogModuleManager: Shutting down and abandoning module VirtualTexturingEditor (654)
[2023.05.07-08.55.47:286][899]LogModuleManager: Shutting down and abandoning module FoliageEdit (652)
[2023.05.07-08.55.47:286][899]LogModuleManager: Shutting down and abandoning module LandscapeEditor (650)
[2023.05.07-08.55.47:289][899]LogModuleManager: Shutting down and abandoning module MeshPaintMode (648)
[2023.05.07-08.55.47:289][899]LogModuleManager: Shutting down and abandoning module SceneDepthPickerMode (646)
[2023.05.07-08.55.47:289][899]LogModuleManager: Shutting down and abandoning module ActorPickerMode (644)
[2023.05.07-08.55.47:289][899]LogModuleManager: Shutting down and abandoning module GeometryMode (642)
[2023.05.07-08.55.47:289][899]LogModuleManager: Shutting down and abandoning module TextureAlignMode (640)
[2023.05.07-08.55.47:289][899]LogModuleManager: Shutting down and abandoning module BspMode (638)
[2023.05.07-08.55.47:289][899]LogModuleManager: Shutting down and abandoning module PIEPreviewDeviceProfileSelector (636)
[2023.05.07-08.55.47:289][899]LogModuleManager: Shutting down and abandoning module SequenceRecorderSections (634)
[2023.05.07-08.55.47:289][899]LogModuleManager: Shutting down and abandoning module AutomationWorker (632)
[2023.05.07-08.55.47:289][899]LogModuleManager: Shutting down and abandoning module OculusMR (630)
[2023.05.07-08.55.47:289][899]LogModuleManager: Shutting down and abandoning module AudioCaptureEditor (628)
[2023.05.07-08.55.47:289][899]LogModuleManager: Shutting down and abandoning module MatineeToLevelSequence (626)
[2023.05.07-08.55.47:289][899]LogModuleManager: Shutting down and abandoning module LevelSequenceEditor (624)
[2023.05.07-08.55.47:291][899]LogModuleManager: Shutting down and abandoning module PlacementMode (623)
[2023.05.07-08.55.47:291][899]LogModuleManager: Shutting down and abandoning module MaterialEditor (622)
[2023.05.07-08.55.47:292][899]LogModuleManager: Shutting down and abandoning module ActorSequenceEditor (618)
[2023.05.07-08.55.47:293][899]LogModuleManager: Shutting down and abandoning module WmfMediaFactory (616)
[2023.05.07-08.55.47:293][899]LogModuleManager: Shutting down and abandoning module WmfMediaEditor (614)
[2023.05.07-08.55.47:293][899]LogModuleManager: Shutting down and abandoning module WebMMediaFactory (612)
[2023.05.07-08.55.47:293][899]LogModuleManager: Shutting down and abandoning module WebMMediaEditor (610)
[2023.05.07-08.55.47:293][899]LogModuleManager: Shutting down and abandoning module WebMMedia (608)
[2023.05.07-08.55.47:293][899]LogModuleManager: Shutting down and abandoning module MediaPlayerEditor (606)
[2023.05.07-08.55.47:294][899]LogModuleManager: Shutting down and abandoning module MediaCompositingEditor (604)
[2023.05.07-08.55.47:294][899]LogModuleManager: Shutting down and abandoning module SequenceRecorder (603)
[2023.05.07-08.55.47:294][899]LogModuleManager: Shutting down and abandoning module OpenExrWrapper (600)
[2023.05.07-08.55.47:294][899]LogModuleManager: Shutting down and abandoning module ImgMediaFactory (598)
[2023.05.07-08.55.47:294][899]LogModuleManager: Shutting down and abandoning module ImgMediaEditor (596)
[2023.05.07-08.55.47:294][899]LogModuleManager: Shutting down and abandoning module AvfMediaFactory (594)
[2023.05.07-08.55.47:294][899]LogModuleManager: Shutting down and abandoning module AvfMediaEditor (592)
[2023.05.07-08.55.47:294][899]LogModuleManager: Shutting down and abandoning module AndroidMediaFactory (590)
[2023.05.07-08.55.47:294][899]LogModuleManager: Shutting down and abandoning module AndroidMediaEditor (588)
[2023.05.07-08.55.47:294][899]LogModuleManager: Shutting down and abandoning module MagicLeapCameraPreviewFactory (586)
[2023.05.07-08.55.47:294][899]LogModuleManager: Shutting down and abandoning module MagicLeapMediaCodecFactory (584)
[2023.05.07-08.55.47:294][899]LogModuleManager: Shutting down and abandoning module MagicLeapMediaFactory (582)
[2023.05.07-08.55.47:294][899]LogModuleManager: Shutting down and abandoning module MagicLeapMediaEditor (580)
[2023.05.07-08.55.47:294][899]LogModuleManager: Shutting down and abandoning module CharacterAI (578)
[2023.05.07-08.55.47:294][899]LogModuleManager: Shutting down and abandoning module SmartSnapping (576)
[2023.05.07-08.55.47:294][899]LogModuleManager: Shutting down and abandoning module SessionServices (574)
[2023.05.07-08.55.47:294][899]LogModuleManager: Shutting down and abandoning module MeshPaint (572)
[2023.05.07-08.55.47:295][899]LogModuleManager: Shutting down and abandoning module ViewportSnapping (570)
[2023.05.07-08.55.47:295][899]LogModuleManager: Shutting down and abandoning module ViewportInteraction (568)
[2023.05.07-08.55.47:295][899]LogModuleManager: Shutting down and abandoning module ClothPainter (566)
[2023.05.07-08.55.47:295][899]LogModuleManager: Shutting down and abandoning module SkeletalMeshEditor (565)
[2023.05.07-08.55.47:296][899]LogModuleManager: Shutting down and abandoning module LogVisualizer (562)
[2023.05.07-08.55.47:297][899]LogModuleManager: Shutting down and abandoning module IntroTutorials (560)
[2023.05.07-08.55.47:297][899]LogModuleManager: Shutting down and abandoning module GameProjectGeneration (559)
[2023.05.07-08.55.47:298][899]LogModuleManager: Shutting down and abandoning module LuminPlatformEditor (556)
[2023.05.07-08.55.47:298][899]LogModuleManager: Shutting down and abandoning module IOSPlatformEditor (554)
[2023.05.07-08.55.47:298][899]LogModuleManager: Shutting down and abandoning module HTML5PlatformEditor (552)
[2023.05.07-08.55.47:298][899]LogModuleManager: Shutting down and abandoning module AndroidPlatformEditor (550)
[2023.05.07-08.55.47:298][899]LogModuleManager: Shutting down and abandoning module AndroidDeviceDetection (549)
[2023.05.07-08.55.47:909][899]LogModuleManager: Shutting down and abandoning module WindowsPlatformEditor (546)
[2023.05.07-08.55.47:909][899]LogModuleManager: Shutting down and abandoning module LuminRuntimeSettings (544)
[2023.05.07-08.55.47:909][899]LogModuleManager: Shutting down and abandoning module IOSRuntimeSettings (542)
[2023.05.07-08.55.47:909][899]LogModuleManager: Shutting down and abandoning module AndroidRuntimeSettings (540)
[2023.05.07-08.55.47:909][899]LogModuleManager: Shutting down and abandoning module TimeManagementEditor (538)
[2023.05.07-08.55.47:909][899]LogModuleManager: Shutting down and abandoning module InputBindingEditor (536)
[2023.05.07-08.55.47:916][899]LogModuleManager: Shutting down and abandoning module MergeActors (534)
[2023.05.07-08.55.47:916][899]LogModuleManager: Shutting down and abandoning module LocalizationDashboard (532)
[2023.05.07-08.55.47:916][899]LogModuleManager: Shutting down and abandoning module LocalizationService (531)
[2023.05.07-08.55.47:917][899]LogModuleManager: Shutting down and abandoning module HardwareTargeting (528)
[2023.05.07-08.55.47:917][899]LogModuleManager: Shutting down and abandoning module DeviceProfileEditor (526)
[2023.05.07-08.55.47:917][899]LogModuleManager: Shutting down and abandoning module UndoHistory (524)
[2023.05.07-08.55.47:917][899]LogModuleManager: Shutting down and abandoning module XmlParser (522)
[2023.05.07-08.55.47:917][899]LogModuleManager: Shutting down and abandoning module Blutility (520)
[2023.05.07-08.55.47:917][899]LogModuleManager: Shutting down and abandoning module ProjectSettingsViewer (518)
[2023.05.07-08.55.47:917][899]LogModuleManager: Shutting down and abandoning module ProjectTargetPlatformEditor (517)
[2023.05.07-08.55.47:917][899]LogModuleManager: Shutting down and abandoning module EditorSettingsViewer (514)
[2023.05.07-08.55.47:917][899]LogModuleManager: Shutting down and abandoning module SettingsEditor (512)
[2023.05.07-08.55.47:918][899]LogModuleManager: Shutting down and abandoning module ProjectLauncher (510)
[2023.05.07-08.55.47:918][899]LogModuleManager: Shutting down and abandoning module SessionFrontend (508)
[2023.05.07-08.55.47:918][899]LogModuleManager: Shutting down and abandoning module ProfilerClient (506)
[2023.05.07-08.55.47:919][899]LogModuleManager: Shutting down and abandoning module DeviceManager (504)
[2023.05.07-08.55.47:919][899]LogModuleManager: Shutting down and abandoning module TargetDeviceServices (503)
[2023.05.07-08.55.47:951][899]LogModuleManager: Shutting down and abandoning module AutomationController (500)
[2023.05.07-08.55.47:952][899]LogModuleManager: Shutting down and abandoning module AutomationWindow (498)
[2023.05.07-08.55.47:952][899]LogModuleManager: Shutting down and abandoning module Layers (496)
[2023.05.07-08.55.47:954][899]LogModuleManager: Shutting down and abandoning module ComponentVisualizers (494)
[2023.05.07-08.55.47:954][899]LogModuleManager: Shutting down and abandoning module DetailCustomizations (492)
[2023.05.07-08.55.47:954][899]LogModuleManager: Shutting down and abandoning module PackagesDialog (490)
[2023.05.07-08.55.47:954][899]LogModuleManager: Shutting down and abandoning module AnimationBlueprintEditor (488)
[2023.05.07-08.55.47:957][899]LogModuleManager: Shutting down and abandoning module Persona (486)
[2023.05.07-08.55.47:957][899]LogModuleManager: Shutting down and abandoning module AdvancedPreviewScene (485)
[2023.05.07-08.55.47:957][899]LogModuleManager: Shutting down and abandoning module AnimGraph (483)
[2023.05.07-08.55.47:957][899]LogModuleManager: Shutting down and abandoning module Kismet (480)
[2023.05.07-08.55.47:959][899]LogModuleManager: Shutting down and abandoning module KismetWidgets (479)
[2023.05.07-08.55.47:959][899]LogModuleManager: Shutting down and abandoning module GraphEditor (476)
[2023.05.07-08.55.47:959][899]LogModuleManager: Shutting down and abandoning module StructViewer (474)
[2023.05.07-08.55.47:959][899]LogModuleManager: Shutting down and abandoning module ClassViewer (472)
[2023.05.07-08.55.47:959][899]LogModuleManager: Shutting down and abandoning module Toolbox (470)
[2023.05.07-08.55.47:959][899]LogModuleManager: Shutting down and abandoning module ModuleUI (468)
[2023.05.07-08.55.47:959][899]LogModuleManager: Shutting down and abandoning module MovieSceneTools (466)
[2023.05.07-08.55.47:960][899]LogModuleManager: Shutting down and abandoning module OutputLog (464)
[2023.05.07-08.55.47:960][899]LogModuleManager: Shutting down and abandoning module GammaUI (462)
[2023.05.07-08.55.47:961][899]LogModuleManager: Shutting down and abandoning module Documentation (460)
[2023.05.07-08.55.47:961][899]LogModuleManager: Shutting down and abandoning module LiveCoding (458)
[2023.05.07-08.55.47:961][899]LogModuleManager: Shutting down and abandoning module LevelSequence (456)
[2023.05.07-08.55.47:961][899]LogModuleManager: Shutting down and abandoning module MovieSceneTracks (454)
[2023.05.07-08.55.47:961][899]LogModuleManager: Shutting down and abandoning module MovieScene (452)
[2023.05.07-08.55.47:961][899]LogModuleManager: Shutting down and abandoning module StreamingPauseRendering (450)
[2023.05.07-08.55.47:961][899]LogModuleManager: Shutting down and abandoning module LauncherPlatform (448)
[2023.05.07-08.55.47:961][899]LogModuleManager: Shutting down and abandoning module AnalyticsET (446)
[2023.05.07-08.55.47:961][899]LogModuleManager: Shutting down and abandoning module PortalServices (444)
[2023.05.07-08.55.47:961][899]LogModuleManager: Shutting down and abandoning module PortalRpc (442)
[2023.05.07-08.55.47:961][899]LogModuleManager: Shutting down and abandoning module MessagingRpc (440)
[2023.05.07-08.55.47:961][899]LogModuleManager: Shutting down and abandoning module AIModule (438)
[2023.05.07-08.55.47:962][899]LogModuleManager: Shutting down and abandoning module GameplayDebugger (437)
[2023.05.07-08.55.47:962][899]LogModuleManager: Shutting down and abandoning module AITestSuite (435)
[2023.05.07-08.55.47:963][899]LogModuleManager: Shutting down and abandoning module NavigationSystem (433)
[2023.05.07-08.55.47:963][899]LogModuleManager: Shutting down and abandoning module DesktopPlatform (430)
[2023.05.07-08.55.47:963][899]LogModuleManager: Shutting down and abandoning module ImageWriteQueue (428)
[2023.05.07-08.55.47:965][899]LogModuleManager: Shutting down and abandoning module ProfilerService (426)
[2023.05.07-08.55.47:977][899]LogModuleManager: Shutting down and abandoning module TaskGraph (424)
[2023.05.07-08.55.47:978][899]LogModuleManager: Shutting down and abandoning module ScreenshotTools (422)
[2023.05.07-08.55.47:978][899]LogModuleManager: Shutting down and abandoning module SteamVRController (420)
[2023.05.07-08.55.47:978][899]LogModuleManager: Shutting down and abandoning module ProceduralMeshComponentEditor (418)
[2023.05.07-08.55.47:978][899]LogModuleManager: Shutting down and abandoning module ProceduralMeshComponent (416)
[2023.05.07-08.55.47:979][899]LogModuleManager: Shutting down and abandoning module OculusEditor (414)
[2023.05.07-08.55.47:979][899]LogModuleManager: Shutting down and abandoning module OculusInput (412)
[2023.05.07-08.55.47:979][899]LogModuleManager: Shutting down and abandoning module MobilePatchingUtils (410)
[2023.05.07-08.55.47:979][899]LogModuleManager: Shutting down and abandoning module EditableMesh (408)
[2023.05.07-08.55.47:979][899]LogModuleManager: Shutting down and abandoning module CustomMeshComponent (406)
[2023.05.07-08.55.47:979][899]LogModuleManager: Shutting down and abandoning module CableComponent (404)
[2023.05.07-08.55.47:979][899]LogModuleManager: Shutting down and abandoning module AudioCapture (402)
[2023.05.07-08.55.47:979][899]LogModuleManager: Shutting down and abandoning module ArchVisCharacter (400)
[2023.05.07-08.55.47:979][899]LogModuleManager: Shutting down and abandoning module AppleImageUtilsBlueprintSupport (398)
[2023.05.07-08.55.47:979][899]LogModuleManager: Shutting down and abandoning module AppleImageUtils (396)
[2023.05.07-08.55.47:979][899]LogModuleManager: Shutting down and abandoning module AndroidPermission (394)
[2023.05.07-08.55.47:979][899]LogModuleManager: Shutting down and abandoning module NUTUnrealEngine4 (392)
[2023.05.07-08.55.47:979][899]LogModuleManager: Shutting down and abandoning module NetcodeUnitTest (390)
[2023.05.07-08.55.47:980][899]LogModuleManager: Shutting down and abandoning module MediaCompositing (388)
[2023.05.07-08.55.47:980][899]LogModuleManager: Shutting down and abandoning module ImgMedia (386)
[2023.05.07-08.55.47:980][899]LogModuleManager: Shutting down and abandoning module MagicLeapHelperVulkan (384)
[2023.05.07-08.55.47:980][899]LogModuleManager: Shutting down and abandoning module MagicLeapHelperOpenGL (382)
[2023.05.07-08.55.47:980][899]LogModuleManager: Shutting down and abandoning module MagicLeapAudio (380)
[2023.05.07-08.55.47:980][899]LogModuleManager: Shutting down and abandoning module HTML5Networking (378)
[2023.05.07-08.55.47:980][899]LogModuleManager: Shutting down and abandoning module GeometryCacheTracks (376)
[2023.05.07-08.55.47:980][899]LogModuleManager: Shutting down and abandoning module GeometryCacheSequencer (374)
[2023.05.07-08.55.47:980][899]LogModuleManager: Shutting down and abandoning module BackChannel (372)
[2023.05.07-08.55.47:981][899]LogModuleManager: Shutting down and abandoning module AutomationUtilsEditor (370)
[2023.05.07-08.55.47:981][899]LogModuleManager: Shutting down and abandoning module AutomationUtils (368)
[2023.05.07-08.55.47:981][899]LogModuleManager: Shutting down and abandoning module AlembicImporter (366)
[2023.05.07-08.55.47:981][899]LogModuleManager: Shutting down and abandoning module AlembicLibrary (365)
[2023.05.07-08.55.47:981][899]LogModuleManager: Shutting down and abandoning module GeometryCache (364)
[2023.05.07-08.55.47:981][899]LogModuleManager: Shutting down and abandoning module GeometryCacheEd (363)
[2023.05.07-08.55.47:981][899]LogModuleManager: Shutting down and abandoning module VariantManagerContent (358)
[2023.05.07-08.55.47:981][899]LogModuleManager: Shutting down and abandoning module DatasmithContentEditor (356)
[2023.05.07-08.55.47:981][899]LogModuleManager: Shutting down and abandoning module SpeedTreeImporter (354)
[2023.05.07-08.55.47:981][899]LogModuleManager: Shutting down and abandoning module PluginBrowser (352)
[2023.05.07-08.55.47:981][899]LogModuleManager: Shutting down and abandoning module MobileLauncherProfileWizard (350)
[2023.05.07-08.55.47:982][899]LogModuleManager: Shutting down and abandoning module MaterialAnalyzer (348)
[2023.05.07-08.55.47:983][899]LogModuleManager: Shutting down and abandoning module CurveEditorTools (346)
[2023.05.07-08.55.47:983][899]LogModuleManager: Shutting down and abandoning module CurveEditor (345)
[2023.05.07-08.55.47:984][899]LogModuleManager: Shutting down and abandoning module CryptoKeysOpenSSL (342)
[2023.05.07-08.55.47:984][899]LogModuleManager: Shutting down and abandoning module CryptoKeys (340)
[2023.05.07-08.55.47:984][899]LogModuleManager: Shutting down and abandoning module VisualStudioSourceCodeAccess (338)
[2023.05.07-08.55.47:985][899]LogModuleManager: Shutting down and abandoning module VisualStudioCodeSourceCodeAccess (336)
[2023.05.07-08.55.47:985][899]LogModuleManager: Shutting down and abandoning module UObjectPlugin (334)
[2023.05.07-08.55.47:985][899]LogModuleManager: Shutting down and abandoning module SubversionSourceControl (332)
[2023.05.07-08.55.47:985][899]LogModuleManager: Shutting down and abandoning module PerforceSourceControl (330)
[2023.05.07-08.55.47:986][899]LogModuleManager: Shutting down and abandoning module GitSourceControl (328)
[2023.05.07-08.55.47:987][899]LogModuleManager: Shutting down and abandoning module SourceControl (327)
[2023.05.07-08.55.47:987][899]LogModuleManager: Shutting down and abandoning module CLionSourceCodeAccess (324)
[2023.05.07-08.55.47:987][899]LogModuleManager: Shutting down and abandoning module AnimationSharingEd (322)
[2023.05.07-08.55.47:987][899]LogModuleManager: Shutting down and abandoning module ActorLayerUtilitiesEditor (320)
[2023.05.07-08.55.47:987][899]LogModuleManager: Shutting down and abandoning module ActorLayerUtilities (318)
[2023.05.07-08.55.47:987][899]LogModuleManager: Shutting down and abandoning module LightPropagationVolumeEditor (316)
[2023.05.07-08.55.47:987][899]LogModuleManager: Shutting down and abandoning module PaperTiledImporter (314)
[2023.05.07-08.55.47:987][899]LogModuleManager: Shutting down and abandoning module PaperSpriteSheetImporter (312)
[2023.05.07-08.55.47:987][899]LogModuleManager: Shutting down and abandoning module Paper2DEditor (310)
[2023.05.07-08.55.47:988][899]LogModuleManager: Shutting down and abandoning module SignificanceManager (308)
[2023.05.07-08.55.47:988][899]LogModuleManager: Shutting down and abandoning module RuntimePhysXCooking (306)
[2023.05.07-08.55.47:988][899]LogModuleManager: Shutting down and abandoning module PhysXVehiclesEditor (304)
[2023.05.07-08.55.47:988][899]LogModuleManager: Shutting down and abandoning module LocationServicesBPLibrary (300)
[2023.05.07-08.55.47:988][899]LogModuleManager: Shutting down and abandoning module ActorSequence (298)
[2023.05.07-08.55.47:988][899]LogModuleManager: Shutting down and abandoning module UdpMessaging (296)
[2023.05.07-08.55.48:089][899]LogModuleManager: Shutting down and abandoning module TcpMessaging (294)
[2023.05.07-08.55.48:189][899]LogModuleManager: Shutting down and abandoning module MagicLeapIdentity (292)
[2023.05.07-08.55.48:189][899]LogModuleManager: Shutting down and abandoning module MagicLeapSecureStorage (290)
[2023.05.07-08.55.48:189][899]LogModuleManager: Shutting down and abandoning module MagicLeapHandTracking (288)
[2023.05.07-08.55.48:189][899]LogModuleManager: Shutting down and abandoning module MagicLeapEyeTracker (286)
[2023.05.07-08.55.48:189][899]LogModuleManager: Shutting down and abandoning module MagicLeapController (284)
[2023.05.07-08.55.48:189][899]LogSlate: Slate User Destroyed.  User Index 0, Is Virtual User: 0
[2023.05.07-08.55.48:190][899]LogModuleManager: Shutting down and abandoning module MagicLeapAR (282)
[2023.05.07-08.55.48:190][899]LogModuleManager: Shutting down and abandoning module AugmentedReality (281)
[2023.05.07-08.55.48:190][899]LogModuleManager: Shutting down and abandoning module GameplayTagsEditor (278)
[2023.05.07-08.55.48:190][899]LogModuleManager: Shutting down and abandoning module FacialAnimationEditor (276)
[2023.05.07-08.55.48:190][899]LogModuleManager: Shutting down and abandoning module FacialAnimation (274)
[2023.05.07-08.55.48:190][899]LogModuleManager: Shutting down and abandoning module DataValidation (272)
[2023.05.07-08.55.48:190][899]LogModuleManager: Shutting down and abandoning module AssetManagerEditor (270)
[2023.05.07-08.55.48:191][899]LogModuleManager: Shutting down and abandoning module LevelEditor (269)
[2023.05.07-08.55.48:192][899]LogModuleManager: Shutting down and abandoning module PixelInspectorModule (268)
[2023.05.07-08.55.48:193][899]LogModuleManager: Shutting down and abandoning module CommonMenuExtensions (266)
[2023.05.07-08.55.48:193][899]LogModuleManager: Shutting down and abandoning module MainFrame (264)
[2023.05.07-08.55.48:193][899]LogModuleManager: Shutting down and abandoning module HotReload (263)
[2023.05.07-08.55.48:194][899]LogModuleManager: Shutting down and abandoning module ContentBrowser (259)
[2023.05.07-08.55.48:195][899]LogModuleManager: Shutting down and abandoning module TreeMap (257)
[2023.05.07-08.55.48:195][899]LogModuleManager: Shutting down and abandoning module AnimationSharing (254)
[2023.05.07-08.55.48:195][899]LogModuleManager: Shutting down and abandoning module LightPropagationVolumeRuntime (252)
[2023.05.07-08.55.48:195][899]LogModuleManager: Shutting down and abandoning module Paper2D (250)
[2023.05.07-08.55.48:195][899]LogModuleManager: Shutting down and abandoning module WindowsMoviePlayer (248)
[2023.05.07-08.55.48:197][899]LogModuleManager: Shutting down and abandoning module WebMMoviePlayer (246)
[2023.05.07-08.55.48:198][899]LogModuleManager: Shutting down and abandoning module NetworkReplayStreaming (244)
[2023.05.07-08.55.48:198][899]LogModuleManager: Shutting down and abandoning module PacketHandler (242)
[2023.05.07-08.55.48:198][899]LogModuleManager: Shutting down and abandoning module ClothingSystemEditor (240)
[2023.05.07-08.55.48:198][899]LogModuleManager: Shutting down and abandoning module ClothingSystemRuntime (238)
[2023.05.07-08.55.48:198][899]LogModuleManager: Shutting down and abandoning module MediaAssets (236)
[2023.05.07-08.55.48:199][899]LogModuleManager: Shutting down and abandoning module Overlay (234)
[2023.05.07-08.55.48:199][899]LogModuleManager: Shutting down and abandoning module OverlayEditor (233)
[2023.05.07-08.55.48:199][899]LogModuleManager: Shutting down and abandoning module VREditor (230)
[2023.05.07-08.55.48:199][899]LogModuleManager: Shutting down and abandoning module StringTableEditor (228)
[2023.05.07-08.55.48:200][899]LogModuleManager: Shutting down and abandoning module GameplayTasksEditor (226)
[2023.05.07-08.55.48:200][899]LogModuleManager: Shutting down and abandoning module BehaviorTreeEditor (224)
[2023.05.07-08.55.48:202][899]LogModuleManager: Shutting down and abandoning module FunctionalTesting (222)
[2023.05.07-08.55.48:203][899]LogModuleManager: Shutting down and abandoning module CollisionAnalyzer (220)
[2023.05.07-08.55.48:204][899]LogModuleManager: Shutting down and abandoning module WorkspaceMenuStructure (219)
[2023.05.07-08.55.48:204][899]LogModuleManager: Shutting down and abandoning module UMG (216)
[2023.05.07-08.55.48:205][899]LogModuleManager: Shutting down and abandoning module UMGEditor (215)
[2023.05.07-08.55.48:205][899]LogModuleManager: Shutting down and abandoning module Sequencer (214)
[2023.05.07-08.55.48:208][899]LogModuleManager: Shutting down and abandoning module MessageLog (211)
[2023.05.07-08.55.48:208][899]LogModuleManager: Shutting down and abandoning module SlateReflector (206)
[2023.05.07-08.55.48:210][899]LogModuleManager: Shutting down and abandoning module Slate (204)
[2023.05.07-08.55.48:210][899]LogModuleManager: Shutting down and abandoning module LandscapeEditorUtilities (202)
[2023.05.07-08.55.48:210][899]LogModuleManager: Shutting down and abandoning module EditorStyle (200)
[2023.05.07-08.55.48:211][899]LogModuleManager: Shutting down and abandoning module UnrealEd (198)
[2023.05.07-08.55.48:211][899]LogModuleManager: Shutting down and abandoning module MRMesh (196)
[2023.05.07-08.55.48:211][899]LogModuleManager: Shutting down and abandoning module SourceCodeAccess (194)
[2023.05.07-08.55.48:211][899]LogModuleManager: Shutting down and abandoning module HeadMountedDisplay (192)
[2023.05.07-08.55.48:211][899]LogModuleManager: Shutting down and abandoning module XAudio2 (190)
[2023.05.07-08.55.48:211][899]LogModuleManager: Shutting down and abandoning module Networking (188)
[2023.05.07-08.55.48:211][899]LogModuleManager: Shutting down and abandoning module Core (186)
[2023.05.07-08.55.48:211][899]LogModuleManager: Shutting down and abandoning module KismetCompiler (184)
[2023.05.07-08.55.48:211][899]LogModuleManager: Shutting down and abandoning module MeshUtilities (182)
[2023.05.07-08.55.48:212][899]LogModuleManager: Shutting down and abandoning module MeshMergeUtilities (181)
[2023.05.07-08.55.48:212][899]LogModuleManager: Shutting down and abandoning module MeshReductionInterface (180)
[2023.05.07-08.55.48:212][899]LogModuleManager: Shutting down and abandoning module SkeletalMeshReduction (179)
[2023.05.07-08.55.48:213][899]LogModuleManager: Shutting down and abandoning module ProxyLODMeshReduction (177)
[2023.05.07-08.55.48:214][899]LogModuleManager: Shutting down and abandoning module QuadricMeshReduction (175)
[2023.05.07-08.55.48:215][899]LogModuleManager: Shutting down and abandoning module MaterialBaking (171)
[2023.05.07-08.55.48:215][899]LogModuleManager: Shutting down and abandoning module NullInstallBundleManager (166)
[2023.05.07-08.55.48:215][899]LogModuleManager: Shutting down and abandoning module DerivedDataCache (164)
[2023.05.07-08.55.48:475][899]LogDerivedDataCache: Shutdown
[2023.05.07-08.55.48:475][899]LogModuleManager: Shutting down and abandoning module XGEController (162)
[2023.05.07-08.55.48:475][899]LogXGEController: Cleaning working directory: C:/Users/trifo/AppData/Local/Temp/UnrealXGEWorkingDir/
[2023.05.07-08.55.48:475][899]LogModuleManager: Shutting down and abandoning module TargetPlatform (160)
[2023.05.07-08.55.48:476][899]LogModuleManager: Shutting down and abandoning module VulkanShaderFormat (159)
[2023.05.07-08.55.48:476][899]LogModuleManager: Shutting down and abandoning module ShaderFormatVectorVM (157)
[2023.05.07-08.55.48:476][899]LogModuleManager: Shutting down and abandoning module ShaderFormatOpenGL (155)
[2023.05.07-08.55.48:477][899]LogModuleManager: Shutting down and abandoning module ShaderFormatD3D (153)
[2023.05.07-08.55.48:477][899]LogModuleManager: Shutting down and abandoning module MetalShaderFormat (151)
[2023.05.07-08.55.48:478][899]LogModuleManager: Shutting down and abandoning module TextureFormatUncompressed (149)
[2023.05.07-08.55.48:478][899]LogModuleManager: Shutting down and abandoning module TextureFormatPVR (147)
[2023.05.07-08.55.48:478][899]LogModuleManager: Shutting down and abandoning module TextureFormatDXT (145)
[2023.05.07-08.55.48:478][899]LogModuleManager: Shutting down and abandoning module TextureFormatIntelISPCTexComp (143)
[2023.05.07-08.55.48:478][899]LogModuleManager: Shutting down and abandoning module TextureFormatASTC (141)
[2023.05.07-08.55.48:478][899]LogModuleManager: Shutting down and abandoning module ImageWrapper (140)
[2023.05.07-08.55.48:478][899]LogModuleManager: Shutting down and abandoning module TextureFormatAndroid (137)
[2023.05.07-08.55.48:478][899]LogModuleManager: Shutting down and abandoning module AudioFormatOpus (135)
[2023.05.07-08.55.48:479][899]LogModuleManager: Shutting down and abandoning module AudioFormatOgg (133)
[2023.05.07-08.55.48:479][899]LogModuleManager: Shutting down and abandoning module AudioFormatADPCM (131)
[2023.05.07-08.55.48:479][899]LogModuleManager: Shutting down and abandoning module LuminTargetPlatform (129)
[2023.05.07-08.55.48:480][899]LogModuleManager: Shutting down and abandoning module LinuxTargetPlatform (127)
[2023.05.07-08.55.48:480][899]LogModuleManager: Shutting down and abandoning module LinuxServerTargetPlatform (125)
[2023.05.07-08.55.48:480][899]LogModuleManager: Shutting down and abandoning module LinuxNoEditorTargetPlatform (123)
[2023.05.07-08.55.48:480][899]LogModuleManager: Shutting down and abandoning module LinuxClientTargetPlatform (121)
[2023.05.07-08.55.48:481][899]LogModuleManager: Shutting down and abandoning module TVOSTargetPlatform (119)
[2023.05.07-08.55.48:481][899]LogModuleManager: Shutting down and abandoning module Messaging (117)
[2023.05.07-08.55.48:481][899]LogModuleManager: Shutting down and abandoning module IOSTargetPlatform (115)
[2023.05.07-08.55.48:482][899]LogModuleManager: Shutting down and abandoning module HTML5TargetPlatform (113)
[2023.05.07-08.55.48:482][899]LogModuleManager: Shutting down and abandoning module AndroidTargetPlatform (111)
[2023.05.07-08.55.48:485][899]LogModuleManager: Shutting down and abandoning module WindowsTargetPlatform (109)
[2023.05.07-08.55.48:485][899]LogModuleManager: Shutting down and abandoning module WindowsServerTargetPlatform (107)
[2023.05.07-08.55.48:485][899]LogModuleManager: Shutting down and abandoning module WindowsNoEditorTargetPlatform (105)
[2023.05.07-08.55.48:485][899]LogModuleManager: Shutting down and abandoning module WindowsClientTargetPlatform (103)
[2023.05.07-08.55.48:485][899]LogModuleManager: Shutting down and abandoning module MacTargetPlatform (101)
[2023.05.07-08.55.48:485][899]LogModuleManager: Shutting down and abandoning module MacServerTargetPlatform (99)
[2023.05.07-08.55.48:485][899]LogModuleManager: Shutting down and abandoning module MacNoEditorTargetPlatform (97)
[2023.05.07-08.55.48:485][899]LogModuleManager: Shutting down and abandoning module MacClientTargetPlatform (95)
[2023.05.07-08.55.48:485][899]LogModuleManager: Shutting down and abandoning module AllDesktopTargetPlatform (93)
[2023.05.07-08.55.48:485][899]LogModuleManager: Shutting down and abandoning module InputCore (90)
[2023.05.07-08.55.48:485][899]LogModuleManager: Shutting down and abandoning module Settings (88)
[2023.05.07-08.55.48:485][899]LogModuleManager: Shutting down and abandoning module DirectoryWatcher (86)
[2023.05.07-08.55.48:485][899]LogModuleManager: Shutting down and abandoning module PhysXCooking (84)
[2023.05.07-08.55.48:485][899]LogModuleManager: Shutting down and abandoning module WindowsPlatformFeatures (82)
[2023.05.07-08.55.48:485][899]LogModuleManager: Shutting down and abandoning module GameplayMediaEncoder (81)
[2023.05.07-08.55.48:486][899]LogModuleManager: Shutting down and abandoning module SteamVR (78)
[2023.05.07-08.55.48:486][899]LogHMD: Freeing OpenVRDLLHandle.
[2023.05.07-08.55.48:486][899]LogModuleManager: Shutting down and abandoning module OculusHMD (76)
[2023.05.07-08.55.48:487][899]LogModuleManager: Shutting down and abandoning module ExampleDeviceProfileSelector (74)
[2023.05.07-08.55.48:487][899]LogModuleManager: Shutting down and abandoning module LauncherChunkInstaller (72)
[2023.05.07-08.55.48:487][899]LogModuleManager: Shutting down and abandoning module OnlineBlueprintSupport (70)
[2023.05.07-08.55.48:487][899]LogModuleManager: Shutting down and abandoning module OnlineSubsystem (66)
[2023.05.07-08.55.48:489][899]LogModuleManager: Shutting down and abandoning module XMPP (61)
[2023.05.07-08.55.48:490][899]LogModuleManager: Shutting down and abandoning module WebSockets (60)
[2023.05.07-08.55.48:519][899]LogModuleManager: Shutting down and abandoning module HTTP (57)
[2023.05.07-08.55.48:519][899]LogHttp: Display: Http module shutting down, but needs to wait on 1 outstanding Http requests:
[2023.05.07-08.55.48:519][899]LogHttp: Display: 	verb=[POST] url=[https://datarouter.ol.epicgames.com/datarouter/api/v1/public/data?SessionID=%7B9CCF22D2-4F76-8A2F-1B60-8F92DA822E56%7D&AppID=UEEditor.Rocket.Release&AppVersion=4.23.1-9631420%2B%2B%2BUE4%2BRelease-4.23&UserID=ec1ad2b34d93cdecb522678f51c27f27%7Cdea1fde4c39f4184be83e2a0b39cf2b1%7Cbb4acf38-58d6-4040-94a1-4a16116766a2&AppEnvironment=datacollector-binary&UploadType=eteventstream] status=Processing
[2023.05.07-08.55.48:543][899]LogModuleManager: Shutting down and abandoning module SSL (56)
[2023.05.07-08.55.48:544][899]LogModuleManager: Shutting down and abandoning module WmfMedia (52)
[2023.05.07-08.55.48:548][899]LogModuleManager: Shutting down and abandoning module Media (51)
[2023.05.07-08.55.48:548][899]LogModuleManager: Shutting down and abandoning module MagicLeap (48)
[2023.05.07-08.55.48:549][899]LogModuleManager: Shutting down and abandoning module DatasmithContent (46)
[2023.05.07-08.55.48:549][899]LogModuleManager: Shutting down and abandoning module AISupportModule (44)
[2023.05.07-08.55.48:549][899]LogModuleManager: Shutting down and abandoning module PlatformCryptoOpenSSL (42)
[2023.05.07-08.55.48:550][899]LogModuleManager: Shutting down and abandoning module PlatformCrypto (40)
[2023.05.07-08.55.48:550][899]LogModuleManager: Shutting down and abandoning module AnimationModifiers (38)
[2023.05.07-08.55.48:551][899]LogModuleManager: Shutting down and abandoning module PropertyEditor (37)
[2023.05.07-08.55.48:551][899]LogModuleManager: Shutting down and abandoning module AudioEditor (34)
[2023.05.07-08.55.48:552][899]LogModuleManager: Shutting down and abandoning module TextureCompressor (32)
[2023.05.07-08.55.48:553][899]LogModuleManager: Shutting down and abandoning module RenderCore (30)
[2023.05.07-08.55.48:553][899]LogModuleManager: Shutting down and abandoning module Landscape (28)
[2023.05.07-08.55.48:553][899]LogModuleManager: Shutting down and abandoning module SlateRHIRenderer (26)
[2023.05.07-08.55.48:554][899]LogModuleManager: Shutting down and abandoning module OpenGLDrv (24)
[2023.05.07-08.55.48:555][899]LogModuleManager: Shutting down and abandoning module D3D11RHI (22)
[2023.05.07-08.55.48:555][899]LogModuleManager: Shutting down and abandoning module AnimGraphRuntime (20)
[2023.05.07-08.55.48:555][899]LogModuleManager: Shutting down and abandoning module Renderer (18)
[2023.05.07-08.55.48:555][899]LogModuleManager: Shutting down and abandoning module Engine (16)
[2023.05.07-08.55.48:555][899]LogModuleManager: Shutting down and abandoning module CoreUObject (14)
[2023.05.07-08.55.48:555][899]LogModuleManager: Shutting down and abandoning module NetworkFile (12)
[2023.05.07-08.55.48:555][899]LogModuleManager: Shutting down and abandoning module CookedIterativeFile (10)
[2023.05.07-08.55.48:555][899]LogModuleManager: Shutting down and abandoning module StreamingFile (8)
[2023.05.07-08.55.48:556][899]LogModuleManager: Shutting down and abandoning module SandboxFile (6)
[2023.05.07-08.55.48:556][899]LogModuleManager: Shutting down and abandoning module PakFile (4)
[2023.05.07-08.55.48:556][899]LogModuleManager: Shutting down and abandoning module RSA (3)
[2023.05.07-08.55.48:556][899]LogD3D11RHI: Shutdown
[2023.05.07-08.55.48:557][899]LogD3D11RHI: CleanupD3DDevice
[2023.05.07-08.55.48:557][899]LogRendererCore: FGlobalDynamicReadBuffer::Cleanup()
[2023.05.07-08.55.48:557][899]LogRendererCore: FGlobalDynamicReadBuffer::Cleanup()
[2023.05.07-08.55.48:557][899]LogRendererCore: FGlobalDynamicReadBuffer::Cleanup()
[2023.05.07-08.55.48:671][899]LogD3D11RHI: ~FD3D11DynamicRHI
[2023.05.07-08.55.48:682][899]LogExit: Exiting.
[2023.05.07-08.55.48:695][899]Log file closed, 05/07/23 11:55:48
