Log file open, 05/07/23 17:34:02
LogWindows: Failed to load 'aqProf.dll' (GetLastError=126)
LogWindows: File 'aqProf.dll' does not exist
LogWindows: Failed to load 'VtuneApi.dll' (GetLastError=126)
LogWindows: File 'VtuneApi.dll' does not exist
LogWindows: Failed to load 'VtuneApi32e.dll' (GetLastError=126)
LogWindows: File 'VtuneApi32e.dll' does not exist
LogConsoleResponse: Display: Failed to find resolution value strings in scalability ini. Falling back to default.
LogInit: Display: Running engine for game: JamRunner
LogPlatformFile: Not using cached read wrapper
LogTaskGraph: Started task graph with 5 named threads and 35 total threads with 3 sets of task threads.
LogStats: Stats thread started at 0.140122
LogD3D11RHI: Loaded GFSDK_Aftermath_Lib.x64.dll
LogICUInternationalization: ICU TimeZone Detection - Raw Offset: +3:00, Platform Override: ''
LogPluginManager: Mounting plugin Paper2D
LogPluginManager: Mounting plugin AISupport
LogPluginManager: Mounting plugin LightPropagationVolume
LogPluginManager: Mounting plugin ActorLayerUtilities
LogPluginManager: Mounting plugin AnimationSharing
LogPluginManager: Mounting plugin CLionSourceCodeAccess
LogPluginManager: Mounting plugin CodeLiteSourceCodeAccess
LogPluginManager: Mounting plugin GitSourceControl
LogPluginManager: Mounting plugin KDevelopSourceCodeAccess
LogPluginManager: Mounting plugin NullSourceCodeAccess
LogPluginManager: Mounting plugin PerforceSourceControl
LogPluginManager: Mounting plugin SubversionSourceControl
LogPluginManager: Mounting plugin UObjectPlugin
LogPluginManager: Mounting plugin VisualStudioCodeSourceCodeAccess
LogPluginManager: Mounting plugin VisualStudioSourceCodeAccess
LogPluginManager: Mounting plugin XCodeSourceCodeAccess
LogPluginManager: Mounting plugin AssetManagerEditor
LogPluginManager: Mounting plugin CryptoKeys
LogPluginManager: Mounting plugin CurveEditorTools
LogPluginManager: Mounting plugin DataValidation
LogPluginManager: Mounting plugin EditorScriptingUtilities
LogPluginManager: Mounting plugin FacialAnimation
LogPluginManager: Mounting plugin GameplayTagsEditor
LogPluginManager: Mounting plugin MacGraphicsSwitching
LogPluginManager: Mounting plugin MaterialAnalyzer
LogPluginManager: Mounting plugin MobileLauncherProfileWizard
LogPluginManager: Mounting plugin PluginBrowser
LogPluginManager: Mounting plugin SpeedTreeImporter
LogPluginManager: Mounting plugin DatasmithContent
LogPluginManager: Mounting plugin VariantManagerContent
LogPluginManager: Mounting plugin AlembicImporter
LogPluginManager: Mounting plugin AutomationUtils
LogPluginManager: Mounting plugin BackChannel
LogPluginManager: Mounting plugin CharacterAI
LogPluginManager: Mounting plugin GeometryCache
LogPluginManager: Mounting plugin HTML5Networking
LogPluginManager: Mounting plugin PlatformCrypto
LogPluginManager: Mounting plugin ProxyLODPlugin
LogPluginManager: Mounting plugin PythonScriptPlugin
LogPluginManager: Mounting plugin SkeletalReduction
LogPluginManager: Mounting plugin MagicLeap
LogPluginManager: Mounting plugin MagicLeapMedia
LogPluginManager: Mounting plugin AndroidMedia
LogPluginManager: Mounting plugin AvfMedia
LogPluginManager: Mounting plugin ImgMedia
LogPluginManager: Mounting plugin MediaCompositing
LogPluginManager: Mounting plugin MediaPlayerEditor
LogPluginManager: Mounting plugin WebMMedia
LogPluginManager: Mounting plugin WmfMedia
LogPluginManager: Mounting plugin MegascansPlugin
LogPluginManager: Mounting plugin TcpMessaging
LogPluginManager: Mounting plugin UdpMessaging
LogPluginManager: Mounting plugin ActorSequence
LogPluginManager: Mounting plugin LevelSequenceEditor
LogPluginManager: Mounting plugin MatineeToLevelSequence
LogPluginManager: Mounting plugin NetcodeUnitTest
LogPluginManager: Mounting plugin NUTUnrealEngine4
LogPluginManager: Mounting plugin OnlineSubsystemGooglePlay
LogPluginManager: Mounting plugin OnlineSubsystemIOS
LogPluginManager: Mounting plugin OnlineSubsystem
LogPluginManager: Mounting plugin OnlineSubsystemNull
LogPluginManager: Mounting plugin OnlineSubsystemUtils
LogPluginManager: Mounting plugin LauncherChunkInstaller
LogPluginManager: Mounting plugin AndroidDeviceProfileSelector
LogPluginManager: Mounting plugin AndroidMoviePlayer
LogPluginManager: Mounting plugin AndroidPermission
LogPluginManager: Mounting plugin AppleImageUtils
LogPluginManager: Mounting plugin AppleMoviePlayer
LogPluginManager: Mounting plugin ArchVisCharacter
LogPluginManager: Mounting plugin AudioCapture
LogPluginManager: Mounting plugin CableComponent
LogPluginManager: Mounting plugin CustomMeshComponent
LogPluginManager: Mounting plugin DatabaseSupport
LogPluginManager: Mounting plugin SQLiteCore
LogPluginManager: Mounting plugin SQLiteSupport
LogPluginManager: Mounting plugin EditableMesh
LogPluginManager: Mounting plugin ExampleDeviceProfileSelector
LogPluginManager: Mounting plugin GoogleCloudMessaging
LogPluginManager: Mounting plugin IOSDeviceProfileSelector
LogPluginManager: Mounting plugin LinuxDeviceProfileSelector
LogPluginManager: Mounting plugin LocationServicesBPLibrary
LogPluginManager: Mounting plugin MobilePatchingUtils
LogPluginManager: Mounting plugin OculusVR
LogPluginManager: Mounting plugin PhysXVehicles
LogPluginManager: Mounting plugin ProceduralMeshComponent
LogPluginManager: Mounting plugin RuntimePhysXCooking
LogPluginManager: Mounting plugin SignificanceManager
LogPluginManager: Mounting plugin SteamVR
LogPluginManager: Mounting plugin WebMMoviePlayer
LogPluginManager: Mounting plugin WindowsMoviePlayer
LogPluginManager: Mounting plugin ScreenshotTools
LogInit: Using libcurl 7.55.1-DEV
LogInit:  - built for x86_64-pc-win32
LogInit:  - supports SSL with OpenSSL/1.1.1
LogInit:  - supports HTTP deflate (compression) using libz 1.2.8
LogInit:  - other features:
LogInit:      CURL_VERSION_SSL
LogInit:      CURL_VERSION_LIBZ
LogInit:      CURL_VERSION_IPV6
LogInit:      CURL_VERSION_ASYNCHDNS
LogInit:      CURL_VERSION_LARGEFILE
LogInit:      CURL_VERSION_IDN
LogInit:  CurlRequestOptions (configurable via config and command line):
LogInit:  - bVerifyPeer = true  - Libcurl will verify peer certificate
LogInit:  - bUseHttpProxy = false  - Libcurl will NOT use HTTP proxy
LogInit:  - bDontReuseConnections = false  - Libcurl will reuse connections
LogInit:  - MaxHostConnections = 16  - Libcurl will limit the number of connections to a host
LogInit:  - LocalHostAddr = Default
LogInit:  - BufferSize = 65536
LogOnline: OSS: Creating online subsystem instance for: NULL
LogInit: WinSock: version 1.1 (2.2), MaxSocks=32767, MaxUdp=65467
LogInit: Build: ++UE4+Release-4.23-CL-9631420
LogInit: Engine Version: 4.23.1-9631420+++UE4+Release-4.23
LogInit: Compatible Engine Version: 4.23.0-8386587+++UE4+Release-4.23
LogInit: Net CL: 8386587
LogInit: OS: Windows 10 (Release 2009) (), CPU: AMD Ryzen 5 5600H with Radeon Graphics         , GPU: AMD Radeon(TM) Graphics
LogInit: Compiled (64-bit): Oct 18 2019 02:07:44
LogInit: Compiled with Visual C++: 19.16.27030.01
LogInit: Build Configuration: Development
LogInit: Branch Name: ++UE4+Release-4.23
LogInit: Command Line: 
LogInit: Base Directory: C:/Program Files/Epic Games/UE_4.23/Engine/Binaries/Win64/
LogInit: Installed Engine Build: 1
LogDevObjectVersion: Number of dev versions registered: 23
LogDevObjectVersion:   Dev-Blueprints (B0D832E4-1F89-4F0D-ACCF-7EB736FD4AA2): 10
LogDevObjectVersion:   Dev-Build (E1C64328-A22C-4D53-A36C-8E866417BD8C): 0
LogDevObjectVersion:   Dev-Core (375EC13C-06E4-48FB-B500-84F0262A717E): 3
LogDevObjectVersion:   Dev-Editor (E4B068ED-F494-42E9-A231-DA0B2E46BB41): 34
LogDevObjectVersion:   Dev-Framework (CFFC743F-43B0-4480-9391-14DF171D2073): 35
LogDevObjectVersion:   Dev-Mobile (B02B49B5-BB20-44E9-A304-32B752E40360): 2
LogDevObjectVersion:   Dev-Networking (A4E4105C-59A1-49B5-A7C5-40C4547EDFEE): 0
LogDevObjectVersion:   Dev-Online (39C831C9-5AE6-47DC-9A44-9C173E1C8E7C): 0
LogDevObjectVersion:   Dev-Physics (78F01B33-EBEA-4F98-B9B4-84EACCB95AA2): 0
LogDevObjectVersion:   Dev-Platform (6631380F-2D4D-43E0-8009-CF276956A95A): 0
LogDevObjectVersion:   Dev-Rendering (12F88B9F-8875-4AFC-A67C-D90C383ABD29): 31
LogDevObjectVersion:   Dev-Sequencer (7B5AE74C-D270-4C10-A958-57980B212A5A): 11
LogDevObjectVersion:   Dev-VR (D7296918-1DD6-4BDD-9DE2-64A83CC13884): 2
LogDevObjectVersion:   Dev-LoadTimes (C2A15278-BFE7-4AFE-6C17-90FF531DF755): 1
LogDevObjectVersion:   Private-Geometry (6EACA3D4-40EC-4CC1-B786-8BED09428FC5): 3
LogDevObjectVersion:   Dev-AnimPhys (29E575DD-E0A3-4627-9D10-D276232CDCEA): 17
LogDevObjectVersion:   Dev-Anim (AF43A65D-7FD3-4947-9873-3E8ED9C1BB05): 2
LogDevObjectVersion:   Dev-ReflectionCapture (6B266CEC-1EC7-4B8F-A30B-E4D90942FC07): 1
LogDevObjectVersion:   Dev-Automation (0DF73D61-A23F-47EA-B727-89E90C41499A): 1
LogDevObjectVersion:   FortniteMain (601D1886-AC64-4F84-AA16-D3DE0DEAC7D6): 27
LogDevObjectVersion:   Dev-Enterprise (9DFFBCD6-494F-0158-E221-12823C92A888): 6
LogDevObjectVersion:   Dev-Niagara (F2AED0AC-9AFE-416F-8664-AA7FFA26D6FC): 1
LogDevObjectVersion:   Dev-Destruction (174F1F0B-B4C6-45A5-B13F-2EE8D0FB917D): 9
LogInit: Presizing for max 16777216 objects, including 0 objects not considered by GC, pre-allocating 0 bytes for permanent pool.
LogInit: Object subsystem initialized
LogConfig: Setting CVar [[con.DebugEarlyDefault:1]]
LogConfig: Setting CVar [[r.setres:1280x720]]
[2023.05.07-14.34.02:669][  0]LogConfig: Setting CVar [[r.VSync:0]]
[2023.05.07-14.34.02:669][  0]LogConfig: Setting CVar [[r.RHICmdBypass:0]]
[2023.05.07-14.34.02:669][  0]LogConfig: Applying CVar settings from Section [/Script/Engine.RendererSettings] File [C:/build/JamRunner/Saved/Config/Windows/Engine.ini]
[2023.05.07-14.34.02:669][  0]LogConfig: Setting CVar [[r.GPUCrashDebugging:0]]
[2023.05.07-14.34.02:669][  0]LogConfig: Applying CVar settings from Section [/Script/Engine.RendererOverrideSettings] File [C:/build/JamRunner/Saved/Config/Windows/Engine.ini]
[2023.05.07-14.34.02:669][  0]LogConfig: Applying CVar settings from Section [/Script/Engine.StreamingSettings] File [C:/build/JamRunner/Saved/Config/Windows/Engine.ini]
[2023.05.07-14.34.02:669][  0]LogConfig: Setting CVar [[s.MinBulkDataSizeForAsyncLoading:131072]]
[2023.05.07-14.34.02:669][  0]LogConfig: Setting CVar [[s.AsyncLoadingThreadEnabled:0]]
[2023.05.07-14.34.02:669][  0]LogConfig: Setting CVar [[s.EventDrivenLoaderEnabled:1]]
[2023.05.07-14.34.02:669][  0]LogConfig: Setting CVar [[s.WarnIfTimeLimitExceeded:0]]
[2023.05.07-14.34.02:669][  0]LogConfig: Setting CVar [[s.TimeLimitExceededMultiplier:1.5]]
[2023.05.07-14.34.02:669][  0]LogConfig: Setting CVar [[s.TimeLimitExceededMinTime:0.005]]
[2023.05.07-14.34.02:669][  0]LogConfig: Setting CVar [[s.UseBackgroundLevelStreaming:1]]
[2023.05.07-14.34.02:669][  0]LogConfig: Setting CVar [[s.PriorityAsyncLoadingExtraTime:15.0]]
[2023.05.07-14.34.02:669][  0]LogConfig: Setting CVar [[s.LevelStreamingActorsUpdateTimeLimit:5.0]]
[2023.05.07-14.34.02:669][  0]LogConfig: Setting CVar [[s.PriorityLevelStreamingActorsUpdateExtraTime:5.0]]
[2023.05.07-14.34.02:669][  0]LogConfig: Setting CVar [[s.LevelStreamingComponentsRegistrationGranularity:10]]
[2023.05.07-14.34.02:669][  0]LogConfig: Setting CVar [[s.UnregisterComponentsTimeLimit:1.0]]
[2023.05.07-14.34.02:669][  0]LogConfig: Setting CVar [[s.LevelStreamingComponentsUnregistrationGranularity:5]]
[2023.05.07-14.34.02:669][  0]LogConfig: Applying CVar settings from Section [/Script/Engine.GarbageCollectionSettings] File [C:/build/JamRunner/Saved/Config/Windows/Engine.ini]
[2023.05.07-14.34.02:669][  0]LogConfig: Setting CVar [[gc.MaxObjectsNotConsideredByGC:1]]
[2023.05.07-14.34.02:669][  0]LogConfig: Setting CVar [[gc.SizeOfPermanentObjectPool:0]]
[2023.05.07-14.34.02:669][  0]LogConfig: Setting CVar [[gc.FlushStreamingOnGC:0]]
[2023.05.07-14.34.02:669][  0]LogConfig: Setting CVar [[gc.NumRetriesBeforeForcingGC:10]]
[2023.05.07-14.34.02:669][  0]LogConfig: Setting CVar [[gc.AllowParallelGC:1]]
[2023.05.07-14.34.02:669][  0]LogConfig: Setting CVar [[gc.TimeBetweenPurgingPendingKillObjects:61.1]]
[2023.05.07-14.34.02:669][  0]LogConfig: Setting CVar [[gc.MaxObjectsInEditor:16777216]]
[2023.05.07-14.34.02:669][  0]LogConfig: Setting CVar [[gc.IncrementalBeginDestroyEnabled:1]]
[2023.05.07-14.34.02:669][  0]LogConfig: Setting CVar [[gc.CreateGCClusters:1]]
[2023.05.07-14.34.02:669][  0]LogConfig: Setting CVar [[gc.MinGCClusterSize:5]]
[2023.05.07-14.34.02:669][  0]LogConfig: Setting CVar [[gc.ActorClusteringEnabled:0]]
[2023.05.07-14.34.02:669][  0]LogConfig: Setting CVar [[gc.BlueprintClusteringEnabled:0]]
[2023.05.07-14.34.02:669][  0]LogConfig: Setting CVar [[gc.UseDisregardForGCOnDedicatedServers:0]]
[2023.05.07-14.34.02:669][  0]LogConfig: Applying CVar settings from Section [/Script/Engine.NetworkSettings] File [C:/build/JamRunner/Saved/Config/Windows/Engine.ini]
[2023.05.07-14.34.02:669][  0]LogConfig: Applying CVar settings from Section [/Script/UnrealEd.CookerSettings] File [C:/build/JamRunner/Saved/Config/Windows/Engine.ini]
[2023.05.07-14.34.02:673][  0]LogConfig: Applying CVar settings from Section [ViewDistanceQuality@3] File [C:/build/JamRunner/Saved/Config/Windows/Scalability.ini]
[2023.05.07-14.34.02:673][  0]LogConfig: Setting CVar [[r.SkeletalMeshLODBias:0]]
[2023.05.07-14.34.02:673][  0]LogConfig: Setting CVar [[r.ViewDistanceScale:1.0]]
[2023.05.07-14.34.02:673][  0]LogConfig: Applying CVar settings from Section [AntiAliasingQuality@3] File [C:/build/JamRunner/Saved/Config/Windows/Scalability.ini]
[2023.05.07-14.34.02:673][  0]LogConfig: Setting CVar [[r.PostProcessAAQuality:4]]
[2023.05.07-14.34.02:673][  0]LogConfig: Applying CVar settings from Section [ShadowQuality@3] File [C:/build/JamRunner/Saved/Config/Windows/Scalability.ini]
[2023.05.07-14.34.02:673][  0]LogConfig: Setting CVar [[r.LightFunctionQuality:1]]
[2023.05.07-14.34.02:673][  0]LogConfig: Setting CVar [[r.ShadowQuality:5]]
[2023.05.07-14.34.02:673][  0]LogConfig: Setting CVar [[r.Shadow.CSM.MaxCascades:10]]
[2023.05.07-14.34.02:673][  0]LogConfig: Setting CVar [[r.Shadow.MaxResolution:2048]]
[2023.05.07-14.34.02:673][  0]LogConfig: Setting CVar [[r.Shadow.MaxCSMResolution:2048]]
[2023.05.07-14.34.02:673][  0]LogConfig: Setting CVar [[r.Shadow.RadiusThreshold:0.01]]
[2023.05.07-14.34.02:673][  0]LogConfig: Setting CVar [[r.Shadow.DistanceScale:1.0]]
[2023.05.07-14.34.02:673][  0]LogConfig: Setting CVar [[r.Shadow.CSM.TransitionScale:1.0]]
[2023.05.07-14.34.02:673][  0]LogConfig: Setting CVar [[r.Shadow.PreShadowResolutionFactor:1.0]]
[2023.05.07-14.34.02:673][  0]LogConfig: Setting CVar [[r.DistanceFieldShadowing:1]]
[2023.05.07-14.34.02:673][  0]LogConfig: Setting CVar [[r.DistanceFieldAO:1]]
[2023.05.07-14.34.02:673][  0]LogConfig: Setting CVar [[r.AOQuality:2]]
[2023.05.07-14.34.02:673][  0]LogConfig: Setting CVar [[r.VolumetricFog:1]]
[2023.05.07-14.34.02:673][  0]LogConfig: Setting CVar [[r.VolumetricFog.GridPixelSize:8]]
[2023.05.07-14.34.02:673][  0]LogConfig: Setting CVar [[r.VolumetricFog.GridSizeZ:128]]
[2023.05.07-14.34.02:673][  0]LogConfig: Setting CVar [[r.VolumetricFog.HistoryMissSupersampleCount:4]]
[2023.05.07-14.34.02:673][  0]LogConfig: Setting CVar [[r.LightMaxDrawDistanceScale:1]]
[2023.05.07-14.34.02:673][  0]LogConfig: Setting CVar [[r.CapsuleShadows:1]]
[2023.05.07-14.34.02:673][  0]LogConfig: Applying CVar settings from Section [PostProcessQuality@3] File [C:/build/JamRunner/Saved/Config/Windows/Scalability.ini]
[2023.05.07-14.34.02:673][  0]LogConfig: Setting CVar [[r.MotionBlurQuality:4]]
[2023.05.07-14.34.02:673][  0]LogConfig: Setting CVar [[r.AmbientOcclusionMipLevelFactor:0.4]]
[2023.05.07-14.34.02:673][  0]LogConfig: Setting CVar [[r.AmbientOcclusionMaxQuality:100]]
[2023.05.07-14.34.02:673][  0]LogConfig: Setting CVar [[r.AmbientOcclusionLevels:-1]]
[2023.05.07-14.34.02:673][  0]LogConfig: Setting CVar [[r.AmbientOcclusionRadiusScale:1.0]]
[2023.05.07-14.34.02:673][  0]LogConfig: Setting CVar [[r.DepthOfFieldQuality:2]]
[2023.05.07-14.34.02:673][  0]LogConfig: Setting CVar [[r.RenderTargetPoolMin:400]]
[2023.05.07-14.34.02:673][  0]LogConfig: Setting CVar [[r.LensFlareQuality:2]]
[2023.05.07-14.34.02:673][  0]LogConfig: Setting CVar [[r.SceneColorFringeQuality:1]]
[2023.05.07-14.34.02:673][  0]LogConfig: Setting CVar [[r.EyeAdaptationQuality:2]]
[2023.05.07-14.34.02:673][  0]LogConfig: Setting CVar [[r.BloomQuality:5]]
[2023.05.07-14.34.02:673][  0]LogConfig: Setting CVar [[r.FastBlurThreshold:100]]
[2023.05.07-14.34.02:673][  0]LogConfig: Setting CVar [[r.Upscale.Quality:3]]
[2023.05.07-14.34.02:673][  0]LogConfig: Setting CVar [[r.Tonemapper.GrainQuantization:1]]
[2023.05.07-14.34.02:673][  0]LogConfig: Setting CVar [[r.LightShaftQuality:1]]
[2023.05.07-14.34.02:673][  0]LogConfig: Setting CVar [[r.Filter.SizeScale:1]]
[2023.05.07-14.34.02:673][  0]LogConfig: Setting CVar [[r.Tonemapper.Quality:5]]
[2023.05.07-14.34.02:673][  0]LogConfig: Setting CVar [[r.DOF.Gather.AccumulatorQuality:1        ; higher gathering accumulator quality]]
[2023.05.07-14.34.02:673][  0]LogConfig: Setting CVar [[r.DOF.Gather.PostfilterMethod:1          ; Median3x3 postfilering method]]
[2023.05.07-14.34.02:673][  0]LogConfig: Setting CVar [[r.DOF.Gather.EnableBokehSettings:0       ; no bokeh simulation when gathering]]
[2023.05.07-14.34.02:673][  0]LogConfig: Setting CVar [[r.DOF.Gather.RingCount:4                 ; medium number of samples when gathering]]
[2023.05.07-14.34.02:673][  0]LogConfig: Setting CVar [[r.DOF.Scatter.ForegroundCompositing:1    ; additive foreground scattering]]
[2023.05.07-14.34.02:673][  0]LogConfig: Setting CVar [[r.DOF.Scatter.BackgroundCompositing:2    ; additive background scattering]]
[2023.05.07-14.34.02:673][  0]LogConfig: Setting CVar [[r.DOF.Scatter.EnableBokehSettings:1      ; bokeh simulation when scattering]]
[2023.05.07-14.34.02:673][  0]LogConfig: Setting CVar [[r.DOF.Scatter.MaxSpriteRatio:0.1         ; only a maximum of 10% of scattered bokeh]]
[2023.05.07-14.34.02:673][  0]LogConfig: Setting CVar [[r.DOF.Recombine.Quality:1                ; cheap slight out of focus]]
[2023.05.07-14.34.02:673][  0]LogConfig: Setting CVar [[r.DOF.Recombine.EnableBokehSettings:0    ; no bokeh simulation on slight out of focus]]
[2023.05.07-14.34.02:673][  0]LogConfig: Setting CVar [[r.DOF.TemporalAAQuality:1                ; more stable temporal accumulation]]
[2023.05.07-14.34.02:673][  0]LogConfig: Setting CVar [[r.DOF.Kernel.MaxForegroundRadius:0.025]]
[2023.05.07-14.34.02:673][  0]LogConfig: Setting CVar [[r.DOF.Kernel.MaxBackgroundRadius:0.025]]
[2023.05.07-14.34.02:673][  0]LogConfig: Applying CVar settings from Section [TextureQuality@3] File [C:/build/JamRunner/Saved/Config/Windows/Scalability.ini]
[2023.05.07-14.34.02:673][  0]LogConfig: Setting CVar [[r.Streaming.MipBias:0]]
[2023.05.07-14.34.02:673][  0]LogConfig: Setting CVar [[r.Streaming.AmortizeCPUToGPUCopy:0]]
[2023.05.07-14.34.02:673][  0]LogConfig: Setting CVar [[r.Streaming.MaxNumTexturesToStreamPerFrame:0]]
[2023.05.07-14.34.02:673][  0]LogConfig: Setting CVar [[r.Streaming.Boost:1]]
[2023.05.07-14.34.02:673][  0]LogConfig: Setting CVar [[r.MaxAnisotropy:8]]
[2023.05.07-14.34.02:673][  0]LogConfig: Setting CVar [[r.Streaming.LimitPoolSizeToVRAM:0]]
[2023.05.07-14.34.02:673][  0]LogConfig: Setting CVar [[r.Streaming.PoolSize:1000]]
[2023.05.07-14.34.02:673][  0]LogConfig: Setting CVar [[r.Streaming.MaxEffectiveScreenSize:0]]
[2023.05.07-14.34.02:673][  0]LogConfig: Applying CVar settings from Section [EffectsQuality@3] File [C:/build/JamRunner/Saved/Config/Windows/Scalability.ini]
[2023.05.07-14.34.02:673][  0]LogConfig: Setting CVar [[r.TranslucencyLightingVolumeDim:64]]
[2023.05.07-14.34.02:673][  0]LogConfig: Setting CVar [[r.RefractionQuality:2]]
[2023.05.07-14.34.02:673][  0]LogConfig: Setting CVar [[r.SSR.Quality:3]]
[2023.05.07-14.34.02:673][  0]LogConfig: Setting CVar [[r.SceneColorFormat:4]]
[2023.05.07-14.34.02:673][  0]LogConfig: Setting CVar [[r.DetailMode:2]]
[2023.05.07-14.34.02:673][  0]LogConfig: Setting CVar [[r.TranslucencyVolumeBlur:1]]
[2023.05.07-14.34.02:673][  0]LogConfig: Setting CVar [[r.MaterialQualityLevel:1 ; High quality]]
[2023.05.07-14.34.02:673][  0]LogConfig: Setting CVar [[r.SSS.Scale:1]]
[2023.05.07-14.34.02:673][  0]LogConfig: Setting CVar [[r.SSS.SampleSet:2]]
[2023.05.07-14.34.02:673][  0]LogConfig: Setting CVar [[r.SSS.Quality:1]]
[2023.05.07-14.34.02:673][  0]LogConfig: Setting CVar [[r.SSS.HalfRes:1]]
[2023.05.07-14.34.02:673][  0]LogConfig: Setting CVar [[r.EmitterSpawnRateScale:1.0]]
[2023.05.07-14.34.02:673][  0]LogConfig: Setting CVar [[r.ParticleLightQuality:2]]
[2023.05.07-14.34.02:673][  0]LogConfig: Applying CVar settings from Section [FoliageQuality@3] File [C:/build/JamRunner/Saved/Config/Windows/Scalability.ini]
[2023.05.07-14.34.02:673][  0]LogConfig: Setting CVar [[foliage.DensityScale:1.0]]
[2023.05.07-14.34.02:673][  0]LogConfig: Setting CVar [[grass.DensityScale:1.0]]
[2023.05.07-14.34.02:673][  0]LogInit: Selected Device Profile: [Windows]
[2023.05.07-14.34.02:673][  0]LogInit: Applying CVar settings loaded from the selected device profile: [Windows]
[2023.05.07-14.34.02:677][  0]LogHAL: Display: Platform has ~ 14 GB [14877257728 / 17179869184 / 14], which maps to Larger [LargestMinGB=32, LargerMinGB=12, DefaultMinGB=8, SmallerMinGB=6, SmallestMinGB=0)
[2023.05.07-14.34.02:677][  0]LogInit: Going up to parent DeviceProfile []
[2023.05.07-14.34.02:677][  0]LogConfig: Applying CVar settings from Section [ViewDistanceQuality@3] File [C:/build/JamRunner/Saved/Config/Windows/Scalability.ini]
[2023.05.07-14.34.02:677][  0]LogConfig: Setting CVar [[r.SkeletalMeshLODBias:0]]
[2023.05.07-14.34.02:677][  0]LogConfig: Setting CVar [[r.ViewDistanceScale:1.0]]
[2023.05.07-14.34.02:677][  0]LogConfig: Applying CVar settings from Section [AntiAliasingQuality@3] File [C:/build/JamRunner/Saved/Config/Windows/Scalability.ini]
[2023.05.07-14.34.02:677][  0]LogConfig: Setting CVar [[r.PostProcessAAQuality:4]]
[2023.05.07-14.34.02:677][  0]LogConfig: Applying CVar settings from Section [ShadowQuality@3] File [C:/build/JamRunner/Saved/Config/Windows/Scalability.ini]
[2023.05.07-14.34.02:677][  0]LogConfig: Setting CVar [[r.LightFunctionQuality:1]]
[2023.05.07-14.34.02:677][  0]LogConfig: Setting CVar [[r.ShadowQuality:5]]
[2023.05.07-14.34.02:677][  0]LogConfig: Setting CVar [[r.Shadow.CSM.MaxCascades:10]]
[2023.05.07-14.34.02:677][  0]LogConfig: Setting CVar [[r.Shadow.MaxResolution:2048]]
[2023.05.07-14.34.02:677][  0]LogConfig: Setting CVar [[r.Shadow.MaxCSMResolution:2048]]
[2023.05.07-14.34.02:677][  0]LogConfig: Setting CVar [[r.Shadow.RadiusThreshold:0.01]]
[2023.05.07-14.34.02:677][  0]LogConfig: Setting CVar [[r.Shadow.DistanceScale:1.0]]
[2023.05.07-14.34.02:677][  0]LogConfig: Setting CVar [[r.Shadow.CSM.TransitionScale:1.0]]
[2023.05.07-14.34.02:677][  0]LogConfig: Setting CVar [[r.Shadow.PreShadowResolutionFactor:1.0]]
[2023.05.07-14.34.02:677][  0]LogConfig: Setting CVar [[r.DistanceFieldShadowing:1]]
[2023.05.07-14.34.02:677][  0]LogConfig: Setting CVar [[r.DistanceFieldAO:1]]
[2023.05.07-14.34.02:677][  0]LogConfig: Setting CVar [[r.AOQuality:2]]
[2023.05.07-14.34.02:677][  0]LogConfig: Setting CVar [[r.VolumetricFog:1]]
[2023.05.07-14.34.02:677][  0]LogConfig: Setting CVar [[r.VolumetricFog.GridPixelSize:8]]
[2023.05.07-14.34.02:677][  0]LogConfig: Setting CVar [[r.VolumetricFog.GridSizeZ:128]]
[2023.05.07-14.34.02:677][  0]LogConfig: Setting CVar [[r.VolumetricFog.HistoryMissSupersampleCount:4]]
[2023.05.07-14.34.02:677][  0]LogConfig: Setting CVar [[r.LightMaxDrawDistanceScale:1]]
[2023.05.07-14.34.02:677][  0]LogConfig: Setting CVar [[r.CapsuleShadows:1]]
[2023.05.07-14.34.02:677][  0]LogConfig: Applying CVar settings from Section [PostProcessQuality@3] File [C:/build/JamRunner/Saved/Config/Windows/Scalability.ini]
[2023.05.07-14.34.02:677][  0]LogConfig: Setting CVar [[r.MotionBlurQuality:4]]
[2023.05.07-14.34.02:677][  0]LogConfig: Setting CVar [[r.AmbientOcclusionMipLevelFactor:0.4]]
[2023.05.07-14.34.02:677][  0]LogConfig: Setting CVar [[r.AmbientOcclusionMaxQuality:100]]
[2023.05.07-14.34.02:677][  0]LogConfig: Setting CVar [[r.AmbientOcclusionLevels:-1]]
[2023.05.07-14.34.02:677][  0]LogConfig: Setting CVar [[r.AmbientOcclusionRadiusScale:1.0]]
[2023.05.07-14.34.02:677][  0]LogConfig: Setting CVar [[r.DepthOfFieldQuality:2]]
[2023.05.07-14.34.02:677][  0]LogConfig: Setting CVar [[r.RenderTargetPoolMin:400]]
[2023.05.07-14.34.02:677][  0]LogConfig: Setting CVar [[r.LensFlareQuality:2]]
[2023.05.07-14.34.02:677][  0]LogConfig: Setting CVar [[r.SceneColorFringeQuality:1]]
[2023.05.07-14.34.02:677][  0]LogConfig: Setting CVar [[r.EyeAdaptationQuality:2]]
[2023.05.07-14.34.02:677][  0]LogConfig: Setting CVar [[r.BloomQuality:5]]
[2023.05.07-14.34.02:677][  0]LogConfig: Setting CVar [[r.FastBlurThreshold:100]]
[2023.05.07-14.34.02:681][  0]LogConfig: Setting CVar [[r.Upscale.Quality:3]]
[2023.05.07-14.34.02:681][  0]LogConfig: Setting CVar [[r.Tonemapper.GrainQuantization:1]]
[2023.05.07-14.34.02:681][  0]LogConfig: Setting CVar [[r.LightShaftQuality:1]]
[2023.05.07-14.34.02:681][  0]LogConfig: Setting CVar [[r.Filter.SizeScale:1]]
[2023.05.07-14.34.02:681][  0]LogConfig: Setting CVar [[r.Tonemapper.Quality:5]]
[2023.05.07-14.34.02:681][  0]LogConfig: Setting CVar [[r.DOF.Gather.AccumulatorQuality:1        ; higher gathering accumulator quality]]
[2023.05.07-14.34.02:681][  0]LogConfig: Setting CVar [[r.DOF.Gather.PostfilterMethod:1          ; Median3x3 postfilering method]]
[2023.05.07-14.34.02:681][  0]LogConfig: Setting CVar [[r.DOF.Gather.EnableBokehSettings:0       ; no bokeh simulation when gathering]]
[2023.05.07-14.34.02:681][  0]LogConfig: Setting CVar [[r.DOF.Gather.RingCount:4                 ; medium number of samples when gathering]]
[2023.05.07-14.34.02:681][  0]LogConfig: Setting CVar [[r.DOF.Scatter.ForegroundCompositing:1    ; additive foreground scattering]]
[2023.05.07-14.34.02:681][  0]LogConfig: Setting CVar [[r.DOF.Scatter.BackgroundCompositing:2    ; additive background scattering]]
[2023.05.07-14.34.02:681][  0]LogConfig: Setting CVar [[r.DOF.Scatter.EnableBokehSettings:1      ; bokeh simulation when scattering]]
[2023.05.07-14.34.02:681][  0]LogConfig: Setting CVar [[r.DOF.Scatter.MaxSpriteRatio:0.1         ; only a maximum of 10% of scattered bokeh]]
[2023.05.07-14.34.02:681][  0]LogConfig: Setting CVar [[r.DOF.Recombine.Quality:1                ; cheap slight out of focus]]
[2023.05.07-14.34.02:681][  0]LogConfig: Setting CVar [[r.DOF.Recombine.EnableBokehSettings:0    ; no bokeh simulation on slight out of focus]]
[2023.05.07-14.34.02:681][  0]LogConfig: Setting CVar [[r.DOF.TemporalAAQuality:1                ; more stable temporal accumulation]]
[2023.05.07-14.34.02:681][  0]LogConfig: Setting CVar [[r.DOF.Kernel.MaxForegroundRadius:0.025]]
[2023.05.07-14.34.02:681][  0]LogConfig: Setting CVar [[r.DOF.Kernel.MaxBackgroundRadius:0.025]]
[2023.05.07-14.34.02:681][  0]LogConfig: Applying CVar settings from Section [TextureQuality@3] File [C:/build/JamRunner/Saved/Config/Windows/Scalability.ini]
[2023.05.07-14.34.02:681][  0]LogConfig: Setting CVar [[r.Streaming.MipBias:0]]
[2023.05.07-14.34.02:681][  0]LogConfig: Setting CVar [[r.Streaming.AmortizeCPUToGPUCopy:0]]
[2023.05.07-14.34.02:681][  0]LogConfig: Setting CVar [[r.Streaming.MaxNumTexturesToStreamPerFrame:0]]
[2023.05.07-14.34.02:681][  0]LogConfig: Setting CVar [[r.Streaming.Boost:1]]
[2023.05.07-14.34.02:681][  0]LogConfig: Setting CVar [[r.MaxAnisotropy:8]]
[2023.05.07-14.34.02:681][  0]LogConfig: Setting CVar [[r.Streaming.LimitPoolSizeToVRAM:0]]
[2023.05.07-14.34.02:681][  0]LogConfig: Setting CVar [[r.Streaming.PoolSize:1000]]
[2023.05.07-14.34.02:681][  0]LogConfig: Setting CVar [[r.Streaming.MaxEffectiveScreenSize:0]]
[2023.05.07-14.34.02:681][  0]LogConfig: Applying CVar settings from Section [EffectsQuality@3] File [C:/build/JamRunner/Saved/Config/Windows/Scalability.ini]
[2023.05.07-14.34.02:681][  0]LogConfig: Setting CVar [[r.TranslucencyLightingVolumeDim:64]]
[2023.05.07-14.34.02:681][  0]LogConfig: Setting CVar [[r.RefractionQuality:2]]
[2023.05.07-14.34.02:681][  0]LogConfig: Setting CVar [[r.SSR.Quality:3]]
[2023.05.07-14.34.02:681][  0]LogConfig: Setting CVar [[r.SceneColorFormat:4]]
[2023.05.07-14.34.02:681][  0]LogConfig: Setting CVar [[r.DetailMode:2]]
[2023.05.07-14.34.02:681][  0]LogConfig: Setting CVar [[r.TranslucencyVolumeBlur:1]]
[2023.05.07-14.34.02:681][  0]LogConfig: Setting CVar [[r.MaterialQualityLevel:1 ; High quality]]
[2023.05.07-14.34.02:681][  0]LogConfig: Setting CVar [[r.SSS.Scale:1]]
[2023.05.07-14.34.02:681][  0]LogConfig: Setting CVar [[r.SSS.SampleSet:2]]
[2023.05.07-14.34.02:681][  0]LogConfig: Setting CVar [[r.SSS.Quality:1]]
[2023.05.07-14.34.02:681][  0]LogConfig: Setting CVar [[r.SSS.HalfRes:1]]
[2023.05.07-14.34.02:681][  0]LogConfig: Setting CVar [[r.EmitterSpawnRateScale:1.0]]
[2023.05.07-14.34.02:681][  0]LogConfig: Setting CVar [[r.ParticleLightQuality:2]]
[2023.05.07-14.34.02:681][  0]LogConfig: Applying CVar settings from Section [FoliageQuality@3] File [C:/build/JamRunner/Saved/Config/Windows/Scalability.ini]
[2023.05.07-14.34.02:681][  0]LogConfig: Setting CVar [[foliage.DensityScale:1.0]]
[2023.05.07-14.34.02:681][  0]LogConfig: Setting CVar [[grass.DensityScale:1.0]]
[2023.05.07-14.34.02:681][  0]LogConfig: Applying CVar settings from Section [Startup] File [../../../Engine/Config/ConsoleVariables.ini]
[2023.05.07-14.34.02:681][  0]LogConfig: Setting CVar [[net.UseAdaptiveNetUpdateFrequency:0]]
[2023.05.07-14.34.02:681][  0]LogConfig: Setting CVar [[p.chaos.AllowCreatePhysxBodies:1]]
[2023.05.07-14.34.02:681][  0]LogConfig: Applying CVar settings from Section [ConsoleVariables] File [C:/build/JamRunner/Saved/Config/Windows/Engine.ini]
[2023.05.07-14.34.02:682][  0]LogInit: Computer: DESKTOP-6ECRI2E
[2023.05.07-14.34.02:682][  0]LogInit: User: chemi
[2023.05.07-14.34.02:682][  0]LogInit: CPU Page size=4096, Cores=6
[2023.05.07-14.34.02:682][  0]LogInit: High frequency timer resolution =10.000000 MHz
[2023.05.07-14.34.02:682][  0]LogMemory: Memory total: Physical=13.9GB (14GB approx)
[2023.05.07-14.34.02:682][  0]LogMemory: Platform Memory Stats for Windows
[2023.05.07-14.34.02:682][  0]LogMemory: Process Physical Memory: 103.65 MB used, 103.66 MB peak
[2023.05.07-14.34.02:682][  0]LogMemory: Process Virtual Memory: 100.69 MB used, 100.69 MB peak
[2023.05.07-14.34.02:682][  0]LogMemory: Physical Memory: 9585.27 MB used,  4602.79 MB free, 14188.06 MB total
[2023.05.07-14.34.02:682][  0]LogMemory: Virtual Memory: 4691.76 MB used,  134213040.00 MB free, 134217728.00 MB total
[2023.05.07-14.34.02:686][  0]LogWindows: WindowsPlatformFeatures enabled
[2023.05.07-14.34.02:757][  0]LogInit: Using OS detected language (ru-RU).
[2023.05.07-14.34.02:757][  0]LogInit: Using OS detected locale (ru-RU).
[2023.05.07-14.34.02:758][  0]LogTextLocalizationManager: No specific localization for 'ru-RU' exists, so the 'ru' localization will be used.
[2023.05.07-14.34.02:759][  0]LogTextLocalizationResource: LocRes '../../../Engine/Content/Localization/Editor/ru/Editor.locres' could not be opened for reading!
[2023.05.07-14.34.02:759][  0]LogTextLocalizationResource: LocRes '../../../Engine/Content/Localization/EditorTutorials/ru/EditorTutorials.locres' could not be opened for reading!
[2023.05.07-14.34.02:759][  0]LogTextLocalizationResource: LocRes '../../../Engine/Content/Localization/Keywords/ru/Keywords.locres' could not be opened for reading!
[2023.05.07-14.34.02:760][  0]LogTextLocalizationResource: LocRes '../../../Engine/Content/Localization/Category/ru/Category.locres' could not be opened for reading!
[2023.05.07-14.34.02:760][  0]LogTextLocalizationResource: LocRes '../../../Engine/Content/Localization/ToolTips/ru/ToolTips.locres' could not be opened for reading!
[2023.05.07-14.34.02:760][  0]LogTextLocalizationResource: LocRes '../../../Engine/Content/Localization/PropertyNames/ru/PropertyNames.locres' could not be opened for reading!
[2023.05.07-14.34.02:760][  0]LogTextLocalizationResource: LocRes '../../../Engine/Content/Localization/Engine/ru/Engine.locres' could not be opened for reading!
[2023.05.07-14.34.02:762][  0]LogInit: Setting process to per monitor DPI aware
[2023.05.07-14.34.02:820][  0]LogSlate: New Slate User Created.  User Index 0, Is Virtual User: 0
[2023.05.07-14.34.02:820][  0]LogSlate: Slate User Registered.  User Index 0, Is Virtual User: 0
[2023.05.07-14.34.03:204][  0]LogHMD: Failed to initialize OpenVR with code 110
[2023.05.07-14.34.03:204][  0]LogD3D11RHI: D3D11 adapters:
[2023.05.07-14.34.03:421][  0]LogD3D11RHI:    0. 'NVIDIA GeForce RTX 3050 Ti Laptop GPU' (Feature Level 11_0)
[2023.05.07-14.34.03:422][  0]LogD3D11RHI:       3978/0/7094 MB DedicatedVideo/DedicatedSystem/SharedSystem, Outputs:1, VendorId:0x10de
[2023.05.07-14.34.03:468][  0]LogD3D11RHI:    1. 'AMD Radeon(TM) Graphics' (Feature Level 11_0)
[2023.05.07-14.34.03:468][  0]LogD3D11RHI:       2032/0/7094 MB DedicatedVideo/DedicatedSystem/SharedSystem, Outputs:0, VendorId:0x1002
[2023.05.07-14.34.03:472][  0]LogD3D11RHI:    2. 'Microsoft Basic Render Driver' (Feature Level 11_0)
[2023.05.07-14.34.03:472][  0]LogD3D11RHI:       0/0/7094 MB DedicatedVideo/DedicatedSystem/SharedSystem, Outputs:0, VendorId:0x1414
[2023.05.07-14.34.03:472][  0]LogD3D11RHI: Chosen D3D11 Adapter: 0
[2023.05.07-14.34.03:481][  0]LogD3D11RHI: Creating new Direct3DDevice
[2023.05.07-14.34.03:482][  0]LogD3D11RHI:     GPU DeviceId: 0x25a0 (for the marketing name, search the web for "GPU Device Id")
[2023.05.07-14.34.03:482][  0]LogWindows: EnumDisplayDevices:
[2023.05.07-14.34.03:482][  0]LogWindows:    0. 'AMD Radeon(TM) Graphics' (P:1 D:1)
[2023.05.07-14.34.03:482][  0]LogWindows:    1. 'AMD Radeon(TM) Graphics' (P:0 D:0)
[2023.05.07-14.34.03:483][  0]LogWindows:    2. 'AMD Radeon(TM) Graphics' (P:0 D:0)
[2023.05.07-14.34.03:483][  0]LogWindows:    3. 'AMD Radeon(TM) Graphics' (P:0 D:0)
[2023.05.07-14.34.03:484][  0]LogWindows: DebugString: PrimaryIsNotTheChoosenAdapter PrimaryIsNotTheChoosenAdapter PrimaryIsNotTheChoosenAdapter PrimaryIsNotTheChoosenAdapter FoundDriverCount:0 
[2023.05.07-14.34.03:484][  0]LogD3D11RHI:     Adapter Name: NVIDIA GeForce RTX 3050 Ti Laptop GPU
[2023.05.07-14.34.03:484][  0]LogD3D11RHI:   Driver Version: Unknown (internal:Unknown, unified:Unknown)
[2023.05.07-14.34.03:484][  0]LogD3D11RHI:      Driver Date: Unknown
[2023.05.07-14.34.03:484][  0]LogRHI: Texture pool is 2784 MB (70% of 3978 MB)
[2023.05.07-14.34.03:636][  0]LogD3D11RHI: Async texture creation enabled
[2023.05.07-14.34.03:674][  0]LogD3D11RHI: GPU Timing Frequency: 1000.000000 (Debug: 2 1)
[2023.05.07-14.34.04:176][  0]LogTemp: Display: Module 'AllDesktopTargetPlatform' loaded TargetPlatform 'AllDesktop'
[2023.05.07-14.34.04:191][  0]LogTemp: Display: Module 'MacClientTargetPlatform' loaded TargetPlatform 'MacClient'
[2023.05.07-14.34.04:208][  0]LogTemp: Display: Module 'MacNoEditorTargetPlatform' loaded TargetPlatform 'MacNoEditor'
[2023.05.07-14.34.04:230][  0]LogTemp: Display: Module 'MacServerTargetPlatform' loaded TargetPlatform 'MacServer'
[2023.05.07-14.34.04:247][  0]LogTemp: Display: Module 'MacTargetPlatform' loaded TargetPlatform 'Mac'
[2023.05.07-14.34.04:264][  0]LogTemp: Display: Module 'WindowsClientTargetPlatform' loaded TargetPlatform 'WindowsClient'
[2023.05.07-14.34.04:280][  0]LogTemp: Display: Module 'WindowsNoEditorTargetPlatform' loaded TargetPlatform 'WindowsNoEditor'
[2023.05.07-14.34.04:295][  0]LogTemp: Display: Module 'WindowsServerTargetPlatform' loaded TargetPlatform 'WindowsServer'
[2023.05.07-14.34.04:302][  0]LogTemp: Display: Module 'WindowsTargetPlatform' loaded TargetPlatform 'Windows'
[2023.05.07-14.34.04:357][  0]LogTemp: Display: Module 'AndroidTargetPlatform' loaded TargetPlatform 'Android'
[2023.05.07-14.34.04:357][  0]LogTemp: Display: Module 'AndroidTargetPlatform' loaded TargetPlatform 'Android_ASTC'
[2023.05.07-14.34.04:357][  0]LogTemp: Display: Module 'AndroidTargetPlatform' loaded TargetPlatform 'Android_ATC'
[2023.05.07-14.34.04:357][  0]LogTemp: Display: Module 'AndroidTargetPlatform' loaded TargetPlatform 'Android_DXT'
[2023.05.07-14.34.04:358][  0]LogTemp: Display: Module 'AndroidTargetPlatform' loaded TargetPlatform 'Android_ETC1'
[2023.05.07-14.34.04:358][  0]LogTemp: Display: Module 'AndroidTargetPlatform' loaded TargetPlatform 'Android_ETC1a'
[2023.05.07-14.34.04:358][  0]LogTemp: Display: Module 'AndroidTargetPlatform' loaded TargetPlatform 'Android_ETC2'
[2023.05.07-14.34.04:358][  0]LogTemp: Display: Module 'AndroidTargetPlatform' loaded TargetPlatform 'Android_PVRTC'
[2023.05.07-14.34.04:358][  0]LogTemp: Display: Module 'AndroidTargetPlatform' loaded TargetPlatform 'AndroidClient'
[2023.05.07-14.34.04:358][  0]LogTemp: Display: Module 'AndroidTargetPlatform' loaded TargetPlatform 'Android_ASTCClient'
[2023.05.07-14.34.04:358][  0]LogTemp: Display: Module 'AndroidTargetPlatform' loaded TargetPlatform 'Android_ATCClient'
[2023.05.07-14.34.04:358][  0]LogTemp: Display: Module 'AndroidTargetPlatform' loaded TargetPlatform 'Android_DXTClient'
[2023.05.07-14.34.04:358][  0]LogTemp: Display: Module 'AndroidTargetPlatform' loaded TargetPlatform 'Android_ETC1Client'
[2023.05.07-14.34.04:358][  0]LogTemp: Display: Module 'AndroidTargetPlatform' loaded TargetPlatform 'Android_ETC1aClient'
[2023.05.07-14.34.04:358][  0]LogTemp: Display: Module 'AndroidTargetPlatform' loaded TargetPlatform 'Android_ETC2Client'
[2023.05.07-14.34.04:358][  0]LogTemp: Display: Module 'AndroidTargetPlatform' loaded TargetPlatform 'Android_PVRTCClient'
[2023.05.07-14.34.04:358][  0]LogTemp: Display: Module 'AndroidTargetPlatform' loaded TargetPlatform 'Android_Multi'
[2023.05.07-14.34.04:358][  0]LogTemp: Display: Module 'AndroidTargetPlatform' loaded TargetPlatform 'Android_MultiClient'
[2023.05.07-14.34.04:361][  0]LogTemp: Display: Module 'HTML5TargetPlatform' loaded TargetPlatform 'HTML5'
[2023.05.07-14.34.04:390][  0]LogTemp: Display: Module 'IOSTargetPlatform' loaded TargetPlatform 'IOSClient'
[2023.05.07-14.34.04:390][  0]LogTemp: Display: Module 'IOSTargetPlatform' loaded TargetPlatform 'IOS'
[2023.05.07-14.34.04:414][  0]LogTemp: Display: Module 'TVOSTargetPlatform' loaded TargetPlatform 'TVOSClient'
[2023.05.07-14.34.04:414][  0]LogTemp: Display: Module 'TVOSTargetPlatform' loaded TargetPlatform 'TVOS'
[2023.05.07-14.34.04:426][  0]LogTemp: Display: Module 'LinuxClientTargetPlatform' loaded TargetPlatform 'LinuxClient'
[2023.05.07-14.34.04:439][  0]LogTemp: Display: Module 'LinuxNoEditorTargetPlatform' loaded TargetPlatform 'LinuxNoEditor'
[2023.05.07-14.34.04:451][  0]LogTemp: Display: Module 'LinuxServerTargetPlatform' loaded TargetPlatform 'LinuxServer'
[2023.05.07-14.34.04:465][  0]LogTemp: Display: Module 'LinuxTargetPlatform' loaded TargetPlatform 'Linux'
[2023.05.07-14.34.04:505][  0]LogTemp: Display: Module 'LuminTargetPlatform' loaded TargetPlatform 'Lumin'
[2023.05.07-14.34.04:505][  0]LogTemp: Display: Module 'LuminTargetPlatform' loaded TargetPlatform 'LuminClient'
[2023.05.07-14.34.04:505][  0]LogTargetPlatformManager: Display: Building Assets For Windows
[2023.05.07-14.34.04:521][  0]LogAudioDebug: Display: Lib vorbis DLL was dynamically loaded.
[2023.05.07-14.34.04:617][  0]LogShaderCompilers: Guid format shader working directory is 13 characters bigger than the processId version (../../../../../../build/JamRunner/Intermediate/Shaders/WorkingDirectory/6364/).
[2023.05.07-14.34.04:617][  0]LogShaderCompilers: Cleaned the shader compiler working directory 'C:/Users/chemi/AppData/Local/Temp/UnrealShaderWorkingDir/0144A5994E982D59CA6EBDAE30A62FC7/'.
[2023.05.07-14.34.04:621][  0]LogXGEController: Cleaning working directory: C:/Users/chemi/AppData/Local/Temp/UnrealXGEWorkingDir/
[2023.05.07-14.34.04:621][  0]LogXGEController: Cannot use XGE Controller as Incredibuild is not installed on this machine.
[2023.05.07-14.34.04:621][  0]LogShaderCompilers: Cannot use XGE Shader Compiler as Incredibuild is not installed on this machine.
[2023.05.07-14.34.04:621][  0]LogShaderCompilers: Display: Using Local Shader Compiler.
[2023.05.07-14.34.05:697][  0]LogDerivedDataCache: Display: Max Cache Size: 512 MB
[2023.05.07-14.34.05:753][  0]LogDerivedDataCache: Loaded boot cache 0.06s 73MB C:/Users/chemi/AppData/Local/UnrealEngine/4.23/DerivedDataCache/Boot.ddc.
[2023.05.07-14.34.05:753][  0]LogDerivedDataCache: Display: Loaded Boot cache: C:/Users/chemi/AppData/Local/UnrealEngine/4.23/DerivedDataCache/Boot.ddc
[2023.05.07-14.34.05:754][  0]LogDerivedDataCache: FDerivedDataBackendGraph:  Pak pak cache file ../../../../../../build/JamRunner/DerivedDataCache/DDC.ddp not found, will not use a pak cache.
[2023.05.07-14.34.05:754][  0]LogDerivedDataCache: Unable to find inner node Pak for hierarchical cache Hierarchy.
[2023.05.07-14.34.05:754][  0]LogDerivedDataCache: FDerivedDataBackendGraph:  CompressedPak pak cache file ../../../../../../build/JamRunner/DerivedDataCache/Compressed.ddp not found, will not use a pak cache.
[2023.05.07-14.34.05:754][  0]LogDerivedDataCache: Unable to find inner node CompressedPak for hierarchical cache Hierarchy.
[2023.05.07-14.34.05:776][  0]LogDerivedDataCache: Display: Pak cache opened for reading ../../../Engine/DerivedDataCache/Compressed.ddp.
[2023.05.07-14.34.05:776][  0]LogDerivedDataCache: FDerivedDataBackendGraph:  EnterprisePak pak cache file ../../../Enterprise/DerivedDataCache/Compressed.ddp not found, will not use a pak cache.
[2023.05.07-14.34.05:776][  0]LogDerivedDataCache: Unable to find inner node EnterprisePak for hierarchical cache Hierarchy.
[2023.05.07-14.34.05:778][  0]LogDerivedDataCache: Using Local data cache path C:/Users/chemi/AppData/Local/UnrealEngine/Common/DerivedDataCache: Writable
[2023.05.07-14.34.05:778][  0]LogDerivedDataCache: Shared data cache path not found in *engine.ini, will not use an Shared cache.
[2023.05.07-14.34.05:778][  0]LogDerivedDataCache: Unable to find inner node Shared for hierarchical cache Hierarchy.
[2023.05.07-14.34.05:811][  0]LogMaterial: Verifying Global Shaders for PCD3D_SM5
[2023.05.07-14.34.05:816][  0]LogSlate: Using FreeType 2.6.0
[2023.05.07-14.34.05:817][  0]LogSlate: SlateFontServices - WITH_FREETYPE: 1, WITH_HARFBUZZ: 1
[2023.05.07-14.34.05:933][  0]LogAssetRegistry: FAssetRegistry took 0.0039 seconds to start up
[2023.05.07-14.34.06:370][  0]LogInit: Selected Device Profile: [Windows]
[2023.05.07-14.34.06:610][  0]LogMeshReduction: Using QuadricMeshReduction for automatic static mesh reduction
[2023.05.07-14.34.06:610][  0]LogMeshReduction: Using SimplygonMeshReduction for automatic skeletal mesh reduction
[2023.05.07-14.34.06:610][  0]LogMeshReduction: Using ProxyLODMeshReduction for automatic mesh merging
[2023.05.07-14.34.06:610][  0]LogMeshReduction: No distributed automatic mesh merging module available
[2023.05.07-14.34.06:610][  0]LogMeshMerging: No distributed automatic mesh merging module available
[2023.05.07-14.34.06:625][  0]LogNetVersion: JamRunner 1.0.0, NetCL: 8386587, EngineNetVer: 11, GameNetVer: 0 (Checksum: 2465372428)
[2023.05.07-14.34.07:290][  0]LogPackageLocalizationCache: Processed 14 localized package path(s) for 1 prioritized culture(s) in 0.069924 seconds
[2023.05.07-14.34.07:301][  0]LogUObjectArray: 43444 objects as part of root set at end of initial load.
[2023.05.07-14.34.07:302][  0]LogUObjectAllocator: 7548648 out of 0 bytes used by permanent object pool.
[2023.05.07-14.34.07:302][  0]LogUObjectArray: CloseDisregardForGC: 0/0 objects in disregard for GC pool
[2023.05.07-14.34.08:890][  0]LogPython: Using Python 2.7.14
[2023.05.07-14.34.09:909][  0]LogTcpMessaging: Initializing TcpMessaging bridge
[2023.05.07-14.34.09:914][  0]LogUdpMessaging: Initializing bridge on interface 0.0.0.0:0 to multicast group 230.0.0.1:6666.
[2023.05.07-14.34.10:033][  0]SourceControl: Source control is disabled
[2023.05.07-14.34.10:033][  0]SourceControl: Source control is disabled
[2023.05.07-14.34.10:035][  0]SourceControl: Source control is disabled
[2023.05.07-14.34.10:038][  0]SourceControl: Source control is disabled
[2023.05.07-14.34.10:241][  0]LogAndroidPermission: UAndroidPermissionCallbackProxy::GetInstance
[2023.05.07-14.34.10:437][  0]LogOcInput: OculusInput pre-init called
[2023.05.07-14.34.10:449][  0]LogWindows: Failed to load 'OVRPlugin.dll' (GetLastError=126)
[2023.05.07-14.34.10:449][  0]LogWindows: File 'OVRPlugin.dll' does not exist
[2023.05.07-14.34.12:402][  0]LogEngine: Initializing Engine...
[2023.05.07-14.34.12:403][  0]LogHMD: Failed to initialize OpenVR with code 110
[2023.05.07-14.34.12:405][  0]LogStats: UGameplayTagsManager::InitializeManager -  0.000 s
[2023.05.07-14.34.12:753][  0]LogInit: Initializing FReadOnlyCVARCache
[2023.05.07-14.34.12:779][  0]LogAIModule: Creating AISystem for world Untitled
[2023.05.07-14.34.12:804][  0]LogInit: XAudio2 using 'Динамики (Realtek(R) Audio)' : 2 channels at 48 kHz using 16 bits per sample (channel mask 0x3)
[2023.05.07-14.34.13:024][  0]LogInit: FAudioDevice initialized.
[2023.05.07-14.34.13:024][  0]LogNetVersion: Set ProjectVersion to 1.0.0.0. Version Checksum will be recalculated on next use.
[2023.05.07-14.34.13:090][  0]LogDerivedDataCache: Saved boot cache 0.07s 73MB C:/Users/chemi/AppData/Local/UnrealEngine/4.23/DerivedDataCache/Boot.ddc.
[2023.05.07-14.34.13:091][  0]LogInit: Texture streaming: Enabled
[2023.05.07-14.34.13:122][  0]LogEngineSessionManager: EngineSessionManager initialized
[2023.05.07-14.34.13:122][  0]LogEditorSessionSummary: Verbose: Initializing EditorSessionSummaryWriter for editor session tracking
[2023.05.07-14.34.13:123][  0]LogEditorSessionSummary: EditorSessionSummaryWriter initialized
[2023.05.07-14.34.13:220][  0]LogInit: Transaction tracking system initialized
[2023.05.07-14.34.13:269][  0]BlueprintLog: New page: Editor Load
[2023.05.07-14.34.13:394][  0]LocalizationService: Localization service is disabled
[2023.05.07-14.34.13:814][  0]LogFileCache: Scanning file cache for directory 'C:/build/JamRunner/Content/' took 0.01s
[2023.05.07-14.34.13:814][  0]LogCook: Display: Max memory allowance for cook 16384mb min free memory 0mb
[2023.05.07-14.34.13:814][  0]LogCook: Display: Mobile HDR setting 1
[2023.05.07-14.34.14:178][  0]SourceControl: Source control is disabled
[2023.05.07-14.34.14:179][  0]Cmd: MAP LOAD FILE="../../../../../../build/JamRunner/Content/Kirill/lvl_1.umap" TEMPLATE=0 SHOWPROGRESS=1 FEATURELEVEL=3
[2023.05.07-14.34.14:179][  0]LightingResults: New page: Lighting Build
[2023.05.07-14.34.14:184][  0]LogWorld: UWorld::CleanupWorld for Untitled, bSessionEnded=true, bCleanupResources=true
[2023.05.07-14.34.14:185][  0]MapCheck: New page: Map Check
[2023.05.07-14.34.14:185][  0]LightingResults: New page: Lighting Build
[2023.05.07-14.34.14:220][  0]LogUObjectHash: Compacting FUObjectHashTables data took   2.85ms
[2023.05.07-14.34.15:545][  0]LogAIModule: Creating AISystem for world lvl_1
[2023.05.07-14.34.15:603][  0]LogEditorServer: Finished looking for orphan Actors (0.000 secs)
[2023.05.07-14.34.15:663][  0]LogUObjectHash: Compacting FUObjectHashTables data took   4.86ms
[2023.05.07-14.34.15:663][  0]Cmd: MAP CHECKDEP NOCLEARLOG
[2023.05.07-14.34.15:663][  0]MapCheck: Map check complete: 0 Error(s), 0 Warning(s), took 0,289ms to complete.
[2023.05.07-14.34.15:663][  0]LogFileHelpers: Loading map 'lvl_1' took 1.486
[2023.05.07-14.34.15:808][  0]LogSlate: Updating window title bar state: overlay mode, drag disabled, window buttons hidden, title bar hidden
[2023.05.07-14.34.15:818][  0]LogSlate: Updating window title bar state: overlay mode, drag disabled, window buttons hidden, title bar hidden
[2023.05.07-14.34.15:829][  0]LogSlate: Updating window title bar state: overlay mode, drag disabled, window buttons hidden, title bar hidden
[2023.05.07-14.34.15:840][  0]LogSlate: Updating window title bar state: overlay mode, drag disabled, window buttons hidden, title bar hidden
[2023.05.07-14.34.15:850][  0]LogCollectionManager: Loaded 0 collections in 0.002716 seconds
[2023.05.07-14.34.15:861][  0]LogFileCache: Scanning file cache for directory 'C:/build/JamRunner/Saved/Collections/' took 0.00s
[2023.05.07-14.34.15:861][  0]LogFileCache: Scanning file cache for directory 'C:/build/JamRunner/Content/Developers/chemi/Collections/' took 0.00s
[2023.05.07-14.34.15:861][  0]LogFileCache: Scanning file cache for directory 'C:/build/JamRunner/Content/Collections/' took 0.00s
[2023.05.07-14.34.15:861][  0]LogCollectionManager: Rebuilt the GUID cache for 0 collections in 0.000001 seconds
[2023.05.07-14.34.15:874][  0]LogContentBrowser: Native class hierarchy populated in 0.0133 seconds. Added 2886 classes and 690 folders.
[2023.05.07-14.34.15:884][  0]LogContentBrowser: Native class hierarchy updated for 'WidgetCarousel' in 0.0004 seconds. Added 0 classes and 0 folders.
[2023.05.07-14.34.15:978][  0]LogContentBrowser: Native class hierarchy updated for 'AddContentDialog' in 0.0004 seconds. Added 0 classes and 0 folders.
[2023.05.07-14.34.15:986][  0]LogContentBrowser: Native class hierarchy updated for 'SceneOutliner' in 0.0004 seconds. Added 1 classes and 2 folders.
[2023.05.07-14.34.16:080][  0]LogSlate: Took 0.000299 seconds to synchronously load lazily loaded font '../../../Engine/Content/Slate/Fonts/Roboto-Regular.ttf' (155K)
[2023.05.07-14.34.16:083][  0]LogSlate: Took 0.000382 seconds to synchronously load lazily loaded font '../../../Engine/Content/Slate/Fonts/Roboto-Bold.ttf' (160K)
[2023.05.07-14.34.16:090][  0]LogSlate: Took 0.000297 seconds to synchronously load lazily loaded font '../../../Engine/Content/Editor/Slate/Fonts/FontAwesome.ttf' (139K)
[2023.05.07-14.34.16:095][  0]LogSlate: Took 0.000316 seconds to synchronously load lazily loaded font '../../../Engine/Content/Slate/Fonts/DroidSansMono.ttf' (77K)
[2023.05.07-14.34.16:263][  0]LogRenderer: Reallocating scene render targets to support 948x364 Format 10 NumSamples 1 (Frame:1).
[2023.05.07-14.34.16:505][  0]LogContentBrowser: Native class hierarchy updated for 'HierarchicalLODOutliner' in 0.0004 seconds. Added 0 classes and 0 folders.
[2023.05.07-14.34.16:505][  0]LogLoad: (Engine Initialization) Total time: 16.84 seconds
[2023.05.07-14.34.16:506][  0]LogLoad: (Engine Initialization) Total Blueprint compile time: 0.00 seconds
[2023.05.07-14.34.16:579][  0]LogContentStreaming: Texture pool size now 1000 MB
[2023.05.07-14.34.16:602][  0]LogSlate: Took 0.000374 seconds to synchronously load lazily loaded font '../../../Engine/Content/Slate/Fonts/Roboto-Light.ttf' (167K)
[2023.05.07-14.34.16:727][  1]LogAssetRegistry: Asset discovery search completed in 10.7957 seconds
[2023.05.07-14.34.16:733][  1]LogCollectionManager: Rebuilt the object cache for 0 collections in 0.000006 seconds (found 0 objects)
[2023.05.07-14.34.16:733][  1]LogCollectionManager: Fixed up redirectors for 0 collections in 0.000300 seconds (updated 0 objects)
[2023.05.07-14.34.20:065][ 51]LogSlate: FSceneViewport::OnFocusLost() reason 0
[2023.05.07-14.34.20:261][ 54]LogSlate: Window 'Output Log' being destroyed
[2023.05.07-14.34.20:339][ 54]LogSlate: Window 'Output Log' being destroyed
[2023.05.07-14.34.31:195][266]LogSlate: FSceneViewport::OnFocusLost() reason 0
[2023.05.07-14.34.31:328][268]LogTemp: Repeating last play command: Selected Viewport
[2023.05.07-14.34.31:349][268]LogBlueprintUserMessages: Early PlayInEditor Detection: Level '/Game/Kirill/lvl_1.lvl_1:PersistentLevel' has LevelScriptBlueprint '/Game/Kirill/lvl_1.lvl_1:PersistentLevel.lvl_1' with GeneratedClass '/Game/Kirill/lvl_1.lvl_1_C' with ClassGeneratedBy '/Game/Kirill/lvl_1.lvl_1:PersistentLevel.lvl_1'
[2023.05.07-14.34.31:349][268]LogPlayLevel: PlayLevel: No blueprints needed recompiling
[2023.05.07-14.34.31:350][268]PIE: New page: PIE session: lvl_1 (7 мая 2023 г., 20:34:31)
[2023.05.07-14.34.31:351][268]LogOnline: OSS: Creating online subsystem instance for: NULL
[2023.05.07-14.34.31:353][268]LogPlayLevel: Creating play world package: /Game/Kirill/UEDPIE_0_lvl_1
[2023.05.07-14.34.31:365][268]LogPlayLevel: PIE: StaticDuplicateObject took: (0.011016s)
[2023.05.07-14.34.31:366][268]LogAIModule: Creating AISystem for world lvl_1
[2023.05.07-14.34.31:367][268]LogPlayLevel: PIE: World Init took: (0.001967s)
[2023.05.07-14.34.31:367][268]LogPlayLevel: PIE: Created PIE world by copying editor world from /Game/Kirill/lvl_1.lvl_1 to /Game/Kirill/UEDPIE_0_lvl_1.lvl_1 (0.013458s)
[2023.05.07-14.34.31:402][268]LogUObjectHash: Compacting FUObjectHashTables data took   2.75ms
[2023.05.07-14.34.31:411][268]LogInit: XAudio2 using 'Динамики (Realtek(R) Audio)' : 2 channels at 48 kHz using 16 bits per sample (channel mask 0x3)
[2023.05.07-14.34.31:483][268]LogInit: FAudioDevice initialized.
[2023.05.07-14.34.31:500][268]LogLoad: Game class is 'ThirdPersonGameMode_C'
[2023.05.07-14.34.31:505][268]LogWorld: Bringing World /Game/Kirill/UEDPIE_0_lvl_1.lvl_1 up for play (max tick rate 60) at 2023.05.07-17.34.31
[2023.05.07-14.34.31:506][268]LogWorld: Bringing up level for play took: 0.004484
[2023.05.07-14.34.31:506][268]LogOnline: OSS: Creating online subsystem instance for: :Context_11
[2023.05.07-14.34.31:517][268]LogContentBrowser: Native class hierarchy updated for 'MovieSceneCapture' in 0.0004 seconds. Added 20 classes and 0 folders.
[2023.05.07-14.34.31:520][268]LogPhysics: Warning: Initialising Body : Scale3D is (nearly) zero: Component: '/Game/Kirill/UEDPIE_0_lvl_1.lvl_1:PersistentLevel.BP_Truba_Module_Rychag_V4_C_0.SM_Portal' 
[2023.05.07-14.34.31:521][268]LogPhysics: Warning: Initialising Body : Scale3D is (nearly) zero: Component: '/Game/Kirill/UEDPIE_0_lvl_1.lvl_1:PersistentLevel.BP_Truba_Module_Rychag_V4_C_1.SM_Portal' 
[2023.05.07-14.34.31:522][268]LogPhysics: Warning: Initialising Body : Scale3D is (nearly) zero: Component: '/Game/Kirill/UEDPIE_0_lvl_1.lvl_1:PersistentLevel.BP_Truba_Module_Rychag_V4_C_2.SM_Portal' 
[2023.05.07-14.34.31:524][268]LogBlueprintUserMessages: Warning: SetTimer passed a bad function (Function_Koef) or object (None)
[2023.05.07-14.34.31:525][268]PIE: Play in editor start time for /Game/Kirill/UEDPIE_0_lvl_1 0,392
[2023.05.07-14.34.31:525][268]LogBlueprintUserMessages: Late PlayInEditor Detection: Level '/Game/Kirill/lvl_1.lvl_1:PersistentLevel' has LevelScriptBlueprint '/Game/Kirill/lvl_1.lvl_1:PersistentLevel.lvl_1' with GeneratedClass '/Game/Kirill/lvl_1.lvl_1_C' with ClassGeneratedBy '/Game/Kirill/lvl_1.lvl_1:PersistentLevel.lvl_1'
[2023.05.07-14.34.42:791][590]LogSlate: FSceneViewport::OnFocusLost() reason 0
[2023.05.07-14.34.43:025][597]LogBlueprintUserMessages: [WBP_GameOver_C_0] lvl_1
[2023.05.07-14.34.43:033][597]LogNet: Browse: /Game/Kirill/lvl_1
[2023.05.07-14.34.43:033][597]LogLoad: LoadMap: /Game/Kirill/lvl_1
[2023.05.07-14.34.43:033][597]LogWorld: BeginTearingDown for /Game/Kirill/UEDPIE_0_lvl_1
[2023.05.07-14.34.43:034][597]LogWorld: UWorld::CleanupWorld for lvl_1, bSessionEnded=true, bCleanupResources=true
[2023.05.07-14.34.43:096][597]LogUObjectHash: Compacting FUObjectHashTables data took   3.48ms
[2023.05.07-14.34.43:098][597]LogPlayLevel: Creating play world package: /Game/Kirill/UEDPIE_0_lvl_1
[2023.05.07-14.34.43:106][597]LogPlayLevel: PIE: StaticDuplicateObject took: (0.007891s)
[2023.05.07-14.34.43:107][597]LogAIModule: Creating AISystem for world lvl_1
[2023.05.07-14.34.43:107][597]LogPlayLevel: PIE: World Init took: (0.001764s)
[2023.05.07-14.34.43:107][597]LogPlayLevel: PIE: Created PIE world by copying editor world from /Game/Kirill/lvl_1.lvl_1 to /Game/Kirill/UEDPIE_0_lvl_1.lvl_1 (0.009917s)
[2023.05.07-14.34.43:107][597]LogLoad: Game class is 'ThirdPersonGameMode_C'
[2023.05.07-14.34.43:114][597]LogWorld: Bringing World /Game/Kirill/UEDPIE_0_lvl_1.lvl_1 up for play (max tick rate 60) at 2023.05.07-17.34.43
[2023.05.07-14.34.43:114][597]LogWorld: Bringing up level for play took: 0.005569
[2023.05.07-14.34.43:115][597]LogGameMode: FindPlayerStart: PATHS NOT DEFINED or NO PLAYERSTART with positive rating
[2023.05.07-14.34.43:116][597]LogPhysics: Warning: Initialising Body : Scale3D is (nearly) zero: Component: '/Game/Kirill/UEDPIE_0_lvl_1.lvl_1:PersistentLevel.BP_Truba_Module_Rychag_V4_C_0.SM_Portal' 
[2023.05.07-14.34.43:120][597]LogBlueprintUserMessages: Warning: SetTimer passed a bad function (Function_Koef) or object (None)
[2023.05.07-14.34.43:120][597]LogLoad: Took 0.086649 seconds to LoadMap(/Game/Kirill/UEDPIE_0_lvl_1)
[2023.05.07-14.34.51:932][861]LogPhysics: Warning: Initialising Body : Scale3D is (nearly) zero: Component: '/Game/Kirill/UEDPIE_0_lvl_1.lvl_1:PersistentLevel.BP_Truba_Module_Rychag_V4_C_1.SM_Portal' 
[2023.05.07-14.34.51:935][861]LogPhysics: Warning: Initialising Body : Scale3D is (nearly) zero: Component: '/Game/Kirill/UEDPIE_0_lvl_1.lvl_1:PersistentLevel.BP_truba_C_0.Box' 
[2023.05.07-14.34.56:605][  2]LogMediaAssets: Error: Failed to validate media source green_lights (file://C:/Users/aleks/Downloads/green_lights.mp4)
[2023.05.07-14.35.16:538][600]LogEditorSessionSummary: EditorSessionSummary sent report. Type=Shutdown, SessionId={8EB01FC0-47BD-1A08-9ED6-7DB0CDD65323}
[2023.05.07-14.35.29:489][939]LogSlate: FSceneViewport::OnFocusLost() reason 0
[2023.05.07-14.35.29:653][939]LogBlueprintUserMessages: Early EndPlayMap Detection: Level '/Game/Kirill/lvl_1.lvl_1:PersistentLevel' has LevelScriptBlueprint '/Game/Kirill/lvl_1.lvl_1:PersistentLevel.lvl_1' with GeneratedClass '/Game/Kirill/lvl_1.lvl_1_C' with ClassGeneratedBy '/Game/Kirill/lvl_1.lvl_1:PersistentLevel.lvl_1'
[2023.05.07-14.35.29:654][939]LogSlate: Updating window title bar state: overlay mode, drag disabled, window buttons hidden, title bar hidden
[2023.05.07-14.35.29:654][939]LogWorld: BeginTearingDown for /Game/Kirill/UEDPIE_0_lvl_1
[2023.05.07-14.35.29:654][939]LogWorld: UWorld::CleanupWorld for lvl_1, bSessionEnded=true, bCleanupResources=true
[2023.05.07-14.35.29:669][939]LogPlayLevel: Display: Shutting down PIE online subsystems
[2023.05.07-14.35.29:669][939]LogBlueprintUserMessages: Late EndPlayMap Detection: Level '/Game/Kirill/lvl_1.lvl_1:PersistentLevel' has LevelScriptBlueprint '/Game/Kirill/lvl_1.lvl_1:PersistentLevel.lvl_1' with GeneratedClass '/Game/Kirill/lvl_1.lvl_1_C' with ClassGeneratedBy '/Game/Kirill/lvl_1.lvl_1:PersistentLevel.lvl_1'
[2023.05.07-14.35.29:722][939]LogSlate: Updating window title bar state: overlay mode, drag disabled, window buttons hidden, title bar hidden
[2023.05.07-14.35.29:730][939]LogUObjectHash: Compacting FUObjectHashTables data took   4.21ms
[2023.05.07-14.35.29:783][941]LogPlayLevel: Display: Destroying online subsystem :Context_11
[2023.05.07-14.35.43:851][348]LogSlate: FSceneViewport::OnFocusLost() reason 0
[2023.05.07-14.35.50:545][522]LogSlate: Took 0.000235 seconds to synchronously load lazily loaded font '../../../Engine/Content/Slate/Fonts/Roboto-Light.ttf' (167K)
[2023.05.07-14.35.50:563][522]LogAssetEditorManager: Opening Asset editor for Blueprint /Game/ThirdPersonBP/Blueprints/ThirdPersonCharacter.ThirdPersonCharacter
[2023.05.07-14.35.50:954][522]LogContentBrowser: Native class hierarchy updated for 'BlueprintGraph' in 0.0008 seconds. Added 121 classes and 0 folders.
[2023.05.07-14.35.52:394][522]LogSlate: Took 0.000415 seconds to synchronously load lazily loaded font '../../../Engine/Content/Slate/Fonts/Roboto-BoldCondensed.ttf' (158K)
[2023.05.07-14.35.52:877][523]LogSlate: Took 0.000425 seconds to synchronously load lazily loaded font '../../../Engine/Content/Slate/Fonts/Roboto-Italic.ttf' (157K)
[2023.05.07-14.36.49:891][108]LogAssetEditorManager: Opening Asset editor for Blueprint /Game/Kirill/Assets/Blueprints/Rychag/BP_Truba_Module_Rychag.BP_Truba_Module_Rychag
[2023.05.07-14.44.04:197][414]LogWindowsTextInputMethodSystem: Display: IME system now deactivated.
[2023.05.07-14.44.04:197][414]LogWindowsTextInputMethodSystem: Display: IME system now deactivated.
[2023.05.07-14.45.29:806][974]LogWindowsTextInputMethodSystem: Display: IME system now deactivated.
[2023.05.07-14.45.29:806][974]LogWindowsTextInputMethodSystem: Display: IME system now deactivated.
[2023.05.07-14.46.10:459][748]BlueprintLog: New page: Compile BP_Truba_Module_Rychag
[2023.05.07-14.46.10:867][748]LogUObjectHash: Compacting FUObjectHashTables data took   6.55ms
[2023.05.07-14.46.36:967][384]LogUObjectHash: Compacting FUObjectHashTables data took   6.47ms
[2023.05.07-14.46.36:968][384]LogFileHelpers: Editor autosave (incl. sublevels) for '/Game/Kirill/lvl_1' took 0.074
[2023.05.07-14.46.36:977][384]OBJ SavePackage: Generating thumbnails for [0] asset(s) in package [/Game/Kirill/Assets/Blueprints/Rychag/BP_Truba_Module_Rychag] ([1] browsable assets)...
[2023.05.07-14.46.36:977][384]OBJ SavePackage: Finished generating thumbnails for package [/Game/Kirill/Assets/Blueprints/Rychag/BP_Truba_Module_Rychag]
[2023.05.07-14.46.37:094][384]LogSavePackage: Moving '../../../../../../build/JamRunner/Saved/BP_Truba_Module_Rychag_Auto1A04456F5452F5BD8D1B63A84FAE2D5D1.tmp' to '../../../../../../build/JamRunner/Saved/Autosaves/Game/Kirill/Assets/Blueprints/Rychag/BP_Truba_Module_Rychag_Auto1.uasset'
[2023.05.07-14.46.37:096][384]LogFileHelpers: Auto-saving content packages took 0.127
[2023.05.07-14.47.20:764][608]LogTemp: Repeating last play command: Selected Viewport
[2023.05.07-14.47.20:792][608]LogBlueprintUserMessages: Early PlayInEditor Detection: Level '/Game/Kirill/lvl_1.lvl_1:PersistentLevel' has LevelScriptBlueprint '/Game/Kirill/lvl_1.lvl_1:PersistentLevel.lvl_1' with GeneratedClass '/Game/Kirill/lvl_1.lvl_1_C' with ClassGeneratedBy '/Game/Kirill/lvl_1.lvl_1:PersistentLevel.lvl_1'
[2023.05.07-14.47.20:792][608]LogPlayLevel: PlayLevel: No blueprints needed recompiling
[2023.05.07-14.47.20:792][608]PIE: New page: PIE session: lvl_1 (7 мая 2023 г., 20:47:20)
[2023.05.07-14.47.20:793][608]LogPlayLevel: Creating play world package: /Game/Kirill/UEDPIE_0_lvl_1
[2023.05.07-14.47.20:803][608]LogPlayLevel: PIE: StaticDuplicateObject took: (0.010627s)
[2023.05.07-14.47.20:805][608]LogAIModule: Creating AISystem for world lvl_1
[2023.05.07-14.47.20:805][608]LogPlayLevel: PIE: World Init took: (0.002002s)
[2023.05.07-14.47.20:805][608]LogPlayLevel: PIE: Created PIE world by copying editor world from /Game/Kirill/lvl_1.lvl_1 to /Game/Kirill/UEDPIE_0_lvl_1.lvl_1 (0.012907s)
[2023.05.07-14.47.20:859][608]LogUObjectHash: Compacting FUObjectHashTables data took   4.31ms
[2023.05.07-14.47.20:867][608]LogInit: XAudio2 using 'Динамики (Realtek(R) Audio)' : 2 channels at 48 kHz using 16 bits per sample (channel mask 0x3)
[2023.05.07-14.47.20:935][608]LogInit: FAudioDevice initialized.
[2023.05.07-14.47.20:943][608]LogLoad: Game class is 'ThirdPersonGameMode_C'
[2023.05.07-14.47.20:947][608]LogWorld: Bringing World /Game/Kirill/UEDPIE_0_lvl_1.lvl_1 up for play (max tick rate 60) at 2023.05.07-17.47.20
[2023.05.07-14.47.20:948][608]LogWorld: Bringing up level for play took: 0.004315
[2023.05.07-14.47.20:948][608]LogOnline: OSS: Creating online subsystem instance for: :Context_17
[2023.05.07-14.47.20:952][608]LogPhysics: Warning: Initialising Body : Scale3D is (nearly) zero: Component: '/Game/Kirill/UEDPIE_0_lvl_1.lvl_1:PersistentLevel.BP_truba_C_0.Box' 
[2023.05.07-14.47.20:954][608]LogBlueprintUserMessages: Warning: SetTimer passed a bad function (Function_Koef) or object (None)
[2023.05.07-14.47.20:954][608]PIE: Play in editor start time for /Game/Kirill/UEDPIE_0_lvl_1 -0,157
[2023.05.07-14.47.20:954][608]LogBlueprintUserMessages: Late PlayInEditor Detection: Level '/Game/Kirill/lvl_1.lvl_1:PersistentLevel' has LevelScriptBlueprint '/Game/Kirill/lvl_1.lvl_1:PersistentLevel.lvl_1' with GeneratedClass '/Game/Kirill/lvl_1.lvl_1_C' with ClassGeneratedBy '/Game/Kirill/lvl_1.lvl_1:PersistentLevel.lvl_1'
[2023.05.07-14.47.28:840][843]LogPhysics: Warning: Initialising Body : Scale3D is (nearly) zero: Component: '/Game/Kirill/UEDPIE_0_lvl_1.lvl_1:PersistentLevel.BP_Truba_Module_Rychag_V4_C_0.SM_Portal' 
[2023.05.07-14.47.35:577][ 45]LogPhysics: Warning: Initialising Body : Scale3D is (nearly) zero: Component: '/Game/Kirill/UEDPIE_0_lvl_1.lvl_1:PersistentLevel.BP_Truba_Module_Rychag_V4_C_1.SM_Portal' 
[2023.05.07-14.47.35:578][ 45]LogPhysics: Warning: Initialising Body : Scale3D is (nearly) zero: Component: '/Game/Kirill/UEDPIE_0_lvl_1.lvl_1:PersistentLevel.BP_Truba_Module_Rychag_V4_C_2.SM_Portal' 
[2023.05.07-14.47.35:582][ 45]LogPhysics: Warning: Initialising Body : Scale3D is (nearly) zero: Component: '/Game/Kirill/UEDPIE_0_lvl_1.lvl_1:PersistentLevel.BP_truba_C_1.Box' 
[2023.05.07-14.47.36:333][ 68]LogScript: Warning: Script Msg: Attempted to access index 0 from array 'BP_Truba_Module_Rychag' of length 0 in '/Game/Kirill/BP_landschaft.BP_landschaft_C'!
[2023.05.07-14.47.36:595][ 76]LogMediaAssets: Error: Failed to validate media source green_lights (file://C:/Users/aleks/Downloads/green_lights.mp4)
[2023.05.07-14.47.38:594][136]LogBlueprintUserMessages: [BP_Truba_Module_Rychag_V4_C_0] Hello
[2023.05.07-14.47.38:627][137]LogNet: Browse: /Game/Kirill/lvl_1
[2023.05.07-14.47.38:627][137]LogLoad: LoadMap: /Game/Kirill/lvl_1
[2023.05.07-14.47.38:627][137]LogWorld: BeginTearingDown for /Game/Kirill/UEDPIE_0_lvl_1
[2023.05.07-14.47.38:628][137]LogWorld: UWorld::CleanupWorld for lvl_1, bSessionEnded=true, bCleanupResources=true
[2023.05.07-14.47.38:707][137]LogUObjectHash: Compacting FUObjectHashTables data took   4.80ms
[2023.05.07-14.47.38:707][137]LogPlayLevel: Creating play world package: /Game/Kirill/UEDPIE_0_lvl_1
[2023.05.07-14.47.38:715][137]LogPlayLevel: PIE: StaticDuplicateObject took: (0.007845s)
[2023.05.07-14.47.38:716][137]LogAIModule: Creating AISystem for world lvl_1
[2023.05.07-14.47.38:717][137]LogPlayLevel: PIE: World Init took: (0.001498s)
[2023.05.07-14.47.38:717][137]LogPlayLevel: PIE: Created PIE world by copying editor world from /Game/Kirill/lvl_1.lvl_1 to /Game/Kirill/UEDPIE_0_lvl_1.lvl_1 (0.009552s)
[2023.05.07-14.47.38:717][137]LogLoad: Game class is 'ThirdPersonGameMode_C'
[2023.05.07-14.47.38:722][137]LogWorld: Bringing World /Game/Kirill/UEDPIE_0_lvl_1.lvl_1 up for play (max tick rate 60) at 2023.05.07-17.47.38
[2023.05.07-14.47.38:722][137]LogWorld: Bringing up level for play took: 0.004620
[2023.05.07-14.47.38:723][137]LogGameMode: FindPlayerStart: PATHS NOT DEFINED or NO PLAYERSTART with positive rating
[2023.05.07-14.47.38:724][137]LogPhysics: Warning: Initialising Body : Scale3D is (nearly) zero: Component: '/Game/Kirill/UEDPIE_0_lvl_1.lvl_1:PersistentLevel.BP_Truba_Module_Rychag_V4_C_0.SM_Portal' 
[2023.05.07-14.47.38:727][137]LogBlueprintUserMessages: Warning: SetTimer passed a bad function (Function_Koef) or object (None)
[2023.05.07-14.47.38:727][137]LogLoad: Took 0.100031 seconds to LoadMap(/Game/Kirill/UEDPIE_0_lvl_1)
[2023.05.07-14.47.40:011][176]LogPhysics: Warning: Initialising Body : Scale3D is (nearly) zero: Component: '/Game/Kirill/UEDPIE_0_lvl_1.lvl_1:PersistentLevel.BP_Truba_Module_Rychag_V4_C_1.SM_Portal' 
[2023.05.07-14.47.41:334][216]LogMediaAssets: Error: Failed to validate media source green_lights (file://C:/Users/aleks/Downloads/green_lights.mp4)
[2023.05.07-14.47.43:366][277]LogBlueprintUserMessages: [BP_Truba_Module_Rychag_V4_C_0] Hello
[2023.05.07-14.47.43:399][278]LogNet: Browse: /Game/Kirill/lvl_1
[2023.05.07-14.47.43:399][278]LogLoad: LoadMap: /Game/Kirill/lvl_1
[2023.05.07-14.47.43:399][278]LogWorld: BeginTearingDown for /Game/Kirill/UEDPIE_0_lvl_1
[2023.05.07-14.47.43:400][278]LogWorld: UWorld::CleanupWorld for lvl_1, bSessionEnded=true, bCleanupResources=true
[2023.05.07-14.47.43:477][278]LogUObjectHash: Compacting FUObjectHashTables data took   4.53ms
[2023.05.07-14.47.43:477][278]LogPlayLevel: Creating play world package: /Game/Kirill/UEDPIE_0_lvl_1
[2023.05.07-14.47.43:485][278]LogPlayLevel: PIE: StaticDuplicateObject took: (0.007579s)
[2023.05.07-14.47.43:486][278]LogAIModule: Creating AISystem for world lvl_1
[2023.05.07-14.47.43:486][278]LogPlayLevel: PIE: World Init took: (0.001295s)
[2023.05.07-14.47.43:486][278]LogPlayLevel: PIE: Created PIE world by copying editor world from /Game/Kirill/lvl_1.lvl_1 to /Game/Kirill/UEDPIE_0_lvl_1.lvl_1 (0.009077s)
[2023.05.07-14.47.43:486][278]LogLoad: Game class is 'ThirdPersonGameMode_C'
[2023.05.07-14.47.43:491][278]LogWorld: Bringing World /Game/Kirill/UEDPIE_0_lvl_1.lvl_1 up for play (max tick rate 60) at 2023.05.07-17.47.43
[2023.05.07-14.47.43:492][278]LogWorld: Bringing up level for play took: 0.004829
[2023.05.07-14.47.43:493][278]LogGameMode: FindPlayerStart: PATHS NOT DEFINED or NO PLAYERSTART with positive rating
[2023.05.07-14.47.43:494][278]LogPhysics: Warning: Initialising Body : Scale3D is (nearly) zero: Component: '/Game/Kirill/UEDPIE_0_lvl_1.lvl_1:PersistentLevel.BP_Truba_Module_Rychag_V4_C_0.SM_Portal' 
[2023.05.07-14.47.43:495][278]LogPhysics: Warning: Initialising Body : Scale3D is (nearly) zero: Component: '/Game/Kirill/UEDPIE_0_lvl_1.lvl_1:PersistentLevel.BP_Truba_Module_Rychag_V4_C_1.SM_Portal' 
[2023.05.07-14.47.43:498][278]LogPhysics: Warning: Initialising Body : Scale3D is (nearly) zero: Component: '/Game/Kirill/UEDPIE_0_lvl_1.lvl_1:PersistentLevel.BP_truba_C_0.Box' 
[2023.05.07-14.47.43:499][278]LogBlueprintUserMessages: Warning: SetTimer passed a bad function (Function_Koef) or object (None)
[2023.05.07-14.47.43:499][278]LogLoad: Took 0.101041 seconds to LoadMap(/Game/Kirill/UEDPIE_0_lvl_1)
[2023.05.07-14.47.50:743][496]LogPhysics: Warning: Initialising Body : Scale3D is (nearly) zero: Component: '/Game/Kirill/UEDPIE_0_lvl_1.lvl_1:PersistentLevel.BP_truba_C_1.Box' 
[2023.05.07-14.47.51:797][528]LogScript: Warning: Script Msg: Attempted to access index 0 from array 'BP_Truba_Module_Forward' of length 0 in '/Game/Kirill/BP_landschaft.BP_landschaft_C'!
[2023.05.07-14.47.58:064][716]LogScript: Warning: Script Msg: Attempted to access index 0 from array 'BP_Truba_Module_Forward' of length 0 in '/Game/Kirill/BP_landschaft.BP_landschaft_C'!
[2023.05.07-14.47.58:064][716]LogScript: Warning: Script Msg: Attempted to access index 0 from array 'BP_Truba_Module_Rychag' of length 0 in '/Game/Kirill/BP_landschaft.BP_landschaft_C'!
[2023.05.07-14.48.03:118][867]LogPhysics: Warning: Initialising Body : Scale3D is (nearly) zero: Component: '/Game/Kirill/UEDPIE_0_lvl_1.lvl_1:PersistentLevel.BP_Truba_Module_Rychag_V4_C_2.SM_Portal' 
[2023.05.07-14.48.04:163][899]LogScript: Warning: Script Msg: Attempted to access index 0 from array 'BP_Truba_Module_Forward' of length 0 in '/Game/Kirill/BP_landschaft.BP_landschaft_C'!
[2023.05.07-14.48.04:163][899]LogScript: Warning: Script Msg: Attempted to access index 0 from array 'BP_Truba_Module_Rychag' of length 0 in '/Game/Kirill/BP_landschaft.BP_landschaft_C'!
[2023.05.07-14.48.07:651][974]LogSlate: FSceneViewport::OnFocusLost() reason 0
[2023.05.07-14.48.07:867][974]LogBlueprintUserMessages: Early EndPlayMap Detection: Level '/Game/Kirill/lvl_1.lvl_1:PersistentLevel' has LevelScriptBlueprint '/Game/Kirill/lvl_1.lvl_1:PersistentLevel.lvl_1' with GeneratedClass '/Game/Kirill/lvl_1.lvl_1_C' with ClassGeneratedBy '/Game/Kirill/lvl_1.lvl_1:PersistentLevel.lvl_1'
[2023.05.07-14.48.07:867][974]LogSlate: Updating window title bar state: overlay mode, drag disabled, window buttons hidden, title bar hidden
[2023.05.07-14.48.07:868][974]LogWorld: BeginTearingDown for /Game/Kirill/UEDPIE_0_lvl_1
[2023.05.07-14.48.07:868][974]LogWorld: UWorld::CleanupWorld for lvl_1, bSessionEnded=true, bCleanupResources=true
[2023.05.07-14.48.07:879][974]LogPlayLevel: Display: Shutting down PIE online subsystems
[2023.05.07-14.48.07:880][974]LogBlueprintUserMessages: Late EndPlayMap Detection: Level '/Game/Kirill/lvl_1.lvl_1:PersistentLevel' has LevelScriptBlueprint '/Game/Kirill/lvl_1.lvl_1:PersistentLevel.lvl_1' with GeneratedClass '/Game/Kirill/lvl_1.lvl_1_C' with ClassGeneratedBy '/Game/Kirill/lvl_1.lvl_1:PersistentLevel.lvl_1'
[2023.05.07-14.48.07:943][974]LogSlate: Updating window title bar state: overlay mode, drag disabled, window buttons hidden, title bar hidden
[2023.05.07-14.48.07:950][974]LogUObjectHash: Compacting FUObjectHashTables data took   4.32ms
[2023.05.07-14.48.07:970][975]LogPlayLevel: Display: Destroying online subsystem :Context_17
[2023.05.07-14.48.44:095][965]LogWindowsTextInputMethodSystem: Display: IME system now deactivated.
[2023.05.07-14.48.44:095][965]LogWindowsTextInputMethodSystem: Display: IME system now deactivated.
[2023.05.07-14.48.51:993][200]LogWindowsTextInputMethodSystem: Display: IME system now deactivated.
[2023.05.07-14.48.51:993][200]LogWindowsTextInputMethodSystem: Display: IME system now deactivated.
[2023.05.07-14.50.07:790][307]BlueprintLog: New page: Compile BP_Truba_Module_Rychag
[2023.05.07-14.50.08:150][307]LogUObjectHash: Compacting FUObjectHashTables data took   5.94ms
[2023.05.07-14.50.23:895][603]BlueprintLog: New page: Compile BP_Truba_Module_Rychag
[2023.05.07-14.50.24:264][603]LogUObjectHash: Compacting FUObjectHashTables data took   6.73ms
[2023.05.07-14.50.38:741][909]BlueprintLog: New page: Compile BP_Truba_Module_Rychag
[2023.05.07-14.50.39:115][909]LogUObjectHash: Compacting FUObjectHashTables data took   7.37ms
[2023.05.07-14.50.40:402][928]LogSavePackage: Moving '../../../../../../build/JamRunner/Saved/BP_Truba_Module_RychagB37666894EDE36B8DD6255AFFB2E0143.tmp' to '../../../../../../build/JamRunner/Content/Kirill/Assets/Blueprints/Rychag/BP_Truba_Module_Rychag.uasset'
[2023.05.07-14.50.42:875][985]LogTemp: Repeating last play command: Selected Viewport
[2023.05.07-14.50.42:931][985]LogBlueprintUserMessages: Early PlayInEditor Detection: Level '/Game/Kirill/lvl_1.lvl_1:PersistentLevel' has LevelScriptBlueprint '/Game/Kirill/lvl_1.lvl_1:PersistentLevel.lvl_1' with GeneratedClass '/Game/Kirill/lvl_1.lvl_1_C' with ClassGeneratedBy '/Game/Kirill/lvl_1.lvl_1:PersistentLevel.lvl_1'
[2023.05.07-14.50.42:931][985]LogPlayLevel: PlayLevel: No blueprints needed recompiling
[2023.05.07-14.50.42:931][985]PIE: New page: PIE session: lvl_1 (7 мая 2023 г., 20:50:42)
[2023.05.07-14.50.42:932][985]LogPlayLevel: Creating play world package: /Game/Kirill/UEDPIE_0_lvl_1
[2023.05.07-14.50.42:940][985]LogPlayLevel: PIE: StaticDuplicateObject took: (0.007998s)
[2023.05.07-14.50.42:942][985]LogAIModule: Creating AISystem for world lvl_1
[2023.05.07-14.50.42:942][985]LogPlayLevel: PIE: World Init took: (0.001984s)
[2023.05.07-14.50.42:942][985]LogPlayLevel: PIE: Created PIE world by copying editor world from /Game/Kirill/lvl_1.lvl_1 to /Game/Kirill/UEDPIE_0_lvl_1.lvl_1 (0.010203s)
[2023.05.07-14.50.42:999][985]LogUObjectHash: Compacting FUObjectHashTables data took   6.35ms
[2023.05.07-14.50.43:007][985]LogInit: XAudio2 using 'Динамики (Realtek(R) Audio)' : 2 channels at 48 kHz using 16 bits per sample (channel mask 0x3)
[2023.05.07-14.50.43:075][985]LogInit: FAudioDevice initialized.
[2023.05.07-14.50.43:084][985]LogLoad: Game class is 'ThirdPersonGameMode_C'
[2023.05.07-14.50.43:089][985]LogWorld: Bringing World /Game/Kirill/UEDPIE_0_lvl_1.lvl_1 up for play (max tick rate 60) at 2023.05.07-17.50.43
[2023.05.07-14.50.43:089][985]LogWorld: Bringing up level for play took: 0.004278
[2023.05.07-14.50.43:089][985]LogOnline: OSS: Creating online subsystem instance for: :Context_18
[2023.05.07-14.50.43:092][985]LogPhysics: Warning: Initialising Body : Scale3D is (nearly) zero: Component: '/Game/Kirill/UEDPIE_0_lvl_1.lvl_1:PersistentLevel.BP_Truba_Module_Rychag_V4_C_0.SM_Portal' 
[2023.05.07-14.50.43:093][985]LogPhysics: Warning: Initialising Body : Scale3D is (nearly) zero: Component: '/Game/Kirill/UEDPIE_0_lvl_1.lvl_1:PersistentLevel.BP_Truba_Module_Rychag_V4_C_1.SM_Portal' 
[2023.05.07-14.50.43:097][985]LogBlueprintUserMessages: Warning: SetTimer passed a bad function (Function_Koef) or object (None)
[2023.05.07-14.50.43:097][985]PIE: Play in editor start time for /Game/Kirill/UEDPIE_0_lvl_1 -0,014
[2023.05.07-14.50.43:097][985]LogBlueprintUserMessages: Late PlayInEditor Detection: Level '/Game/Kirill/lvl_1.lvl_1:PersistentLevel' has LevelScriptBlueprint '/Game/Kirill/lvl_1.lvl_1:PersistentLevel.lvl_1' with GeneratedClass '/Game/Kirill/lvl_1.lvl_1_C' with ClassGeneratedBy '/Game/Kirill/lvl_1.lvl_1:PersistentLevel.lvl_1'
[2023.05.07-14.50.51:575][239]LogPhysics: Warning: Initialising Body : Scale3D is (nearly) zero: Component: '/Game/Kirill/UEDPIE_0_lvl_1.lvl_1:PersistentLevel.BP_Truba_Module_Rychag_V4_C_2.SM_Portal' 
[2023.05.07-14.50.51:576][239]LogPhysics: Warning: Initialising Body : Scale3D is (nearly) zero: Component: '/Game/Kirill/UEDPIE_0_lvl_1.lvl_1:PersistentLevel.BP_Truba_Module_Rychag_V4_C_3.SM_Portal' 
[2023.05.07-14.50.51:579][239]LogPhysics: Warning: Initialising Body : Scale3D is (nearly) zero: Component: '/Game/Kirill/UEDPIE_0_lvl_1.lvl_1:PersistentLevel.BP_truba_C_0.Box' 
[2023.05.07-14.50.55:664][362]LogMediaAssets: Error: Failed to validate media source green_lights (file://C:/Users/aleks/Downloads/green_lights.mp4)
[2023.05.07-14.50.57:696][423]LogBlueprintUserMessages: [BP_Truba_Module_Rychag_V4_C_0] Hello
[2023.05.07-14.50.57:729][424]LogNet: Browse: /Game/Kirill/lvl_2
[2023.05.07-14.50.57:729][424]LogLoad: LoadMap: /Game/Kirill/lvl_2
[2023.05.07-14.50.57:729][424]LogWorld: BeginTearingDown for /Game/Kirill/UEDPIE_0_lvl_1
[2023.05.07-14.50.57:730][424]LogWorld: UWorld::CleanupWorld for lvl_1, bSessionEnded=true, bCleanupResources=true
[2023.05.07-14.50.57:815][424]LogUObjectHash: Compacting FUObjectHashTables data took   4.73ms
[2023.05.07-14.50.57:876][424]LogAIModule: Creating AISystem for world lvl_2
[2023.05.07-14.50.57:876][424]LogLoad: Game class is 'ThirdPersonGameMode_C'
[2023.05.07-14.50.57:910][424]LogWorld: Bringing World /Game/Kirill/UEDPIE_0_lvl_2.lvl_2 up for play (max tick rate 60) at 2023.05.07-17.50.57
[2023.05.07-14.50.57:911][424]LogWorld: Bringing up level for play took: 0.033170
[2023.05.07-14.50.57:911][424]LogGameMode: FindPlayerStart: PATHS NOT DEFINED or NO PLAYERSTART with positive rating
[2023.05.07-14.50.57:914][424]LogLoad: Took 0.185059 seconds to LoadMap(/Game/Kirill/lvl_2)
[2023.05.07-14.50.59:158][462]Set new viewmode: Wireframe
[2023.05.07-14.51.04:019][608]Set new viewmode: Wireframe
[2023.05.07-14.51.04:386][619]Set new viewmode: Unlit
[2023.05.07-14.51.05:219][644]Set new viewmode: Lit
[2023.05.07-14.51.10:702][808]LogPhysics: Warning: Initialising Body : Scale3D is (nearly) zero: Component: '/Game/Kirill/UEDPIE_0_lvl_2.lvl_2:PersistentLevel.BP_Truba_Module_Rychag_V4_C_0.SM_Portal' 
[2023.05.07-14.51.10:704][808]LogPhysics: Warning: Initialising Body : Scale3D is (nearly) zero: Component: '/Game/Kirill/UEDPIE_0_lvl_2.lvl_2:PersistentLevel.BP_truba_C_0.Box' 
[2023.05.07-14.51.14:921][935]LogBlueprintUserMessages: Early EndPlayMap Detection: Level '/Game/Kirill/lvl_1.lvl_1:PersistentLevel' has LevelScriptBlueprint '/Game/Kirill/lvl_1.lvl_1:PersistentLevel.lvl_1' with GeneratedClass '/Game/Kirill/lvl_1.lvl_1_C' with ClassGeneratedBy '/Game/Kirill/lvl_1.lvl_1:PersistentLevel.lvl_1'
[2023.05.07-14.51.14:921][935]LogSlate: Updating window title bar state: overlay mode, drag disabled, window buttons hidden, title bar hidden
[2023.05.07-14.51.14:921][935]LogWorld: BeginTearingDown for /Game/Kirill/UEDPIE_0_lvl_2
[2023.05.07-14.51.14:922][935]LogWorld: UWorld::CleanupWorld for lvl_2, bSessionEnded=true, bCleanupResources=true
[2023.05.07-14.51.14:965][935]LogPlayLevel: Display: Shutting down PIE online subsystems
[2023.05.07-14.51.14:965][935]LogBlueprintUserMessages: Late EndPlayMap Detection: Level '/Game/Kirill/lvl_1.lvl_1:PersistentLevel' has LevelScriptBlueprint '/Game/Kirill/lvl_1.lvl_1:PersistentLevel.lvl_1' with GeneratedClass '/Game/Kirill/lvl_1.lvl_1_C' with ClassGeneratedBy '/Game/Kirill/lvl_1.lvl_1:PersistentLevel.lvl_1'
[2023.05.07-14.51.15:030][935]LogSlate: Updating window title bar state: overlay mode, drag disabled, window buttons hidden, title bar hidden
[2023.05.07-14.51.15:036][935]LogUObjectHash: Compacting FUObjectHashTables data took   4.71ms
[2023.05.07-14.51.15:063][936]LogPlayLevel: Display: Destroying online subsystem :Context_18
[2023.05.07-14.51.39:645][673]LogUObjectHash: Compacting FUObjectHashTables data took   1.52ms
